[ 2017-08-31T10:09:33+08:00 ] 127.0.0.1 /favicon.ico
INFO: [ app_init ] --START--
INFO: Run Behavior\BuildLiteBehavior [ RunTime:0.000020s ]
INFO: [ app_init ] --END-- [ RunTime:0.000705s ]
ERR: 无法加载模块:Favicon

[ 2017-08-31T10:09:33+08:00 ] 127.0.0.1 /favicon.ico
INFO: [ app_init ] --START--
INFO: Run Behavior\BuildLiteBehavior [ RunTime:0.000016s ]
INFO: [ app_init ] --END-- [ RunTime:0.000484s ]
ERR: 无法加载模块:Favicon

[ 2017-08-31T10:18:54+08:00 ] 127.0.0.1 /favicon.ico
INFO: [ app_init ] --START--
INFO: Run Behavior\BuildLiteBehavior [ RunTime:0.000018s ]
INFO: [ app_init ] --END-- [ RunTime:0.000666s ]
ERR: 无法加载模块:Favicon

[ 2017-08-31T10:29:02+08:00 ] 127.0.0.1 /favicon.ico
INFO: [ app_init ] --START--
INFO: Run Behavior\BuildLiteBehavior [ RunTime:0.000021s ]
INFO: [ app_init ] --END-- [ RunTime:0.000642s ]
ERR: 无法加载模块:Favicon

[ 2017-08-31T10:29:02+08:00 ] 127.0.0.1 /favicon.ico
INFO: [ app_init ] --START--
INFO: Run Behavior\BuildLiteBehavior [ RunTime:0.000023s ]
INFO: [ app_init ] --END-- [ RunTime:0.000756s ]
ERR: 无法加载模块:Favicon

[ 2017-08-31T10:41:57+08:00 ] 127.0.0.1 /favicon.ico
INFO: [ app_init ] --START--
INFO: Run Behavior\BuildLiteBehavior [ RunTime:0.000016s ]
INFO: [ app_init ] --END-- [ RunTime:0.000646s ]
ERR: 无法加载模块:Favicon

[ 2017-08-31T10:41:57+08:00 ] 127.0.0.1 /favicon.ico
INFO: [ app_init ] --START--
INFO: Run Behavior\BuildLiteBehavior [ RunTime:0.000016s ]
INFO: [ app_init ] --END-- [ RunTime:0.000555s ]
ERR: 无法加载模块:Favicon

[ 2017-08-31T10:44:14+08:00 ] 127.0.0.1 /case_list.html
INFO: [ app_init ] --START--
INFO: Run Behavior\BuildLiteBehavior [ RunTime:0.000020s ]
INFO: [ app_init ] --END-- [ RunTime:0.001562s ]
ERR: 无法加载模块:Case_list

[ 2017-08-31T14:26:28+08:00 ] 127.0.0.1 /index.php/Login/%E8%AF%B7%E4%B8%8D%E8%A6%81%E9%87%8D%E5%A4%8D%E7%99%BB%E5%BD%95.html
INFO: [ app_init ] --START--
INFO: Run Behavior\BuildLiteBehavior [ RunTime:0.000077s ]
INFO: [ app_init ] --END-- [ RunTime:0.001128s ]
ERR: 无法加载模块:Login

[ 2017-08-31T14:26:34+08:00 ] 127.0.0.1 /index.php/Login/%E8%AF%B7%E4%B8%8D%E8%A6%81%E9%87%8D%E5%A4%8D%E7%99%BB%E5%BD%95.html
INFO: [ app_init ] --START--
INFO: Run Behavior\BuildLiteBehavior [ RunTime:0.000016s ]
INFO: [ app_init ] --END-- [ RunTime:0.000572s ]
ERR: 无法加载模块:Login

[ 2017-08-31T14:26:34+08:00 ] 127.0.0.1 /index.php/Login/%E8%AF%B7%E4%B8%8D%E8%A6%81%E9%87%8D%E5%A4%8D%E7%99%BB%E5%BD%95.html
INFO: [ app_init ] --START--
INFO: Run Behavior\BuildLiteBehavior [ RunTime:0.000022s ]
INFO: [ app_init ] --END-- [ RunTime:0.000686s ]
ERR: 无法加载模块:Login

[ 2017-08-31T14:26:45+08:00 ] 127.0.0.1 /index.php/Login/%E8%AF%B7%E4%B8%8D%E8%A6%81%E9%87%8D%E5%A4%8D%E7%99%BB%E5%BD%95.html
INFO: [ app_init ] --START--
INFO: Run Behavior\BuildLiteBehavior [ RunTime:0.000019s ]
INFO: [ app_init ] --END-- [ RunTime:0.000637s ]
ERR: 无法加载模块:Login

[ 2017-08-31T14:27:05+08:00 ] 127.0.0.1 /index.php/Login/%E8%AF%B7%E4%B8%8D%E8%A6%81%E9%87%8D%E5%A4%8D%E7%99%BB%E5%BD%95.html
INFO: [ app_init ] --START--
INFO: Run Behavior\BuildLiteBehavior [ RunTime:0.000026s ]
INFO: [ app_init ] --END-- [ RunTime:0.000953s ]
ERR: 无法加载模块:Login

[ 2017-08-31T14:27:23+08:00 ] 127.0.0.1 /index.php/Login/%E8%AF%B7%E4%B8%8D%E8%A6%81%E9%87%8D%E5%A4%8D%E7%99%BB%E5%BD%95.html
INFO: [ app_init ] --START--
INFO: Run Behavior\BuildLiteBehavior [ RunTime:0.000019s ]
INFO: [ app_init ] --END-- [ RunTime:0.000663s ]
ERR: 无法加载模块:Login

[ 2017-08-31T14:27:23+08:00 ] 127.0.0.1 /index.php/Login/%E8%AF%B7%E4%B8%8D%E8%A6%81%E9%87%8D%E5%A4%8D%E7%99%BB%E5%BD%95.html
INFO: [ app_init ] --START--
INFO: Run Behavior\BuildLiteBehavior [ RunTime:0.000018s ]
INFO: [ app_init ] --END-- [ RunTime:0.000697s ]
ERR: 无法加载模块:Login

