[ 2017-09-03T09:07:51+08:00 ] 127.0.0.1 /
INFO: [ app_init ] --START--
INFO: Run Behavior\BuildLiteBehavior [ RunTime:0.000029s ]
INFO: [ app_init ] --END-- [ RunTime:0.001452s ]
INFO: [ app_begin ] --START--
INFO: Run Behavior\ReadHtmlCacheBehavior [ RunTime:0.003339s ]
INFO: [ app_begin ] --END-- [ RunTime:0.003616s ]
INFO: [ view_parse ] --START--
INFO: [ template_filter ] --START--
INFO: Run Behavior\ContentReplaceBehavior [ RunTime:0.000430s ]
INFO: [ template_filter ] --END-- [ RunTime:0.000526s ]
INFO: Run Behavior\ParseTemplateBehavior [ RunTime:0.089133s ]
INFO: [ view_parse ] --END-- [ RunTime:0.089227s ]
INFO: [ view_filter ] --START--
INFO: Run Behavior\WriteHtmlCacheBehavior [ RunTime:0.011697s ]
INFO: [ view_filter ] --END-- [ RunTime:0.011786s ]
INFO: [ app_end ] --START--
INFO: Run Behavior\ShowPageTraceBehavior [ RunTime:0.001424s ]
INFO: [ app_end ] --END-- [ RunTime:0.001531s ]

[ 2017-09-03T09:08:02+08:00 ] 127.0.0.1 /home/company/index
INFO: [ app_init ] --START--
INFO: Run Behavior\BuildLiteBehavior [ RunTime:0.000017s ]
INFO: [ app_init ] --END-- [ RunTime:0.000766s ]
INFO: [ app_begin ] --START--
INFO: Run Behavior\ReadHtmlCacheBehavior [ RunTime:0.000904s ]
INFO: [ app_begin ] --END-- [ RunTime:0.000978s ]
SQL: SHOW COLUMNS FROM `company` [ RunTime:0.0731s ]
NOTIC: [8] Undefined index: p D:\wamp\www\tp\project\Home\Controller\CompanyController.class.php 第 14 行.
SQL: SELECT company.id,`audit`,`banner`,`c_name`,`introduce`,`m_value`,`praise` FROM `company` INNER JOIN vcompany ON company.id = vcompany.gid INNER JOIN users ON company.uid = users.id  ORDER BY m_value desc,praise desc  [ RunTime:0.2448s ]
SQL: SELECT COUNT(*) AS tp_count FROM `company` INNER JOIN vcompany ON company.id = vcompany.gid INNER JOIN users ON company.uid = users.id  LIMIT 1   [ RunTime:0.0005s ]
INFO: [ view_parse ] --START--
INFO: [ template_filter ] --START--
INFO: Run Behavior\ContentReplaceBehavior [ RunTime:0.000136s ]
INFO: [ template_filter ] --END-- [ RunTime:0.000222s ]
INFO: Run Behavior\ParseTemplateBehavior [ RunTime:0.069006s ]
INFO: [ view_parse ] --END-- [ RunTime:0.069092s ]
INFO: [ view_filter ] --START--
INFO: Run Behavior\WriteHtmlCacheBehavior [ RunTime:0.000835s ]
INFO: [ view_filter ] --END-- [ RunTime:0.000940s ]
INFO: [ app_end ] --START--
INFO: Run Behavior\ShowPageTraceBehavior [ RunTime:0.001046s ]
INFO: [ app_end ] --END-- [ RunTime:0.001144s ]

[ 2017-09-03T09:08:24+08:00 ] 127.0.0.1 /home/company/detail?id=3
INFO: [ app_init ] --START--
INFO: Run Behavior\BuildLiteBehavior [ RunTime:0.000037s ]
INFO: [ app_init ] --END-- [ RunTime:0.000645s ]
INFO: [ app_begin ] --START--
INFO: Run Behavior\ReadHtmlCacheBehavior [ RunTime:0.000666s ]
INFO: [ app_begin ] --END-- [ RunTime:0.000744s ]
SQL: SHOW COLUMNS FROM `company` [ RunTime:0.0012s ]
SQL: SELECT * FROM `company` WHERE ( id=3 ) LIMIT 1   [ RunTime:0.0004s ]
SQL: SHOW COLUMNS FROM `vcompany` [ RunTime:0.0009s ]
SQL: SELECT * FROM `vcompany` WHERE ( gid=3 ) LIMIT 1   [ RunTime:0.0003s ]
SQL: SHOW COLUMNS FROM `b_case` [ RunTime:0.0641s ]
SQL: SELECT * FROM `b_case` WHERE ( gid=3 )  [ RunTime:0.0011s ]
INFO: [ view_parse ] --START--
INFO: [ template_filter ] --START--
INFO: Run Behavior\ContentReplaceBehavior [ RunTime:0.000302s ]
INFO: [ template_filter ] --END-- [ RunTime:0.000472s ]
INFO: Run Behavior\ParseTemplateBehavior [ RunTime:0.054190s ]
INFO: [ view_parse ] --END-- [ RunTime:0.054431s ]
INFO: [ view_filter ] --START--
INFO: Run Behavior\WriteHtmlCacheBehavior [ RunTime:0.001490s ]
INFO: [ view_filter ] --END-- [ RunTime:0.001672s ]
INFO: [ app_end ] --START--
INFO: Run Behavior\ShowPageTraceBehavior [ RunTime:0.001926s ]
INFO: [ app_end ] --END-- [ RunTime:0.002119s ]

[ 2017-09-03T09:09:11+08:00 ] 127.0.0.1 /
INFO: [ app_init ] --START--
INFO: Run Behavior\BuildLiteBehavior [ RunTime:0.000019s ]
INFO: [ app_init ] --END-- [ RunTime:0.000677s ]
INFO: [ app_begin ] --START--
INFO: Run Behavior\ReadHtmlCacheBehavior [ RunTime:0.000890s ]
INFO: [ app_begin ] --END-- [ RunTime:0.000976s ]
INFO: [ view_parse ] --START--
INFO: [ template_filter ] --START--
INFO: Run Behavior\ContentReplaceBehavior [ RunTime:0.000444s ]
INFO: [ template_filter ] --END-- [ RunTime:0.001736s ]
INFO: Run Behavior\ParseTemplateBehavior [ RunTime:0.020917s ]
INFO: [ view_parse ] --END-- [ RunTime:0.021213s ]
INFO: [ view_filter ] --START--
INFO: Run Behavior\WriteHtmlCacheBehavior [ RunTime:0.001052s ]
INFO: [ view_filter ] --END-- [ RunTime:0.001131s ]
INFO: [ app_end ] --START--
INFO: Run Behavior\ShowPageTraceBehavior [ RunTime:0.001077s ]
INFO: [ app_end ] --END-- [ RunTime:0.001176s ]

[ 2017-09-03T10:10:03+08:00 ] 127.0.0.1 /home/company/detail?id=3
INFO: [ app_init ] --START--
INFO: Run Behavior\BuildLiteBehavior [ RunTime:0.000040s ]
INFO: [ app_init ] --END-- [ RunTime:0.001071s ]
INFO: [ app_begin ] --START--
INFO: Run Behavior\ReadHtmlCacheBehavior [ RunTime:0.003019s ]
INFO: [ app_begin ] --END-- [ RunTime:0.003326s ]
SQL: SHOW COLUMNS FROM `company` [ RunTime:0.0055s ]
SQL: SELECT * FROM `company` WHERE ( id=3 ) LIMIT 1   [ RunTime:0.0023s ]
SQL: SHOW COLUMNS FROM `vcompany` [ RunTime:0.0025s ]
SQL: SELECT * FROM `vcompany` WHERE ( gid=3 ) LIMIT 1   [ RunTime:0.0003s ]
SQL: SHOW COLUMNS FROM `b_case` [ RunTime:0.0011s ]
SQL: SELECT * FROM `b_case` WHERE ( gid=3 )  [ RunTime:0.0002s ]
SQL: SHOW COLUMNS FROM `designer` [ RunTime:0.0008s ]
SQL: SELECT * FROM `designer` WHERE ( gid )  [ RunTime:0.0002s ]
INFO: [ view_parse ] --START--
INFO: [ template_filter ] --START--
INFO: Run Behavior\ContentReplaceBehavior [ RunTime:0.000125s ]
INFO: [ template_filter ] --END-- [ RunTime:0.000199s ]
INFO: Run Behavior\ParseTemplateBehavior [ RunTime:0.015858s ]
INFO: [ view_parse ] --END-- [ RunTime:0.015935s ]
INFO: [ view_filter ] --START--
INFO: Run Behavior\WriteHtmlCacheBehavior [ RunTime:0.000536s ]
INFO: [ view_filter ] --END-- [ RunTime:0.000607s ]
INFO: [ app_end ] --START--
INFO: Run Behavior\ShowPageTraceBehavior [ RunTime:0.000865s ]
INFO: [ app_end ] --END-- [ RunTime:0.000969s ]

[ 2017-09-03T10:10:24+08:00 ] 127.0.0.1 /home/company/detail?id=3
INFO: [ app_init ] --START--
INFO: Run Behavior\BuildLiteBehavior [ RunTime:0.000024s ]
INFO: [ app_init ] --END-- [ RunTime:0.001259s ]
INFO: [ app_begin ] --START--
INFO: Run Behavior\ReadHtmlCacheBehavior [ RunTime:0.001106s ]
INFO: [ app_begin ] --END-- [ RunTime:0.001227s ]
SQL: SHOW COLUMNS FROM `company` [ RunTime:0.0010s ]
SQL: SELECT * FROM `company` WHERE ( id=3 ) LIMIT 1   [ RunTime:0.0005s ]
SQL: SHOW COLUMNS FROM `vcompany` [ RunTime:0.0006s ]
SQL: SELECT * FROM `vcompany` WHERE ( gid=3 ) LIMIT 1   [ RunTime:0.0003s ]
SQL: SHOW COLUMNS FROM `b_case` [ RunTime:0.0012s ]
SQL: SELECT * FROM `b_case` WHERE ( gid=3 )  [ RunTime:0.0003s ]
SQL: SHOW COLUMNS FROM `designer` [ RunTime:0.0011s ]
SQL: SELECT * FROM `designer` WHERE ( gid=3 )  [ RunTime:0.0004s ]
INFO: [ view_parse ] --START--
INFO: [ template_filter ] --START--
INFO: Run Behavior\ContentReplaceBehavior [ RunTime:0.000129s ]
INFO: [ template_filter ] --END-- [ RunTime:0.000222s ]
INFO: Run Behavior\ParseTemplateBehavior [ RunTime:0.012572s ]
INFO: [ view_parse ] --END-- [ RunTime:0.012648s ]
INFO: [ view_filter ] --START--
INFO: Run Behavior\WriteHtmlCacheBehavior [ RunTime:0.000718s ]
INFO: [ view_filter ] --END-- [ RunTime:0.000811s ]
INFO: [ app_end ] --START--
INFO: Run Behavior\ShowPageTraceBehavior [ RunTime:0.001014s ]
INFO: [ app_end ] --END-- [ RunTime:0.001111s ]

[ 2017-09-03T10:10:35+08:00 ] 127.0.0.1 /home/company/detail?id=2
INFO: [ app_init ] --START--
INFO: Run Behavior\BuildLiteBehavior [ RunTime:0.000018s ]
INFO: [ app_init ] --END-- [ RunTime:0.000785s ]
INFO: [ app_begin ] --START--
INFO: Run Behavior\ReadHtmlCacheBehavior [ RunTime:0.000981s ]
INFO: [ app_begin ] --END-- [ RunTime:0.001058s ]
SQL: SHOW COLUMNS FROM `company` [ RunTime:0.0007s ]
SQL: SELECT * FROM `company` WHERE ( id=2 ) LIMIT 1   [ RunTime:0.0004s ]
SQL: SHOW COLUMNS FROM `vcompany` [ RunTime:0.0007s ]
SQL: SELECT * FROM `vcompany` WHERE ( gid=2 ) LIMIT 1   [ RunTime:0.0005s ]
SQL: SHOW COLUMNS FROM `b_case` [ RunTime:0.0007s ]
SQL: SELECT * FROM `b_case` WHERE ( gid=2 )  [ RunTime:0.0003s ]
SQL: SHOW COLUMNS FROM `designer` [ RunTime:0.0013s ]
SQL: SELECT * FROM `designer` WHERE ( gid=2 )  [ RunTime:0.0005s ]
INFO: [ view_parse ] --START--
INFO: [ template_filter ] --START--
INFO: Run Behavior\ContentReplaceBehavior [ RunTime:0.000162s ]
INFO: [ template_filter ] --END-- [ RunTime:0.000237s ]
INFO: Run Behavior\ParseTemplateBehavior [ RunTime:0.013106s ]
INFO: [ view_parse ] --END-- [ RunTime:0.013211s ]
INFO: [ view_filter ] --START--
INFO: Run Behavior\WriteHtmlCacheBehavior [ RunTime:0.000707s ]
INFO: [ view_filter ] --END-- [ RunTime:0.000780s ]
INFO: [ app_end ] --START--
INFO: Run Behavior\ShowPageTraceBehavior [ RunTime:0.000905s ]
INFO: [ app_end ] --END-- [ RunTime:0.000997s ]

[ 2017-09-03T10:11:29+08:00 ] 127.0.0.1 /home/company/detail?id=2
INFO: [ app_init ] --START--
INFO: Run Behavior\BuildLiteBehavior [ RunTime:0.000017s ]
INFO: [ app_init ] --END-- [ RunTime:0.000632s ]
INFO: [ app_begin ] --START--
INFO: Run Behavior\ReadHtmlCacheBehavior [ RunTime:0.000627s ]
INFO: [ app_begin ] --END-- [ RunTime:0.000716s ]
SQL: SHOW COLUMNS FROM `company` [ RunTime:0.0020s ]
SQL: SELECT * FROM `company` WHERE ( id=2 ) LIMIT 1   [ RunTime:0.0007s ]
SQL: SHOW COLUMNS FROM `vcompany` [ RunTime:0.0018s ]
SQL: SELECT * FROM `vcompany` WHERE ( gid=2 ) LIMIT 1   [ RunTime:0.0005s ]
SQL: SHOW COLUMNS FROM `b_case` [ RunTime:0.0015s ]
SQL: SELECT * FROM `b_case` WHERE ( gid=2 )  [ RunTime:0.0004s ]
SQL: SHOW COLUMNS FROM `designer` [ RunTime:0.0012s ]
SQL: SELECT * FROM `designer` INNER JOIN users ON users.id = designer.uid  WHERE ( gid=2 )  [ RunTime:0.0013s ]
INFO: [ view_parse ] --START--
INFO: [ template_filter ] --START--
INFO: Run Behavior\ContentReplaceBehavior [ RunTime:0.000128s ]
INFO: [ template_filter ] --END-- [ RunTime:0.000202s ]
INFO: Run Behavior\ParseTemplateBehavior [ RunTime:0.009981s ]
INFO: [ view_parse ] --END-- [ RunTime:0.010074s ]
INFO: [ view_filter ] --START--
INFO: Run Behavior\WriteHtmlCacheBehavior [ RunTime:0.000539s ]
INFO: [ view_filter ] --END-- [ RunTime:0.000613s ]
NOTIC: [2] Cannot modify header information - headers already sent by (output started at D:\wamp\www\tp\ThinkPHP\Common\functions.php:850) D:\wamp\www\tp\ThinkPHP\Library\Think\View.class.php 第 91 行.
NOTIC: [2] Cannot modify header information - headers already sent by (output started at D:\wamp\www\tp\ThinkPHP\Common\functions.php:850) D:\wamp\www\tp\ThinkPHP\Library\Think\View.class.php 第 92 行.
NOTIC: [2] Cannot modify header information - headers already sent by (output started at D:\wamp\www\tp\ThinkPHP\Common\functions.php:850) D:\wamp\www\tp\ThinkPHP\Library\Think\View.class.php 第 93 行.
INFO: [ app_end ] --START--
INFO: Run Behavior\ShowPageTraceBehavior [ RunTime:0.000773s ]
INFO: [ app_end ] --END-- [ RunTime:0.000856s ]

[ 2017-09-03T10:14:49+08:00 ] 127.0.0.1 /home/company/detail?id=2
INFO: [ app_init ] --START--
INFO: Run Behavior\BuildLiteBehavior [ RunTime:0.000019s ]
INFO: [ app_init ] --END-- [ RunTime:0.000705s ]
INFO: [ app_begin ] --START--
INFO: Run Behavior\ReadHtmlCacheBehavior [ RunTime:0.000835s ]
INFO: [ app_begin ] --END-- [ RunTime:0.000919s ]
SQL: SHOW COLUMNS FROM `company` [ RunTime:0.0012s ]
SQL: SELECT * FROM `company` WHERE ( id=2 ) LIMIT 1   [ RunTime:0.0004s ]
SQL: SHOW COLUMNS FROM `vcompany` [ RunTime:0.0011s ]
SQL: SELECT * FROM `vcompany` WHERE ( gid=2 ) LIMIT 1   [ RunTime:0.0003s ]
SQL: SHOW COLUMNS FROM `b_case` [ RunTime:0.0012s ]
SQL: SELECT * FROM `b_case` WHERE ( gid=2 )  [ RunTime:0.0004s ]
SQL: SHOW COLUMNS FROM `designer` [ RunTime:0.0008s ]
ERR: 1054:Unknown column 'user.id' in 'field list'
 [ SQL语句 ] : SELECT user.id,`truename`,`photo` FROM `designer` INNER JOIN users ON users.id = designer.uid  WHERE ( gid=2 ) 
ERR: 1054:Unknown column 'user.id' in 'field list'
 [ SQL语句 ] : SELECT user.id,`truename`,`photo` FROM `designer` INNER JOIN users ON users.id = designer.uid  WHERE ( gid=2 ) 

[ 2017-09-03T10:14:56+08:00 ] 127.0.0.1 /home/company/detail?id=2
INFO: [ app_init ] --START--
INFO: Run Behavior\BuildLiteBehavior [ RunTime:0.000018s ]
INFO: [ app_init ] --END-- [ RunTime:0.000578s ]
INFO: [ app_begin ] --START--
INFO: Run Behavior\ReadHtmlCacheBehavior [ RunTime:0.000647s ]
INFO: [ app_begin ] --END-- [ RunTime:0.000723s ]
SQL: SHOW COLUMNS FROM `company` [ RunTime:0.0012s ]
SQL: SELECT * FROM `company` WHERE ( id=2 ) LIMIT 1   [ RunTime:0.0004s ]
SQL: SHOW COLUMNS FROM `vcompany` [ RunTime:0.0011s ]
SQL: SELECT * FROM `vcompany` WHERE ( gid=2 ) LIMIT 1   [ RunTime:0.0004s ]
SQL: SHOW COLUMNS FROM `b_case` [ RunTime:0.0010s ]
SQL: SELECT * FROM `b_case` WHERE ( gid=2 )  [ RunTime:0.0003s ]
SQL: SHOW COLUMNS FROM `designer` [ RunTime:0.0005s ]
SQL: SELECT users.id,`truename`,`photo` FROM `designer` INNER JOIN users ON users.id = designer.uid  WHERE ( gid=2 )  [ RunTime:0.0004s ]
INFO: [ view_parse ] --START--
INFO: [ template_filter ] --START--
INFO: Run Behavior\ContentReplaceBehavior [ RunTime:0.000118s ]
INFO: [ template_filter ] --END-- [ RunTime:0.000189s ]
INFO: Run Behavior\ParseTemplateBehavior [ RunTime:0.010740s ]
INFO: [ view_parse ] --END-- [ RunTime:0.010839s ]
INFO: [ view_filter ] --START--
INFO: Run Behavior\WriteHtmlCacheBehavior [ RunTime:0.000604s ]
INFO: [ view_filter ] --END-- [ RunTime:0.000676s ]
INFO: [ app_end ] --START--
INFO: Run Behavior\ShowPageTraceBehavior [ RunTime:0.001150s ]
INFO: [ app_end ] --END-- [ RunTime:0.001242s ]

[ 2017-09-03T10:24:02+08:00 ] 127.0.0.1 /home/company/detail?id=2
INFO: [ app_init ] --START--
INFO: Run Behavior\BuildLiteBehavior [ RunTime:0.000016s ]
INFO: [ app_init ] --END-- [ RunTime:0.000613s ]
INFO: [ app_begin ] --START--
INFO: Run Behavior\ReadHtmlCacheBehavior [ RunTime:0.000821s ]
INFO: [ app_begin ] --END-- [ RunTime:0.000886s ]
SQL: SHOW COLUMNS FROM `company` [ RunTime:0.0008s ]
SQL: SELECT * FROM `company` WHERE ( id=2 ) LIMIT 1   [ RunTime:0.0004s ]
SQL: SHOW COLUMNS FROM `vcompany` [ RunTime:0.0009s ]
SQL: SELECT * FROM `vcompany` WHERE ( gid=2 ) LIMIT 1   [ RunTime:0.0003s ]
SQL: SHOW COLUMNS FROM `b_case` [ RunTime:0.0009s ]
SQL: SELECT * FROM `b_case` WHERE ( gid=2 )  [ RunTime:0.0004s ]
SQL: SHOW COLUMNS FROM `designer` [ RunTime:0.0006s ]
SQL: SELECT users.id,`truename`,`photo` FROM `designer` INNER JOIN users ON users.id = designer.uid  WHERE ( gid=2 )  [ RunTime:0.0003s ]
INFO: [ view_parse ] --START--
INFO: [ template_filter ] --START--
INFO: Run Behavior\ContentReplaceBehavior [ RunTime:0.000120s ]
INFO: [ template_filter ] --END-- [ RunTime:0.000193s ]
INFO: Run Behavior\ParseTemplateBehavior [ RunTime:0.011234s ]
INFO: [ view_parse ] --END-- [ RunTime:0.011324s ]
INFO: [ view_filter ] --START--
INFO: Run Behavior\WriteHtmlCacheBehavior [ RunTime:0.000612s ]
INFO: [ view_filter ] --END-- [ RunTime:0.000722s ]
INFO: [ app_end ] --START--
INFO: Run Behavior\ShowPageTraceBehavior [ RunTime:0.001139s ]
INFO: [ app_end ] --END-- [ RunTime:0.001211s ]

[ 2017-09-03T10:25:04+08:00 ] 127.0.0.1 /home/company/detail?id=2
INFO: [ app_init ] --START--
INFO: Run Behavior\BuildLiteBehavior [ RunTime:0.000015s ]
INFO: [ app_init ] --END-- [ RunTime:0.000604s ]
INFO: [ app_begin ] --START--
INFO: Run Behavior\ReadHtmlCacheBehavior [ RunTime:0.000640s ]
INFO: [ app_begin ] --END-- [ RunTime:0.000705s ]
SQL: SHOW COLUMNS FROM `company` [ RunTime:0.0006s ]
SQL: SELECT * FROM `company` WHERE ( id=2 ) LIMIT 1   [ RunTime:0.0003s ]
SQL: SHOW COLUMNS FROM `vcompany` [ RunTime:0.0008s ]
SQL: SELECT * FROM `vcompany` WHERE ( gid=2 ) LIMIT 1   [ RunTime:0.0003s ]
SQL: SHOW COLUMNS FROM `b_case` [ RunTime:0.0010s ]
SQL: SELECT * FROM `b_case` WHERE ( gid=2 )  [ RunTime:0.0003s ]
SQL: SHOW COLUMNS FROM `designer` [ RunTime:0.0006s ]
SQL: SELECT users.id,`truename`,`photo` FROM `designer` INNER JOIN users ON users.id = designer.uid  WHERE ( gid=2 ) LIMIT 5   [ RunTime:0.0004s ]
INFO: [ view_parse ] --START--
INFO: [ template_filter ] --START--
INFO: Run Behavior\ContentReplaceBehavior [ RunTime:0.000167s ]
INFO: [ template_filter ] --END-- [ RunTime:0.000251s ]
INFO: Run Behavior\ParseTemplateBehavior [ RunTime:0.009698s ]
INFO: [ view_parse ] --END-- [ RunTime:0.009777s ]
INFO: [ view_filter ] --START--
INFO: Run Behavior\WriteHtmlCacheBehavior [ RunTime:0.000504s ]
INFO: [ view_filter ] --END-- [ RunTime:0.000582s ]
INFO: [ app_end ] --START--
INFO: Run Behavior\ShowPageTraceBehavior [ RunTime:0.000978s ]
INFO: [ app_end ] --END-- [ RunTime:0.001074s ]

[ 2017-09-03T10:25:12+08:00 ] 127.0.0.1 /home/company/detail?id=2
INFO: [ app_init ] --START--
INFO: Run Behavior\BuildLiteBehavior [ RunTime:0.000018s ]
INFO: [ app_init ] --END-- [ RunTime:0.000644s ]
INFO: [ app_begin ] --START--
INFO: Run Behavior\ReadHtmlCacheBehavior [ RunTime:0.000988s ]
INFO: [ app_begin ] --END-- [ RunTime:0.001068s ]
SQL: SHOW COLUMNS FROM `company` [ RunTime:0.0008s ]
SQL: SELECT * FROM `company` WHERE ( id=2 ) LIMIT 1   [ RunTime:0.0004s ]
SQL: SHOW COLUMNS FROM `vcompany` [ RunTime:0.0013s ]
SQL: SELECT * FROM `vcompany` WHERE ( gid=2 ) LIMIT 1   [ RunTime:0.0004s ]
SQL: SHOW COLUMNS FROM `b_case` [ RunTime:0.0015s ]
SQL: SELECT * FROM `b_case` WHERE ( gid=2 )  [ RunTime:0.0004s ]
SQL: SHOW COLUMNS FROM `designer` [ RunTime:0.0006s ]
SQL: SELECT users.id,`truename`,`photo` FROM `designer` INNER JOIN users ON users.id = designer.uid  WHERE ( gid=2 )  [ RunTime:0.0004s ]
INFO: [ view_parse ] --START--
INFO: [ template_filter ] --START--
INFO: Run Behavior\ContentReplaceBehavior [ RunTime:0.000134s ]
INFO: [ template_filter ] --END-- [ RunTime:0.000222s ]
INFO: Run Behavior\ParseTemplateBehavior [ RunTime:0.011076s ]
INFO: [ view_parse ] --END-- [ RunTime:0.011170s ]
INFO: [ view_filter ] --START--
INFO: Run Behavior\WriteHtmlCacheBehavior [ RunTime:0.000613s ]
INFO: [ view_filter ] --END-- [ RunTime:0.000716s ]
INFO: [ app_end ] --START--
INFO: Run Behavior\ShowPageTraceBehavior [ RunTime:0.000881s ]
INFO: [ app_end ] --END-- [ RunTime:0.000981s ]

[ 2017-09-03T10:27:24+08:00 ] 127.0.0.1 /home/company/detail?id=2
INFO: [ app_init ] --START--
INFO: Run Behavior\BuildLiteBehavior [ RunTime:0.000019s ]
INFO: [ app_init ] --END-- [ RunTime:0.000960s ]
INFO: [ app_begin ] --START--
INFO: Run Behavior\ReadHtmlCacheBehavior [ RunTime:0.000894s ]
INFO: [ app_begin ] --END-- [ RunTime:0.000970s ]
SQL: SHOW COLUMNS FROM `company` [ RunTime:0.0008s ]
SQL: SELECT * FROM `company` WHERE ( id=2 ) LIMIT 1   [ RunTime:0.0005s ]
SQL: SHOW COLUMNS FROM `vcompany` [ RunTime:0.0009s ]
SQL: SELECT * FROM `vcompany` WHERE ( gid=2 ) LIMIT 1   [ RunTime:0.0003s ]
SQL: SHOW COLUMNS FROM `b_case` [ RunTime:0.0010s ]
SQL: SELECT * FROM `b_case` WHERE ( gid=2 )  [ RunTime:0.0003s ]
SQL: SHOW COLUMNS FROM `designer` [ RunTime:0.0005s ]
SQL: SELECT users.id,`truename`,`photo` FROM `designer` INNER JOIN users ON users.id = designer.uid  WHERE ( gid=2 ) LIMIT 5   [ RunTime:0.0004s ]
SQL: SELECT COUNT(*) AS tp_count FROM `designer` INNER JOIN users ON users.id = designer.uid  WHERE ( gid=2 ) LIMIT 1   [ RunTime:0.0003s ]
INFO: [ view_parse ] --START--
INFO: [ template_filter ] --START--
INFO: Run Behavior\ContentReplaceBehavior [ RunTime:0.000166s ]
INFO: [ template_filter ] --END-- [ RunTime:0.000246s ]
NOTIC: [8] Undefined variable: designer_count D:\wamp\www\tp\project\Runtime\Cache\Home\a50148dce1f15fdce8d7e93b7b2017cb.php 第 340 行.
INFO: Run Behavior\ParseTemplateBehavior [ RunTime:0.011807s ]
INFO: [ view_parse ] --END-- [ RunTime:0.011884s ]
INFO: [ view_filter ] --START--
INFO: Run Behavior\WriteHtmlCacheBehavior [ RunTime:0.000810s ]
INFO: [ view_filter ] --END-- [ RunTime:0.000889s ]
INFO: [ app_end ] --START--
INFO: Run Behavior\ShowPageTraceBehavior [ RunTime:0.000938s ]
INFO: [ app_end ] --END-- [ RunTime:0.001016s ]

[ 2017-09-03T10:27:38+08:00 ] 127.0.0.1 /home/company/detail?id=2
INFO: [ app_init ] --START--
INFO: Run Behavior\BuildLiteBehavior [ RunTime:0.000016s ]
INFO: [ app_init ] --END-- [ RunTime:0.000676s ]
INFO: [ app_begin ] --START--
INFO: Run Behavior\ReadHtmlCacheBehavior [ RunTime:0.001167s ]
INFO: [ app_begin ] --END-- [ RunTime:0.001364s ]
SQL: SHOW COLUMNS FROM `company` [ RunTime:0.0007s ]
SQL: SELECT * FROM `company` WHERE ( id=2 ) LIMIT 1   [ RunTime:0.0004s ]
SQL: SHOW COLUMNS FROM `vcompany` [ RunTime:0.0010s ]
SQL: SELECT * FROM `vcompany` WHERE ( gid=2 ) LIMIT 1   [ RunTime:0.0004s ]
SQL: SHOW COLUMNS FROM `b_case` [ RunTime:0.0013s ]
SQL: SELECT * FROM `b_case` WHERE ( gid=2 )  [ RunTime:0.0004s ]
SQL: SHOW COLUMNS FROM `designer` [ RunTime:0.0013s ]
SQL: SELECT users.id,`truename`,`photo` FROM `designer` INNER JOIN users ON users.id = designer.uid  WHERE ( gid=2 ) LIMIT 5   [ RunTime:0.0005s ]
SQL: SELECT COUNT(*) AS tp_count FROM `designer` INNER JOIN users ON users.id = designer.uid  WHERE ( gid=2 ) LIMIT 1   [ RunTime:0.0003s ]
INFO: [ view_parse ] --START--
INFO: [ template_filter ] --START--
INFO: Run Behavior\ContentReplaceBehavior [ RunTime:0.000132s ]
INFO: [ template_filter ] --END-- [ RunTime:0.000211s ]
INFO: Run Behavior\ParseTemplateBehavior [ RunTime:0.010943s ]
INFO: [ view_parse ] --END-- [ RunTime:0.011085s ]
INFO: [ view_filter ] --START--
INFO: Run Behavior\WriteHtmlCacheBehavior [ RunTime:0.000881s ]
INFO: [ view_filter ] --END-- [ RunTime:0.001016s ]
INFO: [ app_end ] --START--
INFO: Run Behavior\ShowPageTraceBehavior [ RunTime:0.000993s ]
INFO: [ app_end ] --END-- [ RunTime:0.001086s ]

[ 2017-09-03T10:29:18+08:00 ] 127.0.0.1 /home/company/detail?id=2
INFO: [ app_init ] --START--
INFO: Run Behavior\BuildLiteBehavior [ RunTime:0.000018s ]
INFO: [ app_init ] --END-- [ RunTime:0.000605s ]
INFO: [ app_begin ] --START--
INFO: Run Behavior\ReadHtmlCacheBehavior [ RunTime:0.001135s ]
INFO: [ app_begin ] --END-- [ RunTime:0.001217s ]
SQL: SHOW COLUMNS FROM `company` [ RunTime:0.0006s ]
SQL: SELECT * FROM `company` WHERE ( id=2 ) LIMIT 1   [ RunTime:0.0003s ]
SQL: SHOW COLUMNS FROM `vcompany` [ RunTime:0.0009s ]
SQL: SELECT * FROM `vcompany` WHERE ( gid=2 ) LIMIT 1   [ RunTime:0.0003s ]
SQL: SHOW COLUMNS FROM `b_case` [ RunTime:0.0010s ]
SQL: SELECT * FROM `b_case` WHERE ( gid=2 )  [ RunTime:0.0003s ]
SQL: SELECT COUNT(*) AS tp_count FROM `b_case` WHERE ( gid=2 ) LIMIT 1   [ RunTime:0.0002s ]
SQL: SHOW COLUMNS FROM `designer` [ RunTime:0.0005s ]
SQL: SELECT users.id,`truename`,`photo` FROM `designer` INNER JOIN users ON users.id = designer.uid  WHERE ( gid=2 ) LIMIT 5   [ RunTime:0.0005s ]
SQL: SELECT COUNT(*) AS tp_count FROM `designer` INNER JOIN users ON users.id = designer.uid  WHERE ( gid=2 ) LIMIT 1   [ RunTime:0.0005s ]
INFO: [ view_parse ] --START--
INFO: [ template_filter ] --START--
INFO: Run Behavior\ContentReplaceBehavior [ RunTime:0.000120s ]
INFO: [ template_filter ] --END-- [ RunTime:0.000193s ]
INFO: Run Behavior\ParseTemplateBehavior [ RunTime:0.009982s ]
INFO: [ view_parse ] --END-- [ RunTime:0.010057s ]
INFO: [ view_filter ] --START--
INFO: Run Behavior\WriteHtmlCacheBehavior [ RunTime:0.000603s ]
INFO: [ view_filter ] --END-- [ RunTime:0.000671s ]
INFO: [ app_end ] --START--
INFO: Run Behavior\ShowPageTraceBehavior [ RunTime:0.000881s ]
INFO: [ app_end ] --END-- [ RunTime:0.000951s ]

[ 2017-09-03T12:54:18+08:00 ] 127.0.0.1 /home/company/detail?id=2
INFO: [ app_init ] --START--
INFO: Run Behavior\BuildLiteBehavior [ RunTime:0.000017s ]
INFO: [ app_init ] --END-- [ RunTime:0.000807s ]
INFO: [ app_begin ] --START--
INFO: Run Behavior\ReadHtmlCacheBehavior [ RunTime:0.000798s ]
INFO: [ app_begin ] --END-- [ RunTime:0.000868s ]
SQL: SHOW COLUMNS FROM `company` [ RunTime:0.0018s ]
SQL: SELECT * FROM `company` WHERE ( id=2 ) LIMIT 1   [ RunTime:0.0006s ]
SQL: SHOW COLUMNS FROM `vcompany` [ RunTime:0.0044s ]
SQL: SELECT * FROM `vcompany` WHERE ( gid=2 ) LIMIT 1   [ RunTime:0.0003s ]
SQL: SHOW COLUMNS FROM `b_case` [ RunTime:0.0012s ]
SQL: SELECT * FROM `b_case` WHERE ( gid=2 )  [ RunTime:0.0003s ]
SQL: SELECT COUNT(*) AS tp_count FROM `b_case` WHERE ( gid=2 ) LIMIT 1   [ RunTime:0.0002s ]
SQL: SHOW COLUMNS FROM `designer` [ RunTime:0.0006s ]
SQL: SELECT users.id,`truename`,`photo` FROM `designer` INNER JOIN users ON users.id = designer.uid  WHERE ( gid=2 ) LIMIT 5   [ RunTime:0.0009s ]
SQL: SELECT COUNT(*) AS tp_count FROM `designer` INNER JOIN users ON users.id = designer.uid  WHERE ( gid=2 ) LIMIT 1   [ RunTime:0.0005s ]
INFO: [ view_parse ] --START--
INFO: [ template_filter ] --START--
INFO: Run Behavior\ContentReplaceBehavior [ RunTime:0.000118s ]
INFO: [ template_filter ] --END-- [ RunTime:0.000188s ]
INFO: Run Behavior\ParseTemplateBehavior [ RunTime:0.010609s ]
INFO: [ view_parse ] --END-- [ RunTime:0.010699s ]
INFO: [ view_filter ] --START--
INFO: Run Behavior\WriteHtmlCacheBehavior [ RunTime:0.000635s ]
INFO: [ view_filter ] --END-- [ RunTime:0.000713s ]
INFO: [ app_end ] --START--
INFO: Run Behavior\ShowPageTraceBehavior [ RunTime:0.000999s ]
INFO: [ app_end ] --END-- [ RunTime:0.001075s ]

[ 2017-09-03T14:07:53+08:00 ] 127.0.0.1 /index.php/
INFO: [ app_init ] --START--
INFO: Run Behavior\BuildLiteBehavior [ RunTime:0.000024s ]
INFO: [ app_init ] --END-- [ RunTime:0.001380s ]
INFO: [ app_begin ] --START--
INFO: Run Behavior\ReadHtmlCacheBehavior [ RunTime:0.001154s ]
INFO: [ app_begin ] --END-- [ RunTime:0.001323s ]
INFO: [ view_parse ] --START--
INFO: [ template_filter ] --START--
INFO: Run Behavior\ContentReplaceBehavior [ RunTime:0.000482s ]
INFO: [ template_filter ] --END-- [ RunTime:0.000568s ]
INFO: Run Behavior\ParseTemplateBehavior [ RunTime:0.017158s ]
INFO: [ view_parse ] --END-- [ RunTime:0.017254s ]
INFO: [ view_filter ] --START--
INFO: Run Behavior\WriteHtmlCacheBehavior [ RunTime:0.000685s ]
INFO: [ view_filter ] --END-- [ RunTime:0.000761s ]
INFO: [ app_end ] --START--
INFO: Run Behavior\ShowPageTraceBehavior [ RunTime:0.000961s ]
INFO: [ app_end ] --END-- [ RunTime:0.001035s ]

[ 2017-09-03T14:09:53+08:00 ] 127.0.0.1 /home/company/detail?id=2
INFO: [ app_init ] --START--
INFO: Run Behavior\BuildLiteBehavior [ RunTime:0.000017s ]
INFO: [ app_init ] --END-- [ RunTime:0.000550s ]
INFO: [ app_begin ] --START--
INFO: Run Behavior\ReadHtmlCacheBehavior [ RunTime:0.000577s ]
INFO: [ app_begin ] --END-- [ RunTime:0.000645s ]
SQL: SHOW COLUMNS FROM `company` [ RunTime:0.0017s ]
SQL: SELECT * FROM `company` WHERE ( id=2 ) LIMIT 1   [ RunTime:0.0006s ]
SQL: SHOW COLUMNS FROM `vcompany` [ RunTime:0.0014s ]
SQL: SELECT * FROM `vcompany` WHERE ( gid=2 ) LIMIT 1   [ RunTime:0.0003s ]
SQL: SHOW COLUMNS FROM `b_case` [ RunTime:0.0010s ]
SQL: SELECT * FROM `b_case` WHERE ( gid=2 )  [ RunTime:0.0004s ]
SQL: SELECT COUNT(*) AS tp_count FROM `b_case` WHERE ( gid=2 ) LIMIT 1   [ RunTime:0.0003s ]
SQL: SHOW COLUMNS FROM `designer` [ RunTime:0.0009s ]
SQL: SELECT users.id,`truename`,`photo` FROM `designer` INNER JOIN users ON users.id = designer.uid  WHERE ( gid=2 ) LIMIT 5   [ RunTime:0.0007s ]
SQL: SELECT COUNT(*) AS tp_count FROM `designer` INNER JOIN users ON users.id = designer.uid  WHERE ( gid=2 ) LIMIT 1   [ RunTime:0.0003s ]
INFO: [ view_parse ] --START--
INFO: [ template_filter ] --START--
INFO: Run Behavior\ContentReplaceBehavior [ RunTime:0.000153s ]
INFO: [ template_filter ] --END-- [ RunTime:0.000228s ]
INFO: Run Behavior\ParseTemplateBehavior [ RunTime:0.010651s ]
INFO: [ view_parse ] --END-- [ RunTime:0.010755s ]
INFO: [ view_filter ] --START--
INFO: Run Behavior\WriteHtmlCacheBehavior [ RunTime:0.000502s ]
INFO: [ view_filter ] --END-- [ RunTime:0.000586s ]
INFO: [ app_end ] --START--
INFO: Run Behavior\ShowPageTraceBehavior [ RunTime:0.000741s ]
INFO: [ app_end ] --END-- [ RunTime:0.000813s ]

[ 2017-09-03T15:58:43+08:00 ] 127.0.0.1 /home/company/detail?id=2
INFO: [ app_init ] --START--
INFO: Run Behavior\BuildLiteBehavior [ RunTime:0.000020s ]
INFO: [ app_init ] --END-- [ RunTime:0.000752s ]
INFO: [ app_begin ] --START--
INFO: Run Behavior\ReadHtmlCacheBehavior [ RunTime:0.001755s ]
INFO: [ app_begin ] --END-- [ RunTime:0.001912s ]
SQL: SHOW COLUMNS FROM `company` [ RunTime:0.0008s ]
SQL: SELECT * FROM `company` WHERE ( id=2 ) LIMIT 1   [ RunTime:0.0003s ]
SQL: SHOW COLUMNS FROM `vcompany` [ RunTime:0.0004s ]
SQL: SELECT * FROM `vcompany` WHERE ( gid=2 ) LIMIT 1   [ RunTime:0.0003s ]
SQL: SHOW COLUMNS FROM `b_case` [ RunTime:0.0005s ]
SQL: SELECT * FROM `b_case` WHERE ( gid=2 )  [ RunTime:0.0002s ]
SQL: SELECT COUNT(*) AS tp_count FROM `b_case` WHERE ( gid=2 ) LIMIT 1   [ RunTime:0.0003s ]
SQL: SHOW COLUMNS FROM `designer` [ RunTime:0.0007s ]
SQL: SELECT users.id,`truename`,`photo` FROM `designer` INNER JOIN users ON users.id = designer.uid  WHERE ( gid=2 ) LIMIT 5   [ RunTime:0.0004s ]
SQL: SELECT COUNT(*) AS tp_count FROM `designer` INNER JOIN users ON users.id = designer.uid  WHERE ( gid=2 ) LIMIT 1   [ RunTime:0.0003s ]
SQL: SHOW COLUMNS FROM `foreman` [ RunTime:0.0010s ]
SQL: SELECT * FROM `foreman` WHERE ( gid=2 )  [ RunTime:0.0003s ]
INFO: [ view_parse ] --START--
INFO: [ template_filter ] --START--
INFO: Run Behavior\ContentReplaceBehavior [ RunTime:0.000118s ]
INFO: [ template_filter ] --END-- [ RunTime:0.000186s ]
INFO: Run Behavior\ParseTemplateBehavior [ RunTime:0.010008s ]
INFO: [ view_parse ] --END-- [ RunTime:0.010082s ]
INFO: [ view_filter ] --START--
INFO: Run Behavior\WriteHtmlCacheBehavior [ RunTime:0.000666s ]
INFO: [ view_filter ] --END-- [ RunTime:0.000734s ]
INFO: [ app_end ] --START--
INFO: Run Behavior\ShowPageTraceBehavior [ RunTime:0.001287s ]
INFO: [ app_end ] --END-- [ RunTime:0.001401s ]

[ 2017-09-03T15:59:41+08:00 ] 127.0.0.1 /home/company/detail?id=2
INFO: [ app_init ] --START--
INFO: Run Behavior\BuildLiteBehavior [ RunTime:0.000018s ]
INFO: [ app_init ] --END-- [ RunTime:0.000739s ]
INFO: [ app_begin ] --START--
INFO: Run Behavior\ReadHtmlCacheBehavior [ RunTime:0.000700s ]
INFO: [ app_begin ] --END-- [ RunTime:0.000771s ]
SQL: SHOW COLUMNS FROM `company` [ RunTime:0.0008s ]
SQL: SELECT * FROM `company` WHERE ( id=2 ) LIMIT 1   [ RunTime:0.0004s ]
SQL: SHOW COLUMNS FROM `vcompany` [ RunTime:0.0005s ]
SQL: SELECT * FROM `vcompany` WHERE ( gid=2 ) LIMIT 1   [ RunTime:0.0002s ]
SQL: SHOW COLUMNS FROM `b_case` [ RunTime:0.0004s ]
SQL: SELECT * FROM `b_case` WHERE ( gid=2 )  [ RunTime:0.0002s ]
SQL: SELECT COUNT(*) AS tp_count FROM `b_case` WHERE ( gid=2 ) LIMIT 1   [ RunTime:0.0002s ]
SQL: SHOW COLUMNS FROM `designer` [ RunTime:0.0004s ]
SQL: SELECT users.id,`truename`,`photo` FROM `designer` INNER JOIN users ON users.id = designer.uid  WHERE ( gid=2 ) LIMIT 5   [ RunTime:0.0002s ]
SQL: SELECT COUNT(*) AS tp_count FROM `designer` INNER JOIN users ON users.id = designer.uid  WHERE ( gid=2 ) LIMIT 1   [ RunTime:0.0002s ]
SQL: SHOW COLUMNS FROM `foreman` [ RunTime:0.0005s ]
SQL: SELECT * FROM `foreman` WHERE ( gid=2 )  [ RunTime:0.0002s ]
INFO: [ view_parse ] --START--
INFO: [ template_filter ] --START--
INFO: Run Behavior\ContentReplaceBehavior [ RunTime:0.000145s ]
INFO: [ template_filter ] --END-- [ RunTime:0.000229s ]
INFO: Run Behavior\ParseTemplateBehavior [ RunTime:0.010237s ]
INFO: [ view_parse ] --END-- [ RunTime:0.010309s ]
INFO: [ view_filter ] --START--
INFO: Run Behavior\WriteHtmlCacheBehavior [ RunTime:0.000431s ]
INFO: [ view_filter ] --END-- [ RunTime:0.000494s ]
INFO: [ app_end ] --START--
INFO: Run Behavior\ShowPageTraceBehavior [ RunTime:0.000655s ]
INFO: [ app_end ] --END-- [ RunTime:0.000739s ]

[ 2017-09-03T16:00:15+08:00 ] 127.0.0.1 /home/company/detail?id=2
INFO: [ app_init ] --START--
INFO: Run Behavior\BuildLiteBehavior [ RunTime:0.000023s ]
INFO: [ app_init ] --END-- [ RunTime:0.000777s ]
INFO: [ app_begin ] --START--
INFO: Run Behavior\ReadHtmlCacheBehavior [ RunTime:0.000654s ]
INFO: [ app_begin ] --END-- [ RunTime:0.000738s ]
SQL: SHOW COLUMNS FROM `company` [ RunTime:0.0007s ]
SQL: SELECT * FROM `company` WHERE ( id=2 ) LIMIT 1   [ RunTime:0.0004s ]
SQL: SHOW COLUMNS FROM `vcompany` [ RunTime:0.0005s ]
SQL: SELECT * FROM `vcompany` WHERE ( gid=2 ) LIMIT 1   [ RunTime:0.0003s ]
SQL: SHOW COLUMNS FROM `b_case` [ RunTime:0.0005s ]
SQL: SELECT * FROM `b_case` WHERE ( gid=2 )  [ RunTime:0.0003s ]
SQL: SELECT COUNT(*) AS tp_count FROM `b_case` WHERE ( gid=2 ) LIMIT 1   [ RunTime:0.0002s ]
SQL: SHOW COLUMNS FROM `designer` [ RunTime:0.0005s ]
SQL: SELECT users.id,`truename`,`photo` FROM `designer` INNER JOIN users ON users.id = designer.uid  WHERE ( gid=2 ) LIMIT 5   [ RunTime:0.0004s ]
SQL: SELECT COUNT(*) AS tp_count FROM `designer` INNER JOIN users ON users.id = designer.uid  WHERE ( gid=2 ) LIMIT 1   [ RunTime:0.0003s ]
SQL: SHOW COLUMNS FROM `foreman` [ RunTime:0.0006s ]
SQL: SELECT * FROM `foreman` INNER JOIN users ON users.id = foreman.uid  WHERE ( gid=2 )  [ RunTime:0.0005s ]
INFO: [ view_parse ] --START--
INFO: [ template_filter ] --START--
INFO: Run Behavior\ContentReplaceBehavior [ RunTime:0.000123s ]
INFO: [ template_filter ] --END-- [ RunTime:0.000199s ]
INFO: Run Behavior\ParseTemplateBehavior [ RunTime:0.010717s ]
INFO: [ view_parse ] --END-- [ RunTime:0.010827s ]
INFO: [ view_filter ] --START--
INFO: Run Behavior\WriteHtmlCacheBehavior [ RunTime:0.000526s ]
INFO: [ view_filter ] --END-- [ RunTime:0.000597s ]
INFO: [ app_end ] --START--
INFO: Run Behavior\ShowPageTraceBehavior [ RunTime:0.000875s ]
INFO: [ app_end ] --END-- [ RunTime:0.000982s ]

[ 2017-09-03T16:00:54+08:00 ] 127.0.0.1 /home/company/detail?id=2
INFO: [ app_init ] --START--
INFO: Run Behavior\BuildLiteBehavior [ RunTime:0.000016s ]
INFO: [ app_init ] --END-- [ RunTime:0.000608s ]
INFO: [ app_begin ] --START--
INFO: Run Behavior\ReadHtmlCacheBehavior [ RunTime:0.000909s ]
INFO: [ app_begin ] --END-- [ RunTime:0.000982s ]
SQL: SHOW COLUMNS FROM `company` [ RunTime:0.0010s ]
SQL: SELECT * FROM `company` WHERE ( id=2 ) LIMIT 1   [ RunTime:0.0004s ]
SQL: SHOW COLUMNS FROM `vcompany` [ RunTime:0.0014s ]
SQL: SELECT * FROM `vcompany` WHERE ( gid=2 ) LIMIT 1   [ RunTime:0.0004s ]
SQL: SHOW COLUMNS FROM `b_case` [ RunTime:0.0014s ]
SQL: SELECT * FROM `b_case` WHERE ( gid=2 )  [ RunTime:0.0005s ]
SQL: SELECT COUNT(*) AS tp_count FROM `b_case` WHERE ( gid=2 ) LIMIT 1   [ RunTime:0.0004s ]
SQL: SHOW COLUMNS FROM `designer` [ RunTime:0.0019s ]
SQL: SELECT users.id,`truename`,`photo` FROM `designer` INNER JOIN users ON users.id = designer.uid  WHERE ( gid=2 ) LIMIT 5   [ RunTime:0.0004s ]
SQL: SELECT COUNT(*) AS tp_count FROM `designer` INNER JOIN users ON users.id = designer.uid  WHERE ( gid=2 ) LIMIT 1   [ RunTime:0.0004s ]
SQL: SHOW COLUMNS FROM `foreman` [ RunTime:0.0008s ]
SQL: SELECT users.id,`photo`,`truename` FROM `foreman` INNER JOIN users ON users.id = foreman.uid  WHERE ( gid=2 )  [ RunTime:0.0006s ]
INFO: [ view_parse ] --START--
INFO: [ template_filter ] --START--
INFO: Run Behavior\ContentReplaceBehavior [ RunTime:0.000179s ]
INFO: [ template_filter ] --END-- [ RunTime:0.000340s ]
INFO: Run Behavior\ParseTemplateBehavior [ RunTime:0.011990s ]
INFO: [ view_parse ] --END-- [ RunTime:0.012075s ]
INFO: [ view_filter ] --START--
INFO: Run Behavior\WriteHtmlCacheBehavior [ RunTime:0.000706s ]
INFO: [ view_filter ] --END-- [ RunTime:0.000814s ]
INFO: [ app_end ] --START--
INFO: Run Behavior\ShowPageTraceBehavior [ RunTime:0.000840s ]
INFO: [ app_end ] --END-- [ RunTime:0.000915s ]

[ 2017-09-03T16:03:34+08:00 ] 127.0.0.1 /home/company/detail?id=2
INFO: [ app_init ] --START--
INFO: Run Behavior\BuildLiteBehavior [ RunTime:0.000022s ]
INFO: [ app_init ] --END-- [ RunTime:0.000961s ]
INFO: [ app_begin ] --START--
INFO: Run Behavior\ReadHtmlCacheBehavior [ RunTime:0.001056s ]
INFO: [ app_begin ] --END-- [ RunTime:0.001138s ]
SQL: SHOW COLUMNS FROM `company` [ RunTime:0.0007s ]
SQL: SELECT * FROM `company` WHERE ( id=2 ) LIMIT 1   [ RunTime:0.0003s ]
SQL: SHOW COLUMNS FROM `vcompany` [ RunTime:0.0005s ]
SQL: SELECT * FROM `vcompany` WHERE ( gid=2 ) LIMIT 1   [ RunTime:0.0003s ]
SQL: SHOW COLUMNS FROM `b_case` [ RunTime:0.0006s ]
SQL: SELECT * FROM `b_case` WHERE ( gid=2 )  [ RunTime:0.0003s ]
SQL: SELECT COUNT(*) AS tp_count FROM `b_case` WHERE ( gid=2 ) LIMIT 1   [ RunTime:0.0004s ]
SQL: SHOW COLUMNS FROM `designer` [ RunTime:0.0007s ]
SQL: SELECT users.id,`truename`,`photo` FROM `designer` INNER JOIN users ON users.id = designer.uid  WHERE ( gid=2 ) LIMIT 5   [ RunTime:0.0005s ]
SQL: SELECT COUNT(*) AS tp_count FROM `designer` INNER JOIN users ON users.id = designer.uid  WHERE ( gid=2 ) LIMIT 1   [ RunTime:0.0003s ]
SQL: SHOW COLUMNS FROM `foreman` [ RunTime:0.0007s ]
SQL: SELECT users.id,`photo`,`truename` FROM `foreman` INNER JOIN users ON users.id = foreman.uid  WHERE ( gid=2 )  [ RunTime:0.0004s ]
ERR: Call to a member function join() on array

[ 2017-09-03T16:04:31+08:00 ] 127.0.0.1 /home/company/detail?id=2
INFO: [ app_init ] --START--
INFO: Run Behavior\BuildLiteBehavior [ RunTime:0.000016s ]
INFO: [ app_init ] --END-- [ RunTime:0.000762s ]
INFO: [ app_begin ] --START--
INFO: Run Behavior\ReadHtmlCacheBehavior [ RunTime:0.000834s ]
INFO: [ app_begin ] --END-- [ RunTime:0.000900s ]
SQL: SHOW COLUMNS FROM `company` [ RunTime:0.0009s ]
SQL: SELECT * FROM `company` WHERE ( id=2 ) LIMIT 1   [ RunTime:0.0004s ]
SQL: SHOW COLUMNS FROM `vcompany` [ RunTime:0.0009s ]
SQL: SELECT * FROM `vcompany` WHERE ( gid=2 ) LIMIT 1   [ RunTime:0.0002s ]
SQL: SHOW COLUMNS FROM `b_case` [ RunTime:0.0006s ]
SQL: SELECT * FROM `b_case` WHERE ( gid=2 )  [ RunTime:0.0004s ]
SQL: SELECT COUNT(*) AS tp_count FROM `b_case` WHERE ( gid=2 ) LIMIT 1   [ RunTime:0.0003s ]
SQL: SHOW COLUMNS FROM `designer` [ RunTime:0.0005s ]
SQL: SELECT users.id,`truename`,`photo` FROM `designer` INNER JOIN users ON users.id = designer.uid  WHERE ( gid=2 ) LIMIT 5   [ RunTime:0.0004s ]
SQL: SELECT COUNT(*) AS tp_count FROM `designer` INNER JOIN users ON users.id = designer.uid  WHERE ( gid=2 ) LIMIT 1   [ RunTime:0.0005s ]
SQL: SHOW COLUMNS FROM `foreman` [ RunTime:0.0007s ]
SQL: SELECT users.id,`photo`,`truename` FROM `foreman` INNER JOIN users ON users.id = foreman.uid  WHERE ( gid=2 )  [ RunTime:0.0004s ]

[ 2017-09-03T16:04:49+08:00 ] 127.0.0.1 /home/company/detail?id=2
INFO: [ app_init ] --START--
INFO: Run Behavior\BuildLiteBehavior [ RunTime:0.000017s ]
INFO: [ app_init ] --END-- [ RunTime:0.000633s ]
INFO: [ app_begin ] --START--
INFO: Run Behavior\ReadHtmlCacheBehavior [ RunTime:0.002294s ]
INFO: [ app_begin ] --END-- [ RunTime:0.002559s ]
SQL: SHOW COLUMNS FROM `company` [ RunTime:0.0007s ]
SQL: SELECT * FROM `company` WHERE ( id=2 ) LIMIT 1   [ RunTime:0.0004s ]
SQL: SHOW COLUMNS FROM `vcompany` [ RunTime:0.0012s ]
SQL: SELECT * FROM `vcompany` WHERE ( gid=2 ) LIMIT 1   [ RunTime:0.0003s ]
SQL: SHOW COLUMNS FROM `b_case` [ RunTime:0.0012s ]
SQL: SELECT * FROM `b_case` WHERE ( gid=2 )  [ RunTime:0.0003s ]
SQL: SELECT COUNT(*) AS tp_count FROM `b_case` WHERE ( gid=2 ) LIMIT 1   [ RunTime:0.0002s ]
SQL: SHOW COLUMNS FROM `designer` [ RunTime:0.0005s ]
SQL: SELECT users.id,`truename`,`photo` FROM `designer` INNER JOIN users ON users.id = designer.uid  WHERE ( gid=2 ) LIMIT 5   [ RunTime:0.0003s ]
SQL: SELECT COUNT(*) AS tp_count FROM `designer` INNER JOIN users ON users.id = designer.uid  WHERE ( gid=2 ) LIMIT 1   [ RunTime:0.0003s ]
SQL: SHOW COLUMNS FROM `foreman` [ RunTime:0.0005s ]
SQL: SELECT users.id,`photo`,`truename` FROM `foreman` INNER JOIN users ON users.id = foreman.uid  WHERE ( gid=2 )  [ RunTime:0.0004s ]
ERR: Call to a member function join() on array

[ 2017-09-03T16:04:51+08:00 ] 127.0.0.1 /home/company/detail?id=2
INFO: [ app_init ] --START--
INFO: Run Behavior\BuildLiteBehavior [ RunTime:0.000017s ]
INFO: [ app_init ] --END-- [ RunTime:0.000642s ]
INFO: [ app_begin ] --START--
INFO: Run Behavior\ReadHtmlCacheBehavior [ RunTime:0.001327s ]
INFO: [ app_begin ] --END-- [ RunTime:0.001406s ]
SQL: SHOW COLUMNS FROM `company` [ RunTime:0.0006s ]
SQL: SELECT * FROM `company` WHERE ( id=2 ) LIMIT 1   [ RunTime:0.0003s ]
SQL: SHOW COLUMNS FROM `vcompany` [ RunTime:0.0005s ]
SQL: SELECT * FROM `vcompany` WHERE ( gid=2 ) LIMIT 1   [ RunTime:0.0003s ]
SQL: SHOW COLUMNS FROM `b_case` [ RunTime:0.0005s ]
SQL: SELECT * FROM `b_case` WHERE ( gid=2 )  [ RunTime:0.0003s ]
SQL: SELECT COUNT(*) AS tp_count FROM `b_case` WHERE ( gid=2 ) LIMIT 1   [ RunTime:0.0003s ]
SQL: SHOW COLUMNS FROM `designer` [ RunTime:0.0005s ]
SQL: SELECT users.id,`truename`,`photo` FROM `designer` INNER JOIN users ON users.id = designer.uid  WHERE ( gid=2 ) LIMIT 5   [ RunTime:0.0003s ]
SQL: SELECT COUNT(*) AS tp_count FROM `designer` INNER JOIN users ON users.id = designer.uid  WHERE ( gid=2 ) LIMIT 1   [ RunTime:0.0004s ]
SQL: SHOW COLUMNS FROM `foreman` [ RunTime:0.0010s ]
SQL: SELECT users.id,`photo`,`truename` FROM `foreman` INNER JOIN users ON users.id = foreman.uid  WHERE ( gid=2 )  [ RunTime:0.0004s ]
ERR: Call to a member function join() on array

[ 2017-09-03T16:05:00+08:00 ] 127.0.0.1 /home/company/detail?id=2
INFO: [ app_init ] --START--
INFO: Run Behavior\BuildLiteBehavior [ RunTime:0.000017s ]
INFO: [ app_init ] --END-- [ RunTime:0.000639s ]
INFO: [ app_begin ] --START--
INFO: Run Behavior\ReadHtmlCacheBehavior [ RunTime:0.001008s ]
INFO: [ app_begin ] --END-- [ RunTime:0.001076s ]
SQL: SHOW COLUMNS FROM `company` [ RunTime:0.0006s ]
SQL: SELECT * FROM `company` WHERE ( id=2 ) LIMIT 1   [ RunTime:0.0003s ]
SQL: SHOW COLUMNS FROM `vcompany` [ RunTime:0.0005s ]
SQL: SELECT * FROM `vcompany` WHERE ( gid=2 ) LIMIT 1   [ RunTime:0.0002s ]
SQL: SHOW COLUMNS FROM `b_case` [ RunTime:0.0004s ]
SQL: SELECT * FROM `b_case` WHERE ( gid=2 )  [ RunTime:0.0003s ]
SQL: SELECT COUNT(*) AS tp_count FROM `b_case` WHERE ( gid=2 ) LIMIT 1   [ RunTime:0.0003s ]
SQL: SHOW COLUMNS FROM `designer` [ RunTime:0.0005s ]
SQL: SELECT users.id,`truename`,`photo` FROM `designer` INNER JOIN users ON users.id = designer.uid  WHERE ( gid=2 ) LIMIT 5   [ RunTime:0.0003s ]
SQL: SELECT COUNT(*) AS tp_count FROM `designer` INNER JOIN users ON users.id = designer.uid  WHERE ( gid=2 ) LIMIT 1   [ RunTime:0.0003s ]
SQL: SHOW COLUMNS FROM `foreman` [ RunTime:0.0006s ]
SQL: SELECT users.id,`photo`,`truename` FROM `foreman` INNER JOIN users ON users.id = foreman.uid  WHERE ( gid=2 )  [ RunTime:0.0006s ]
ERR: Call to a member function join() on array

[ 2017-09-03T16:05:08+08:00 ] 127.0.0.1 /home/company/detail?id=2
INFO: [ app_init ] --START--
INFO: Run Behavior\BuildLiteBehavior [ RunTime:0.000016s ]
INFO: [ app_init ] --END-- [ RunTime:0.000634s ]
INFO: [ app_begin ] --START--
INFO: Run Behavior\ReadHtmlCacheBehavior [ RunTime:0.000938s ]
INFO: [ app_begin ] --END-- [ RunTime:0.001012s ]
SQL: SHOW COLUMNS FROM `company` [ RunTime:0.0007s ]
SQL: SELECT * FROM `company` WHERE ( id=2 ) LIMIT 1   [ RunTime:0.0003s ]
SQL: SHOW COLUMNS FROM `vcompany` [ RunTime:0.0005s ]
SQL: SELECT * FROM `vcompany` WHERE ( gid=2 ) LIMIT 1   [ RunTime:0.0003s ]
SQL: SHOW COLUMNS FROM `b_case` [ RunTime:0.0006s ]
SQL: SELECT * FROM `b_case` WHERE ( gid=2 )  [ RunTime:0.0003s ]
SQL: SELECT COUNT(*) AS tp_count FROM `b_case` WHERE ( gid=2 ) LIMIT 1   [ RunTime:0.0002s ]
SQL: SHOW COLUMNS FROM `designer` [ RunTime:0.0005s ]
SQL: SELECT users.id,`truename`,`photo` FROM `designer` INNER JOIN users ON users.id = designer.uid  WHERE ( gid=2 ) LIMIT 5   [ RunTime:0.0003s ]
SQL: SELECT COUNT(*) AS tp_count FROM `designer` INNER JOIN users ON users.id = designer.uid  WHERE ( gid=2 ) LIMIT 1   [ RunTime:0.0003s ]
SQL: SHOW COLUMNS FROM `foreman` [ RunTime:0.0005s ]
SQL: SELECT users.id,`photo`,`truename` FROM `foreman` INNER JOIN users ON users.id = foreman.uid  WHERE ( gid=2 )  [ RunTime:0.0003s ]
ERR: Call to a member function join() on array

[ 2017-09-03T16:05:10+08:00 ] 127.0.0.1 /home/company/detail?id=2
INFO: [ app_init ] --START--
INFO: Run Behavior\BuildLiteBehavior [ RunTime:0.000018s ]
INFO: [ app_init ] --END-- [ RunTime:0.000915s ]
INFO: [ app_begin ] --START--
INFO: Run Behavior\ReadHtmlCacheBehavior [ RunTime:0.000813s ]
INFO: [ app_begin ] --END-- [ RunTime:0.000881s ]
SQL: SHOW COLUMNS FROM `company` [ RunTime:0.0007s ]
SQL: SELECT * FROM `company` WHERE ( id=2 ) LIMIT 1   [ RunTime:0.0004s ]
SQL: SHOW COLUMNS FROM `vcompany` [ RunTime:0.0005s ]
SQL: SELECT * FROM `vcompany` WHERE ( gid=2 ) LIMIT 1   [ RunTime:0.0003s ]
SQL: SHOW COLUMNS FROM `b_case` [ RunTime:0.0006s ]
SQL: SELECT * FROM `b_case` WHERE ( gid=2 )  [ RunTime:0.0003s ]
SQL: SELECT COUNT(*) AS tp_count FROM `b_case` WHERE ( gid=2 ) LIMIT 1   [ RunTime:0.0003s ]
SQL: SHOW COLUMNS FROM `designer` [ RunTime:0.0005s ]
SQL: SELECT users.id,`truename`,`photo` FROM `designer` INNER JOIN users ON users.id = designer.uid  WHERE ( gid=2 ) LIMIT 5   [ RunTime:0.0003s ]
SQL: SELECT COUNT(*) AS tp_count FROM `designer` INNER JOIN users ON users.id = designer.uid  WHERE ( gid=2 ) LIMIT 1   [ RunTime:0.0003s ]
SQL: SHOW COLUMNS FROM `foreman` [ RunTime:0.0006s ]
SQL: SELECT users.id,`photo`,`truename` FROM `foreman` INNER JOIN users ON users.id = foreman.uid  WHERE ( gid=2 )  [ RunTime:0.0003s ]
ERR: Call to a member function join() on array

[ 2017-09-03T16:07:07+08:00 ] 127.0.0.1 /home/company/detail?id=2
INFO: [ app_init ] --START--
INFO: Run Behavior\BuildLiteBehavior [ RunTime:0.000017s ]
INFO: [ app_init ] --END-- [ RunTime:0.000699s ]
INFO: [ app_begin ] --START--
INFO: Run Behavior\ReadHtmlCacheBehavior [ RunTime:0.001386s ]
INFO: [ app_begin ] --END-- [ RunTime:0.001507s ]
SQL: SHOW COLUMNS FROM `company` [ RunTime:0.0009s ]
SQL: SELECT * FROM `company` WHERE ( id=2 ) LIMIT 1   [ RunTime:0.0004s ]
SQL: SHOW COLUMNS FROM `vcompany` [ RunTime:0.0005s ]
SQL: SELECT * FROM `vcompany` WHERE ( gid=2 ) LIMIT 1   [ RunTime:0.0003s ]
SQL: SHOW COLUMNS FROM `b_case` [ RunTime:0.0005s ]
SQL: SELECT * FROM `b_case` WHERE ( gid=2 )  [ RunTime:0.0003s ]
SQL: SELECT COUNT(*) AS tp_count FROM `b_case` WHERE ( gid=2 ) LIMIT 1   [ RunTime:0.0003s ]
SQL: SHOW COLUMNS FROM `designer` [ RunTime:0.0005s ]
SQL: SELECT users.id,`truename`,`photo` FROM `designer` INNER JOIN users ON users.id = designer.uid  WHERE ( gid=2 ) LIMIT 5   [ RunTime:0.0003s ]
SQL: SELECT COUNT(*) AS tp_count FROM `designer` INNER JOIN users ON users.id = designer.uid  WHERE ( gid=2 ) LIMIT 1   [ RunTime:0.0003s ]
SQL: SHOW COLUMNS FROM `foreman` [ RunTime:0.0005s ]
SQL: SELECT users.id,`photo`,`truename` FROM `foreman` INNER JOIN users ON users.id = foreman.uid  WHERE ( gid=2 )  [ RunTime:0.0003s ]

[ 2017-09-03T16:07:13+08:00 ] 127.0.0.1 /home/company/detail?id=2
INFO: [ app_init ] --START--
INFO: Run Behavior\BuildLiteBehavior [ RunTime:0.000018s ]
INFO: [ app_init ] --END-- [ RunTime:0.000740s ]
INFO: [ app_begin ] --START--
INFO: Run Behavior\ReadHtmlCacheBehavior [ RunTime:0.000993s ]
INFO: [ app_begin ] --END-- [ RunTime:0.001081s ]
SQL: SHOW COLUMNS FROM `company` [ RunTime:0.0005s ]
SQL: SELECT * FROM `company` WHERE ( id=2 ) LIMIT 1   [ RunTime:0.0003s ]
SQL: SHOW COLUMNS FROM `vcompany` [ RunTime:0.0004s ]
SQL: SELECT * FROM `vcompany` WHERE ( gid=2 ) LIMIT 1   [ RunTime:0.0002s ]
SQL: SHOW COLUMNS FROM `b_case` [ RunTime:0.0004s ]
SQL: SELECT * FROM `b_case` WHERE ( gid=2 )  [ RunTime:0.0002s ]
SQL: SELECT COUNT(*) AS tp_count FROM `b_case` WHERE ( gid=2 ) LIMIT 1   [ RunTime:0.0003s ]
SQL: SHOW COLUMNS FROM `designer` [ RunTime:0.0005s ]
SQL: SELECT users.id,`truename`,`photo` FROM `designer` INNER JOIN users ON users.id = designer.uid  WHERE ( gid=2 ) LIMIT 5   [ RunTime:0.0004s ]
SQL: SELECT COUNT(*) AS tp_count FROM `designer` INNER JOIN users ON users.id = designer.uid  WHERE ( gid=2 ) LIMIT 1   [ RunTime:0.0017s ]
SQL: SHOW COLUMNS FROM `foreman` [ RunTime:0.0016s ]
SQL: SELECT users.id,`photo`,`truename` FROM `foreman` INNER JOIN users ON users.id = foreman.uid  WHERE ( gid=2 )  [ RunTime:0.0004s ]
INFO: [ view_parse ] --START--
INFO: [ template_filter ] --START--
INFO: Run Behavior\ContentReplaceBehavior [ RunTime:0.000125s ]
INFO: [ template_filter ] --END-- [ RunTime:0.000205s ]
INFO: Run Behavior\ParseTemplateBehavior [ RunTime:0.012535s ]
INFO: [ view_parse ] --END-- [ RunTime:0.012623s ]
INFO: [ view_filter ] --START--
INFO: Run Behavior\WriteHtmlCacheBehavior [ RunTime:0.000685s ]
INFO: [ view_filter ] --END-- [ RunTime:0.000751s ]
INFO: [ app_end ] --START--
INFO: Run Behavior\ShowPageTraceBehavior [ RunTime:0.000872s ]
INFO: [ app_end ] --END-- [ RunTime:0.000954s ]

[ 2017-09-03T16:07:25+08:00 ] 127.0.0.1 /home/company/detail?id=1
INFO: [ app_init ] --START--
INFO: Run Behavior\BuildLiteBehavior [ RunTime:0.000017s ]
INFO: [ app_init ] --END-- [ RunTime:0.000648s ]
INFO: [ app_begin ] --START--
INFO: Run Behavior\ReadHtmlCacheBehavior [ RunTime:0.000813s ]
INFO: [ app_begin ] --END-- [ RunTime:0.000881s ]
SQL: SHOW COLUMNS FROM `company` [ RunTime:0.0009s ]
SQL: SELECT * FROM `company` WHERE ( id=1 ) LIMIT 1   [ RunTime:0.0004s ]
SQL: SHOW COLUMNS FROM `vcompany` [ RunTime:0.0007s ]
SQL: SELECT * FROM `vcompany` WHERE ( gid=1 ) LIMIT 1   [ RunTime:0.0006s ]
SQL: SHOW COLUMNS FROM `b_case` [ RunTime:0.0007s ]
SQL: SELECT * FROM `b_case` WHERE ( gid=1 )  [ RunTime:0.0004s ]
SQL: SELECT COUNT(*) AS tp_count FROM `b_case` WHERE ( gid=1 ) LIMIT 1   [ RunTime:0.0004s ]
SQL: SHOW COLUMNS FROM `designer` [ RunTime:0.0006s ]
SQL: SELECT users.id,`truename`,`photo` FROM `designer` INNER JOIN users ON users.id = designer.uid  WHERE ( gid=1 ) LIMIT 5   [ RunTime:0.0004s ]
SQL: SELECT COUNT(*) AS tp_count FROM `designer` INNER JOIN users ON users.id = designer.uid  WHERE ( gid=1 ) LIMIT 1   [ RunTime:0.0003s ]
SQL: SHOW COLUMNS FROM `foreman` [ RunTime:0.0005s ]
SQL: SELECT users.id,`photo`,`truename` FROM `foreman` INNER JOIN users ON users.id = foreman.uid  WHERE ( gid=1 )  [ RunTime:0.0004s ]
INFO: [ view_parse ] --START--
INFO: [ template_filter ] --START--
INFO: Run Behavior\ContentReplaceBehavior [ RunTime:0.000128s ]
INFO: [ template_filter ] --END-- [ RunTime:0.000205s ]
INFO: Run Behavior\ParseTemplateBehavior [ RunTime:0.012084s ]
INFO: [ view_parse ] --END-- [ RunTime:0.012163s ]
INFO: [ view_filter ] --START--
INFO: Run Behavior\WriteHtmlCacheBehavior [ RunTime:0.000614s ]
INFO: [ view_filter ] --END-- [ RunTime:0.000684s ]
INFO: [ app_end ] --START--
INFO: Run Behavior\ShowPageTraceBehavior [ RunTime:0.000820s ]
INFO: [ app_end ] --END-- [ RunTime:0.000930s ]

