[ 2017-08-30T09:15:03+08:00 ] 127.0.0.1 /admin/index
INFO: [ app_init ] --START--
INFO: Run Behavior\BuildLiteBehavior [ RunTime:0.000017s ]
INFO: [ app_init ] --END-- [ RunTime:0.000872s ]
INFO: [ app_begin ] --START--
INFO: Run Behavior\ReadHtmlCacheBehavior [ RunTime:0.000926s ]
INFO: [ app_begin ] --END-- [ RunTime:0.001031s ]
INFO: [ view_parse ] --START--
INFO: [ template_filter ] --START--
INFO: Run Behavior\ContentReplaceBehavior [ RunTime:0.000159s ]
INFO: [ template_filter ] --END-- [ RunTime:0.000377s ]
INFO: Run Behavior\ParseTemplateBehavior [ RunTime:0.011624s ]
INFO: [ view_parse ] --END-- [ RunTime:0.011776s ]
INFO: [ view_filter ] --START--
INFO: Run Behavior\WriteHtmlCacheBehavior [ RunTime:0.001130s ]
INFO: [ view_filter ] --END-- [ RunTime:0.001258s ]

[ 2017-08-30T09:15:05+08:00 ] 127.0.0.1 /admin/login/index
INFO: [ app_init ] --START--
INFO: Run Behavior\BuildLiteBehavior [ RunTime:0.000018s ]
INFO: [ app_init ] --END-- [ RunTime:0.000666s ]
INFO: [ app_begin ] --START--
INFO: Run Behavior\ReadHtmlCacheBehavior [ RunTime:0.000656s ]
INFO: [ app_begin ] --END-- [ RunTime:0.000726s ]
INFO: [ view_parse ] --START--
INFO: [ template_filter ] --START--
INFO: Run Behavior\ContentReplaceBehavior [ RunTime:0.000060s ]
INFO: [ template_filter ] --END-- [ RunTime:0.000133s ]
INFO: Run Behavior\ParseTemplateBehavior [ RunTime:0.018985s ]
INFO: [ view_parse ] --END-- [ RunTime:0.019099s ]
INFO: [ view_filter ] --START--
INFO: Run Behavior\WriteHtmlCacheBehavior [ RunTime:0.000484s ]
INFO: [ view_filter ] --END-- [ RunTime:0.000551s ]
INFO: [ app_end ] --START--
INFO: Run Behavior\ShowPageTraceBehavior [ RunTime:0.000754s ]
INFO: [ app_end ] --END-- [ RunTime:0.000820s ]

[ 2017-08-30T09:15:05+08:00 ] 127.0.0.1 /admin/code/index.html
INFO: [ app_init ] --START--
INFO: Run Behavior\BuildLiteBehavior [ RunTime:0.000017s ]
INFO: [ app_init ] --END-- [ RunTime:0.000871s ]
INFO: [ app_begin ] --START--
INFO: Run Behavior\ReadHtmlCacheBehavior [ RunTime:0.001247s ]
INFO: [ app_begin ] --END-- [ RunTime:0.001345s ]
INFO: [ app_end ] --START--
INFO: Run Behavior\ShowPageTraceBehavior [ RunTime:0.004558s ]
INFO: [ app_end ] --END-- [ RunTime:0.004650s ]

[ 2017-08-30T09:15:29+08:00 ] 127.0.0.1 /admin/login/dologin
INFO: [ app_init ] --START--
INFO: Run Behavior\BuildLiteBehavior [ RunTime:0.000017s ]
INFO: [ app_init ] --END-- [ RunTime:0.000579s ]
INFO: [ app_begin ] --START--
INFO: Run Behavior\ReadHtmlCacheBehavior [ RunTime:0.000584s ]
INFO: [ app_begin ] --END-- [ RunTime:0.000651s ]
SQL: SHOW COLUMNS FROM `admin_user` [ RunTime:0.0275s ]
NOTIC: [8] Undefined index: validate D:\wamp\www\tp\ThinkPHP\Library\Think\Model.class.php 第 1185 行.
NOTIC: [8] Undefined index: auto D:\wamp\www\tp\ThinkPHP\Library\Think\Model.class.php 第 1128 行.
SQL: SELECT * FROM `admin_user` WHERE `name` = 'user' LIMIT 1   [ RunTime:0.0004s ]
INFO: [ view_parse ] --START--
INFO: [ template_filter ] --START--
INFO: Run Behavior\ContentReplaceBehavior [ RunTime:0.000039s ]
INFO: [ template_filter ] --END-- [ RunTime:0.000104s ]
INFO: Run Behavior\ParseTemplateBehavior [ RunTime:0.006748s ]
INFO: [ view_parse ] --END-- [ RunTime:0.006814s ]
INFO: [ view_filter ] --START--
INFO: Run Behavior\WriteHtmlCacheBehavior [ RunTime:0.000588s ]
INFO: [ view_filter ] --END-- [ RunTime:0.000649s ]
INFO: [ app_end ] --START--
INFO: Run Behavior\ShowPageTraceBehavior [ RunTime:0.000656s ]
INFO: [ app_end ] --END-- [ RunTime:0.000718s ]

[ 2017-08-30T09:15:30+08:00 ] 127.0.0.1 /admin/index
INFO: [ app_init ] --START--
INFO: Run Behavior\BuildLiteBehavior [ RunTime:0.000019s ]
INFO: [ app_init ] --END-- [ RunTime:0.001132s ]
INFO: [ app_begin ] --START--
INFO: Run Behavior\ReadHtmlCacheBehavior [ RunTime:0.000611s ]
INFO: [ app_begin ] --END-- [ RunTime:0.000678s ]
INFO: [ view_parse ] --START--
INFO: [ template_filter ] --START--
INFO: Run Behavior\ContentReplaceBehavior [ RunTime:0.000067s ]
INFO: [ template_filter ] --END-- [ RunTime:0.000134s ]
INFO: Run Behavior\ParseTemplateBehavior [ RunTime:0.007771s ]
INFO: [ view_parse ] --END-- [ RunTime:0.007836s ]
INFO: [ view_filter ] --START--
INFO: Run Behavior\WriteHtmlCacheBehavior [ RunTime:0.000471s ]
INFO: [ view_filter ] --END-- [ RunTime:0.000531s ]
INFO: [ app_end ] --START--
INFO: Run Behavior\ShowPageTraceBehavior [ RunTime:0.000746s ]
INFO: [ app_end ] --END-- [ RunTime:0.000840s ]

[ 2017-08-30T09:15:34+08:00 ] 127.0.0.1 /admin/company/index.html
INFO: [ app_init ] --START--
INFO: Run Behavior\BuildLiteBehavior [ RunTime:0.000019s ]
INFO: [ app_init ] --END-- [ RunTime:0.000787s ]
INFO: [ app_begin ] --START--
INFO: Run Behavior\ReadHtmlCacheBehavior [ RunTime:0.000795s ]
INFO: [ app_begin ] --END-- [ RunTime:0.000866s ]
SQL: SHOW COLUMNS FROM `users` [ RunTime:0.0797s ]
NOTIC: [8] Undefined index: p D:\wamp\www\tp\project\Admin\Controller\CompanyController.class.php 第 18 行.
NOTIC: [8] Undefined index: keywords D:\wamp\www\tp\project\Admin\Controller\CompanyController.class.php 第 23 行.
SQL: SELECT `uid`,`city`,`qq`,`c_phone`,`level`,`c_name`,`status`,`delete`,`audit`,`contacts` FROM `users` INNER JOIN company ON users.id = company.uid  WHERE `c_phone` LIKE '%%' AND `delete` = 1  [ RunTime:0.0202s ]
SQL: SELECT COUNT(*) AS tp_count FROM `users` INNER JOIN company ON users.id = company.uid  WHERE `c_phone` LIKE '%%' AND `delete` = 1 LIMIT 1   [ RunTime:0.0005s ]
INFO: [ view_parse ] --START--
INFO: [ template_filter ] --START--
INFO: Run Behavior\ContentReplaceBehavior [ RunTime:0.000086s ]
INFO: [ template_filter ] --END-- [ RunTime:0.000178s ]
NOTIC: [8] Undefined offset: 0 D:\wamp\www\tp\project\Runtime\Cache\Admin\efaba725a5674de24665f93be5f8cefa.php 第 171 行.
INFO: Run Behavior\ParseTemplateBehavior [ RunTime:0.057389s ]
INFO: [ view_parse ] --END-- [ RunTime:0.057474s ]
INFO: [ view_filter ] --START--
INFO: Run Behavior\WriteHtmlCacheBehavior [ RunTime:0.000762s ]
INFO: [ view_filter ] --END-- [ RunTime:0.000846s ]
INFO: [ app_end ] --START--
INFO: Run Behavior\ShowPageTraceBehavior [ RunTime:0.001037s ]
INFO: [ app_end ] --END-- [ RunTime:0.001132s ]

[ 2017-08-30T09:15:36+08:00 ] 127.0.0.1 /admin/company/add
INFO: [ app_init ] --START--
INFO: Run Behavior\BuildLiteBehavior [ RunTime:0.000014s ]
INFO: [ app_init ] --END-- [ RunTime:0.000604s ]
INFO: [ app_begin ] --START--
INFO: Run Behavior\ReadHtmlCacheBehavior [ RunTime:0.000803s ]
INFO: [ app_begin ] --END-- [ RunTime:0.000870s ]
INFO: [ view_parse ] --START--
INFO: [ template_filter ] --START--
INFO: Run Behavior\ContentReplaceBehavior [ RunTime:0.000082s ]
INFO: [ template_filter ] --END-- [ RunTime:0.000183s ]
INFO: Run Behavior\ParseTemplateBehavior [ RunTime:0.031613s ]
INFO: [ view_parse ] --END-- [ RunTime:0.031719s ]
INFO: [ view_filter ] --START--
INFO: Run Behavior\WriteHtmlCacheBehavior [ RunTime:0.000835s ]
INFO: [ view_filter ] --END-- [ RunTime:0.000923s ]
INFO: [ app_end ] --START--
INFO: Run Behavior\ShowPageTraceBehavior [ RunTime:0.001027s ]
INFO: [ app_end ] --END-- [ RunTime:0.001118s ]

[ 2017-08-30T09:16:11+08:00 ] 127.0.0.1 /admin/company/insert
INFO: [ app_init ] --START--
INFO: Run Behavior\BuildLiteBehavior [ RunTime:0.000017s ]
INFO: [ app_init ] --END-- [ RunTime:0.000596s ]
INFO: [ app_begin ] --START--
INFO: Run Behavior\ReadHtmlCacheBehavior [ RunTime:0.000610s ]
INFO: [ app_begin ] --END-- [ RunTime:0.000683s ]
NOTIC: [8] Use of undefined constant           - assumed '         ' D:\wamp\www\tp\project\Admin\Controller\CompanyController.class.php 第 95 行.
SQL: SHOW COLUMNS FROM `users` [ RunTime:0.0012s ]
NOTIC: [2] call_user_func_array() expects parameter 1 to be a valid callback, function 'checkPwd' not found or invalid function name D:\wamp\www\tp\ThinkPHP\Library\Think\Model.class.php 第 1279 行.
SQL: SELECT * FROM `users` WHERE `name` = '123123' LIMIT 1   [ RunTime:0.0006s ]
NOTIC: [8] Undefined index: auto D:\wamp\www\tp\ThinkPHP\Library\Think\Model.class.php 第 1128 行.
NOTIC: [2] call_user_func() expects parameter 1 to be a valid callback, no array or string given D:\wamp\www\tp\ThinkPHP\Library\Think\Upload.class.php 第 171 行.
NOTIC: [2] call_user_func() expects parameter 1 to be a valid callback, no array or string given D:\wamp\www\tp\ThinkPHP\Library\Think\Upload.class.php 第 171 行.
NOTIC: [2] call_user_func() expects parameter 1 to be a valid callback, no array or string given D:\wamp\www\tp\ThinkPHP\Library\Think\Upload.class.php 第 171 行.
SQL: INSERT INTO `users` (`name`,`password`,`city`,`regtime`,`type`) VALUES ('123123','274da997412973c08cf7e78724153f55','辽宁省,地级市,市、县级市','1504055771','2') [ RunTime:0.0005s ]
SQL: SHOW COLUMNS FROM `company` [ RunTime:0.0013s ]
SQL: INSERT INTO `company` (`banner`,`clogo`,`zlogo`,`contacts`,`introduce`,`qq`,`c_phone`,`tid`,`uid`,`c_name`) VALUES ('/company/2017-08-30/59a611dbced09.jpeg','/company/2017-08-30/59a611dbcf4f6.jpeg','/company/2017-08-30/59a611dbcfe45.jpeg','123123','12312','123123','13126991105','2','4','123') [ RunTime:0.0006s ]
INFO: [ view_parse ] --START--
INFO: [ template_filter ] --START--
INFO: Run Behavior\ContentReplaceBehavior [ RunTime:0.000040s ]
INFO: [ template_filter ] --END-- [ RunTime:0.000109s ]
INFO: Run Behavior\ParseTemplateBehavior [ RunTime:0.006738s ]
INFO: [ view_parse ] --END-- [ RunTime:0.006813s ]
INFO: [ view_filter ] --START--
INFO: Run Behavior\WriteHtmlCacheBehavior [ RunTime:0.000999s ]
INFO: [ view_filter ] --END-- [ RunTime:0.001063s ]
INFO: [ app_end ] --START--
INFO: Run Behavior\ShowPageTraceBehavior [ RunTime:0.001092s ]
INFO: [ app_end ] --END-- [ RunTime:0.001158s ]

[ 2017-08-30T09:16:12+08:00 ] 127.0.0.1 /admin/company/index
INFO: [ app_init ] --START--
INFO: Run Behavior\BuildLiteBehavior [ RunTime:0.000015s ]
INFO: [ app_init ] --END-- [ RunTime:0.000600s ]
INFO: [ app_begin ] --START--
INFO: Run Behavior\ReadHtmlCacheBehavior [ RunTime:0.000951s ]
INFO: [ app_begin ] --END-- [ RunTime:0.001022s ]
SQL: SHOW COLUMNS FROM `users` [ RunTime:0.0011s ]
NOTIC: [8] Undefined index: p D:\wamp\www\tp\project\Admin\Controller\CompanyController.class.php 第 18 行.
NOTIC: [8] Undefined index: keywords D:\wamp\www\tp\project\Admin\Controller\CompanyController.class.php 第 23 行.
SQL: SELECT `uid`,`city`,`qq`,`c_phone`,`level`,`c_name`,`status`,`delete`,`audit`,`contacts` FROM `users` INNER JOIN company ON users.id = company.uid  WHERE `c_phone` LIKE '%%' AND `delete` = 1  [ RunTime:0.0008s ]
SQL: SELECT COUNT(*) AS tp_count FROM `users` INNER JOIN company ON users.id = company.uid  WHERE `c_phone` LIKE '%%' AND `delete` = 1 LIMIT 1   [ RunTime:0.0003s ]
INFO: [ view_parse ] --START--
INFO: [ template_filter ] --START--
INFO: Run Behavior\ContentReplaceBehavior [ RunTime:0.000077s ]
INFO: [ template_filter ] --END-- [ RunTime:0.000137s ]
NOTIC: [8] Undefined offset: 0 D:\wamp\www\tp\project\Runtime\Cache\Admin\efaba725a5674de24665f93be5f8cefa.php 第 171 行.
INFO: Run Behavior\ParseTemplateBehavior [ RunTime:0.007318s ]
INFO: [ view_parse ] --END-- [ RunTime:0.007378s ]
INFO: [ view_filter ] --START--
INFO: Run Behavior\WriteHtmlCacheBehavior [ RunTime:0.000814s ]
INFO: [ view_filter ] --END-- [ RunTime:0.000872s ]
INFO: [ app_end ] --START--
INFO: Run Behavior\ShowPageTraceBehavior [ RunTime:0.001226s ]
INFO: [ app_end ] --END-- [ RunTime:0.001295s ]

[ 2017-08-30T09:16:19+08:00 ] 127.0.0.1 /admin/company/edit?id=3
INFO: [ app_init ] --START--
INFO: Run Behavior\BuildLiteBehavior [ RunTime:0.000015s ]
INFO: [ app_init ] --END-- [ RunTime:0.000568s ]
INFO: [ app_begin ] --START--
INFO: Run Behavior\ReadHtmlCacheBehavior [ RunTime:0.000601s ]
INFO: [ app_begin ] --END-- [ RunTime:0.000667s ]
SQL: SHOW COLUMNS FROM `users` [ RunTime:0.0011s ]
SQL: SELECT `uid`,`name`,`introduce`,`level`,`qq`,`c_phone`,`level`,`c_name`,`audit`,`contacts`,`status` FROM `users` INNER JOIN company ON users.id = company.uid  WHERE ( uid=3 ) LIMIT 1   [ RunTime:0.0007s ]
INFO: [ view_parse ] --START--
INFO: [ template_filter ] --START--
INFO: Run Behavior\ContentReplaceBehavior [ RunTime:0.000077s ]
INFO: [ template_filter ] --END-- [ RunTime:0.000169s ]
INFO: Run Behavior\ParseTemplateBehavior [ RunTime:0.032938s ]
INFO: [ view_parse ] --END-- [ RunTime:0.033035s ]
INFO: [ view_filter ] --START--
INFO: Run Behavior\WriteHtmlCacheBehavior [ RunTime:0.000552s ]
INFO: [ view_filter ] --END-- [ RunTime:0.000647s ]
INFO: [ app_end ] --START--
INFO: Run Behavior\ShowPageTraceBehavior [ RunTime:0.000737s ]
INFO: [ app_end ] --END-- [ RunTime:0.000814s ]

[ 2017-08-30T09:16:23+08:00 ] 127.0.0.1 /admin/company/staindex.html
INFO: [ app_init ] --START--
INFO: Run Behavior\BuildLiteBehavior [ RunTime:0.000018s ]
INFO: [ app_init ] --END-- [ RunTime:0.001092s ]
INFO: [ app_begin ] --START--
INFO: Run Behavior\ReadHtmlCacheBehavior [ RunTime:0.000602s ]
INFO: [ app_begin ] --END-- [ RunTime:0.000669s ]
SQL: SHOW COLUMNS FROM `users` [ RunTime:0.0010s ]
NOTIC: [8] Undefined index: p D:\wamp\www\tp\project\Admin\Controller\CompanyController.class.php 第 292 行.
NOTIC: [8] Undefined index: keywords D:\wamp\www\tp\project\Admin\Controller\CompanyController.class.php 第 297 行.
SQL: SELECT `uid`,`city`,`qq`,`c_phone`,`level`,`c_name`,`status`,`delete`,`audit`,`contacts` FROM `users` INNER JOIN company ON users.id = company.uid  WHERE `c_phone` LIKE '%%' AND `delete` = 1 AND ( audit=1 )  [ RunTime:0.0007s ]
SQL: SELECT COUNT(*) AS tp_count FROM `users` INNER JOIN company ON users.id = company.uid  WHERE `c_phone` LIKE '%%' AND `delete` = 1 AND ( audit=1 ) LIMIT 1   [ RunTime:0.0004s ]
INFO: [ view_parse ] --START--
INFO: [ template_filter ] --START--
INFO: Run Behavior\ContentReplaceBehavior [ RunTime:0.000068s ]
INFO: [ template_filter ] --END-- [ RunTime:0.000143s ]
INFO: Run Behavior\ParseTemplateBehavior [ RunTime:0.067583s ]
INFO: [ view_parse ] --END-- [ RunTime:0.067702s ]
INFO: [ view_filter ] --START--
INFO: Run Behavior\WriteHtmlCacheBehavior [ RunTime:0.000565s ]
INFO: [ view_filter ] --END-- [ RunTime:0.000674s ]
INFO: [ app_end ] --START--
INFO: Run Behavior\ShowPageTraceBehavior [ RunTime:0.000779s ]
INFO: [ app_end ] --END-- [ RunTime:0.000870s ]

[ 2017-08-30T09:16:29+08:00 ] 127.0.0.1 /admin/company/index.html
INFO: [ app_init ] --START--
INFO: Run Behavior\BuildLiteBehavior [ RunTime:0.000016s ]
INFO: [ app_init ] --END-- [ RunTime:0.000636s ]
INFO: [ app_begin ] --START--
INFO: Run Behavior\ReadHtmlCacheBehavior [ RunTime:0.001441s ]
INFO: [ app_begin ] --END-- [ RunTime:0.001543s ]
SQL: SHOW COLUMNS FROM `users` [ RunTime:0.0011s ]
NOTIC: [8] Undefined index: p D:\wamp\www\tp\project\Admin\Controller\CompanyController.class.php 第 18 行.
NOTIC: [8] Undefined index: keywords D:\wamp\www\tp\project\Admin\Controller\CompanyController.class.php 第 23 行.
SQL: SELECT `uid`,`city`,`qq`,`c_phone`,`level`,`c_name`,`status`,`delete`,`audit`,`contacts` FROM `users` INNER JOIN company ON users.id = company.uid  WHERE `c_phone` LIKE '%%' AND `delete` = 1  [ RunTime:0.0008s ]
SQL: SELECT COUNT(*) AS tp_count FROM `users` INNER JOIN company ON users.id = company.uid  WHERE `c_phone` LIKE '%%' AND `delete` = 1 LIMIT 1   [ RunTime:0.0004s ]
INFO: [ view_parse ] --START--
INFO: [ template_filter ] --START--
INFO: Run Behavior\ContentReplaceBehavior [ RunTime:0.000057s ]
INFO: [ template_filter ] --END-- [ RunTime:0.000121s ]
NOTIC: [8] Undefined offset: 0 D:\wamp\www\tp\project\Runtime\Cache\Admin\efaba725a5674de24665f93be5f8cefa.php 第 171 行.
INFO: Run Behavior\ParseTemplateBehavior [ RunTime:0.007470s ]
INFO: [ view_parse ] --END-- [ RunTime:0.007539s ]
INFO: [ view_filter ] --START--
INFO: Run Behavior\WriteHtmlCacheBehavior [ RunTime:0.000814s ]
INFO: [ view_filter ] --END-- [ RunTime:0.000878s ]
INFO: [ app_end ] --START--
INFO: Run Behavior\ShowPageTraceBehavior [ RunTime:0.001235s ]
INFO: [ app_end ] --END-- [ RunTime:0.001326s ]

[ 2017-08-30T09:16:33+08:00 ] 127.0.0.1 /admin/company/staindex.html
INFO: [ app_init ] --START--
INFO: Run Behavior\BuildLiteBehavior [ RunTime:0.000016s ]
INFO: [ app_init ] --END-- [ RunTime:0.000638s ]
INFO: [ app_begin ] --START--
INFO: Run Behavior\ReadHtmlCacheBehavior [ RunTime:0.000964s ]
INFO: [ app_begin ] --END-- [ RunTime:0.001054s ]
SQL: SHOW COLUMNS FROM `users` [ RunTime:0.0011s ]
NOTIC: [8] Undefined index: p D:\wamp\www\tp\project\Admin\Controller\CompanyController.class.php 第 292 行.
NOTIC: [8] Undefined index: keywords D:\wamp\www\tp\project\Admin\Controller\CompanyController.class.php 第 297 行.
SQL: SELECT `uid`,`city`,`qq`,`c_phone`,`level`,`c_name`,`status`,`delete`,`audit`,`contacts` FROM `users` INNER JOIN company ON users.id = company.uid  WHERE `c_phone` LIKE '%%' AND `delete` = 1 AND ( audit=1 )  [ RunTime:0.0009s ]
SQL: SELECT COUNT(*) AS tp_count FROM `users` INNER JOIN company ON users.id = company.uid  WHERE `c_phone` LIKE '%%' AND `delete` = 1 AND ( audit=1 ) LIMIT 1   [ RunTime:0.0004s ]
INFO: [ view_parse ] --START--
INFO: [ template_filter ] --START--
INFO: Run Behavior\ContentReplaceBehavior [ RunTime:0.000062s ]
INFO: [ template_filter ] --END-- [ RunTime:0.000128s ]
INFO: Run Behavior\ParseTemplateBehavior [ RunTime:0.007377s ]
INFO: [ view_parse ] --END-- [ RunTime:0.007459s ]
INFO: [ view_filter ] --START--
INFO: Run Behavior\WriteHtmlCacheBehavior [ RunTime:0.000843s ]
INFO: [ view_filter ] --END-- [ RunTime:0.000917s ]
INFO: [ app_end ] --START--
INFO: Run Behavior\ShowPageTraceBehavior [ RunTime:0.001314s ]
INFO: [ app_end ] --END-- [ RunTime:0.001425s ]

[ 2017-08-30T09:19:03+08:00 ] 127.0.0.1 /admin/examine/index.html
INFO: [ app_init ] --START--
INFO: Run Behavior\BuildLiteBehavior [ RunTime:0.000018s ]
INFO: [ app_init ] --END-- [ RunTime:0.000636s ]
INFO: [ app_begin ] --START--
INFO: Run Behavior\ReadHtmlCacheBehavior [ RunTime:0.000786s ]
INFO: [ app_begin ] --END-- [ RunTime:0.000854s ]
SQL: SHOW COLUMNS FROM `users` [ RunTime:0.0012s ]
NOTIC: [8] Undefined index: p D:\wamp\www\tp\project\Admin\Controller\ExamineController.class.php 第 17 行.
NOTIC: [8] Undefined index: keywords D:\wamp\www\tp\project\Admin\Controller\ExamineController.class.php 第 22 行.
SQL: SELECT `type`,`uid`,`e_name`,`number`,`e_phone`,`ltime`,`ttime`,`e_photo`,`audit` FROM `users` INNER JOIN examine ON users.id = examine.uid  WHERE `e_phone` LIKE '%%' AND ( audit=2 )  [ RunTime:0.1015s ]
SQL: SELECT COUNT(*) AS tp_count FROM `users` INNER JOIN examine ON users.id = examine.uid  WHERE `e_phone` LIKE '%%' AND ( audit=2 ) LIMIT 1   [ RunTime:0.0003s ]
INFO: [ view_parse ] --START--
INFO: [ template_filter ] --START--
INFO: Run Behavior\ContentReplaceBehavior [ RunTime:0.000073s ]
INFO: [ template_filter ] --END-- [ RunTime:0.000141s ]
INFO: Run Behavior\ParseTemplateBehavior [ RunTime:0.009016s ]
INFO: [ view_parse ] --END-- [ RunTime:0.009139s ]
INFO: [ view_filter ] --START--
INFO: Run Behavior\WriteHtmlCacheBehavior [ RunTime:0.000785s ]
INFO: [ view_filter ] --END-- [ RunTime:0.000900s ]
INFO: [ app_end ] --START--
INFO: Run Behavior\ShowPageTraceBehavior [ RunTime:0.000768s ]
INFO: [ app_end ] --END-- [ RunTime:0.000830s ]

[ 2017-08-30T09:19:09+08:00 ] 127.0.0.1 /admin/company/staindex.html
INFO: [ app_init ] --START--
INFO: Run Behavior\BuildLiteBehavior [ RunTime:0.000016s ]
INFO: [ app_init ] --END-- [ RunTime:0.000607s ]
INFO: [ app_begin ] --START--
INFO: Run Behavior\ReadHtmlCacheBehavior [ RunTime:0.000743s ]
INFO: [ app_begin ] --END-- [ RunTime:0.000817s ]
SQL: SHOW COLUMNS FROM `users` [ RunTime:0.0010s ]
NOTIC: [8] Undefined index: p D:\wamp\www\tp\project\Admin\Controller\CompanyController.class.php 第 292 行.
NOTIC: [8] Undefined index: keywords D:\wamp\www\tp\project\Admin\Controller\CompanyController.class.php 第 297 行.
SQL: SELECT `uid`,`city`,`qq`,`c_phone`,`level`,`c_name`,`status`,`delete`,`audit`,`contacts` FROM `users` INNER JOIN company ON users.id = company.uid  WHERE `c_phone` LIKE '%%' AND `delete` = 1 AND ( audit=1 )  [ RunTime:0.0009s ]
SQL: SELECT COUNT(*) AS tp_count FROM `users` INNER JOIN company ON users.id = company.uid  WHERE `c_phone` LIKE '%%' AND `delete` = 1 AND ( audit=1 ) LIMIT 1   [ RunTime:0.0003s ]
INFO: [ view_parse ] --START--
INFO: [ template_filter ] --START--
INFO: Run Behavior\ContentReplaceBehavior [ RunTime:0.000064s ]
INFO: [ template_filter ] --END-- [ RunTime:0.000132s ]
INFO: Run Behavior\ParseTemplateBehavior [ RunTime:0.007573s ]
INFO: [ view_parse ] --END-- [ RunTime:0.007660s ]
INFO: [ view_filter ] --START--
INFO: Run Behavior\WriteHtmlCacheBehavior [ RunTime:0.000600s ]
INFO: [ view_filter ] --END-- [ RunTime:0.000679s ]
INFO: [ app_end ] --START--
INFO: Run Behavior\ShowPageTraceBehavior [ RunTime:0.001049s ]
INFO: [ app_end ] --END-- [ RunTime:0.001149s ]

[ 2017-08-30T09:20:47+08:00 ] 127.0.0.1 /admin/member/add.html
INFO: [ app_init ] --START--
INFO: Run Behavior\BuildLiteBehavior [ RunTime:0.000031s ]
INFO: [ app_init ] --END-- [ RunTime:0.000653s ]
INFO: [ app_begin ] --START--
INFO: Run Behavior\ReadHtmlCacheBehavior [ RunTime:0.000622s ]
INFO: [ app_begin ] --END-- [ RunTime:0.000687s ]
INFO: [ view_parse ] --START--
INFO: [ template_filter ] --START--
INFO: Run Behavior\ContentReplaceBehavior [ RunTime:0.000074s ]
INFO: [ template_filter ] --END-- [ RunTime:0.000140s ]
INFO: Run Behavior\ParseTemplateBehavior [ RunTime:0.005867s ]
INFO: [ view_parse ] --END-- [ RunTime:0.005937s ]
INFO: [ view_filter ] --START--
INFO: Run Behavior\WriteHtmlCacheBehavior [ RunTime:0.000519s ]
INFO: [ view_filter ] --END-- [ RunTime:0.000637s ]
INFO: [ app_end ] --START--
INFO: Run Behavior\ShowPageTraceBehavior [ RunTime:0.000874s ]
INFO: [ app_end ] --END-- [ RunTime:0.000966s ]

[ 2017-08-30T09:21:08+08:00 ] 127.0.0.1 /admin/member/insert
INFO: [ app_init ] --START--
INFO: Run Behavior\BuildLiteBehavior [ RunTime:0.000023s ]
INFO: [ app_init ] --END-- [ RunTime:0.000642s ]
INFO: [ app_begin ] --START--
INFO: Run Behavior\ReadHtmlCacheBehavior [ RunTime:0.001022s ]
INFO: [ app_begin ] --END-- [ RunTime:0.001090s ]
NOTIC: [8] Use of undefined constant            - assumed '          ' D:\wamp\www\tp\project\Admin\Controller\MemberController.class.php 第 87 行.
SQL: SHOW COLUMNS FROM `users` [ RunTime:0.0016s ]
NOTIC: [2] call_user_func_array() expects parameter 1 to be a valid callback, function 'checkPwd' not found or invalid function name D:\wamp\www\tp\ThinkPHP\Library\Think\Model.class.php 第 1279 行.
SQL: SELECT * FROM `users` WHERE `name` = '123123' LIMIT 1   [ RunTime:0.0005s ]
INFO: [ view_parse ] --START--
INFO: [ template_filter ] --START--
INFO: Run Behavior\ContentReplaceBehavior [ RunTime:0.000050s ]
INFO: [ template_filter ] --END-- [ RunTime:0.000119s ]
INFO: Run Behavior\ParseTemplateBehavior [ RunTime:0.006478s ]
INFO: [ view_parse ] --END-- [ RunTime:0.006553s ]
INFO: [ view_filter ] --START--
INFO: Run Behavior\WriteHtmlCacheBehavior [ RunTime:0.000884s ]
INFO: [ view_filter ] --END-- [ RunTime:0.000955s ]

[ 2017-08-30T09:21:14+08:00 ] 127.0.0.1 /admin/member/insert
INFO: [ app_init ] --START--
INFO: Run Behavior\BuildLiteBehavior [ RunTime:0.000018s ]
INFO: [ app_init ] --END-- [ RunTime:0.000755s ]
INFO: [ app_begin ] --START--
INFO: Run Behavior\ReadHtmlCacheBehavior [ RunTime:0.000800s ]
INFO: [ app_begin ] --END-- [ RunTime:0.000870s ]
NOTIC: [8] Use of undefined constant            - assumed '          ' D:\wamp\www\tp\project\Admin\Controller\MemberController.class.php 第 87 行.
SQL: SHOW COLUMNS FROM `users` [ RunTime:0.0015s ]
NOTIC: [2] call_user_func_array() expects parameter 1 to be a valid callback, function 'checkPwd' not found or invalid function name D:\wamp\www\tp\ThinkPHP\Library\Think\Model.class.php 第 1279 行.
SQL: SELECT * FROM `users` WHERE `name` = '1231231111' LIMIT 1   [ RunTime:0.0005s ]
SQL: SELECT * FROM `users` WHERE `email` = '123123@qq.com' LIMIT 1   [ RunTime:0.0003s ]
SQL: SELECT * FROM `users` WHERE `name` = '1231231111' LIMIT 1   [ RunTime:0.0002s ]
NOTIC: [8] Undefined index: auto D:\wamp\www\tp\ThinkPHP\Library\Think\Model.class.php 第 1128 行.
NOTIC: [8] Undefined index: validate D:\wamp\www\tp\ThinkPHP\Library\Think\Model.class.php 第 1185 行.
NOTIC: [8] Undefined index: auto D:\wamp\www\tp\ThinkPHP\Library\Think\Model.class.php 第 1128 行.
SQL: INSERT INTO `users` (`name`,`email`,`password`,`type`,`phone`,`truename`,`status`,`birth`,`regtime`) VALUES ('1231231111','123123@qq.com','4297f44b13955235245b2497399d7a93','2','13126991105','lishuo','1','1993-7-25','1504056074') [ RunTime:0.0004s ]
SQL: SHOW COLUMNS FROM `company` [ RunTime:0.0013s ]
SQL: INSERT INTO `company` (`uid`,`tid`) VALUES ('5','2') [ RunTime:0.0005s ]
INFO: [ view_parse ] --START--
INFO: [ template_filter ] --START--
INFO: Run Behavior\ContentReplaceBehavior [ RunTime:0.000039s ]
INFO: [ template_filter ] --END-- [ RunTime:0.000112s ]
INFO: Run Behavior\ParseTemplateBehavior [ RunTime:0.006905s ]
INFO: [ view_parse ] --END-- [ RunTime:0.006979s ]
INFO: [ view_filter ] --START--
INFO: Run Behavior\WriteHtmlCacheBehavior [ RunTime:0.000761s ]
INFO: [ view_filter ] --END-- [ RunTime:0.000841s ]
INFO: [ app_end ] --START--
INFO: Run Behavior\ShowPageTraceBehavior [ RunTime:0.000813s ]
INFO: [ app_end ] --END-- [ RunTime:0.000879s ]

[ 2017-08-30T09:21:15+08:00 ] 127.0.0.1 /admin/member/index
INFO: [ app_init ] --START--
INFO: Run Behavior\BuildLiteBehavior [ RunTime:0.000017s ]
INFO: [ app_init ] --END-- [ RunTime:0.000611s ]
INFO: [ app_begin ] --START--
INFO: Run Behavior\ReadHtmlCacheBehavior [ RunTime:0.000614s ]
INFO: [ app_begin ] --END-- [ RunTime:0.000684s ]
SQL: SHOW COLUMNS FROM `users` [ RunTime:0.0009s ]
NOTIC: [8] Undefined index: p D:\wamp\www\tp\project\Admin\Controller\MemberController.class.php 第 17 行.
NOTIC: [8] Undefined index: keywords D:\wamp\www\tp\project\Admin\Controller\MemberController.class.php 第 22 行.
SQL: SELECT * FROM `users` WHERE `phone` LIKE '%%' AND `delete` = 1  [ RunTime:0.0004s ]
SQL: SELECT COUNT(*) AS tp_count FROM `users` WHERE `phone` LIKE '%%' AND `delete` = 1 LIMIT 1   [ RunTime:0.0002s ]
INFO: [ view_parse ] --START--
INFO: [ template_filter ] --START--
INFO: Run Behavior\ContentReplaceBehavior [ RunTime:0.000060s ]
INFO: [ template_filter ] --END-- [ RunTime:0.000129s ]
INFO: Run Behavior\ParseTemplateBehavior [ RunTime:0.007920s ]
INFO: [ view_parse ] --END-- [ RunTime:0.007992s ]
INFO: [ view_filter ] --START--
INFO: Run Behavior\WriteHtmlCacheBehavior [ RunTime:0.000466s ]
INFO: [ view_filter ] --END-- [ RunTime:0.000548s ]
INFO: [ app_end ] --START--
INFO: Run Behavior\ShowPageTraceBehavior [ RunTime:0.000706s ]
INFO: [ app_end ] --END-- [ RunTime:0.000779s ]

[ 2017-08-30T09:21:27+08:00 ] 127.0.0.1 /admin/member/edit?id=5
INFO: [ app_init ] --START--
INFO: Run Behavior\BuildLiteBehavior [ RunTime:0.000016s ]
INFO: [ app_init ] --END-- [ RunTime:0.000789s ]
INFO: [ app_begin ] --START--
INFO: Run Behavior\ReadHtmlCacheBehavior [ RunTime:0.000590s ]
INFO: [ app_begin ] --END-- [ RunTime:0.000655s ]
SQL: SHOW COLUMNS FROM `users` [ RunTime:0.0007s ]
SQL: SELECT * FROM `users` WHERE ( id=5 ) LIMIT 1   [ RunTime:0.0004s ]
INFO: [ view_parse ] --START--
INFO: [ template_filter ] --START--
INFO: Run Behavior\ContentReplaceBehavior [ RunTime:0.000076s ]
INFO: [ template_filter ] --END-- [ RunTime:0.000146s ]
INFO: Run Behavior\ParseTemplateBehavior [ RunTime:0.007595s ]
INFO: [ view_parse ] --END-- [ RunTime:0.007664s ]
INFO: [ view_filter ] --START--
INFO: Run Behavior\WriteHtmlCacheBehavior [ RunTime:0.000466s ]
INFO: [ view_filter ] --END-- [ RunTime:0.000529s ]
INFO: [ app_end ] --START--
INFO: Run Behavior\ShowPageTraceBehavior [ RunTime:0.000718s ]
INFO: [ app_end ] --END-- [ RunTime:0.000815s ]

[ 2017-08-30T09:21:44+08:00 ] 127.0.0.1 /admin/examine/staindex.html
INFO: [ app_init ] --START--
INFO: Run Behavior\BuildLiteBehavior [ RunTime:0.000015s ]
INFO: [ app_init ] --END-- [ RunTime:0.000625s ]
INFO: [ app_begin ] --START--
INFO: Run Behavior\ReadHtmlCacheBehavior [ RunTime:0.000983s ]
INFO: [ app_begin ] --END-- [ RunTime:0.001050s ]
SQL: SHOW COLUMNS FROM `users` [ RunTime:0.0012s ]
NOTIC: [8] Undefined index: p D:\wamp\www\tp\project\Admin\Controller\ExamineController.class.php 第 193 行.
NOTIC: [8] Undefined index: keywords D:\wamp\www\tp\project\Admin\Controller\ExamineController.class.php 第 198 行.
NOTIC: [8] Undefined index: e_phone D:\wamp\www\tp\project\Admin\Controller\ExamineController.class.php 第 202 行.
SQL: SELECT `type`,`uid`,`e_name`,`number`,`e_phone`,`ltime`,`ttime`,`e_photo`,`audit` FROM `users` INNER JOIN examine ON users.id = examine.uid  WHERE `truename` LIKE '%%' AND ( audit!=2 )  [ RunTime:0.0009s ]
SQL: SELECT COUNT(*) AS tp_count FROM `users` INNER JOIN examine ON users.id = examine.uid  WHERE `truename` LIKE '%%' AND ( audit!=2 ) LIMIT 1   [ RunTime:0.0003s ]
INFO: [ view_parse ] --START--
INFO: [ template_filter ] --START--
INFO: Run Behavior\ContentReplaceBehavior [ RunTime:0.000073s ]
INFO: [ template_filter ] --END-- [ RunTime:0.000179s ]
INFO: Run Behavior\ParseTemplateBehavior [ RunTime:0.009374s ]
INFO: [ view_parse ] --END-- [ RunTime:0.009452s ]
INFO: [ view_filter ] --START--
INFO: Run Behavior\WriteHtmlCacheBehavior [ RunTime:0.000873s ]
INFO: [ view_filter ] --END-- [ RunTime:0.000940s ]
INFO: [ app_end ] --START--
INFO: Run Behavior\ShowPageTraceBehavior [ RunTime:0.001026s ]
INFO: [ app_end ] --END-- [ RunTime:0.001089s ]

[ 2017-08-30T09:21:45+08:00 ] 127.0.0.1 /admin/examine/index.html
INFO: [ app_init ] --START--
INFO: Run Behavior\BuildLiteBehavior [ RunTime:0.000016s ]
INFO: [ app_init ] --END-- [ RunTime:0.000585s ]
INFO: [ app_begin ] --START--
INFO: Run Behavior\ReadHtmlCacheBehavior [ RunTime:0.000878s ]
INFO: [ app_begin ] --END-- [ RunTime:0.000951s ]
SQL: SHOW COLUMNS FROM `users` [ RunTime:0.0007s ]
NOTIC: [8] Undefined index: p D:\wamp\www\tp\project\Admin\Controller\ExamineController.class.php 第 17 行.
NOTIC: [8] Undefined index: keywords D:\wamp\www\tp\project\Admin\Controller\ExamineController.class.php 第 22 行.
SQL: SELECT `type`,`uid`,`e_name`,`number`,`e_phone`,`ltime`,`ttime`,`e_photo`,`audit` FROM `users` INNER JOIN examine ON users.id = examine.uid  WHERE `e_phone` LIKE '%%' AND ( audit=2 )  [ RunTime:0.0009s ]
SQL: SELECT COUNT(*) AS tp_count FROM `users` INNER JOIN examine ON users.id = examine.uid  WHERE `e_phone` LIKE '%%' AND ( audit=2 ) LIMIT 1   [ RunTime:0.0004s ]
INFO: [ view_parse ] --START--
INFO: [ template_filter ] --START--
INFO: Run Behavior\ContentReplaceBehavior [ RunTime:0.000141s ]
INFO: [ template_filter ] --END-- [ RunTime:0.000261s ]
INFO: Run Behavior\ParseTemplateBehavior [ RunTime:0.008555s ]
INFO: [ view_parse ] --END-- [ RunTime:0.008649s ]
INFO: [ view_filter ] --START--
INFO: Run Behavior\WriteHtmlCacheBehavior [ RunTime:0.000598s ]
INFO: [ view_filter ] --END-- [ RunTime:0.000678s ]
INFO: [ app_end ] --START--
INFO: Run Behavior\ShowPageTraceBehavior [ RunTime:0.001188s ]
INFO: [ app_end ] --END-- [ RunTime:0.001254s ]

[ 2017-08-30T09:21:46+08:00 ] 127.0.0.1 /admin/examine/staindex.html
INFO: [ app_init ] --START--
INFO: Run Behavior\BuildLiteBehavior [ RunTime:0.000016s ]
INFO: [ app_init ] --END-- [ RunTime:0.000627s ]
INFO: [ app_begin ] --START--
INFO: Run Behavior\ReadHtmlCacheBehavior [ RunTime:0.000935s ]
INFO: [ app_begin ] --END-- [ RunTime:0.001003s ]
SQL: SHOW COLUMNS FROM `users` [ RunTime:0.0007s ]
NOTIC: [8] Undefined index: p D:\wamp\www\tp\project\Admin\Controller\ExamineController.class.php 第 193 行.
NOTIC: [8] Undefined index: keywords D:\wamp\www\tp\project\Admin\Controller\ExamineController.class.php 第 198 行.
NOTIC: [8] Undefined index: e_phone D:\wamp\www\tp\project\Admin\Controller\ExamineController.class.php 第 202 行.
SQL: SELECT `type`,`uid`,`e_name`,`number`,`e_phone`,`ltime`,`ttime`,`e_photo`,`audit` FROM `users` INNER JOIN examine ON users.id = examine.uid  WHERE `truename` LIKE '%%' AND ( audit!=2 )  [ RunTime:0.0010s ]
SQL: SELECT COUNT(*) AS tp_count FROM `users` INNER JOIN examine ON users.id = examine.uid  WHERE `truename` LIKE '%%' AND ( audit!=2 ) LIMIT 1   [ RunTime:0.0002s ]
INFO: [ view_parse ] --START--
INFO: [ template_filter ] --START--
INFO: Run Behavior\ContentReplaceBehavior [ RunTime:0.000070s ]
INFO: [ template_filter ] --END-- [ RunTime:0.000137s ]
INFO: Run Behavior\ParseTemplateBehavior [ RunTime:0.007781s ]
INFO: [ view_parse ] --END-- [ RunTime:0.007859s ]
INFO: [ view_filter ] --START--
INFO: Run Behavior\WriteHtmlCacheBehavior [ RunTime:0.000855s ]
INFO: [ view_filter ] --END-- [ RunTime:0.000925s ]
INFO: [ app_end ] --START--
INFO: Run Behavior\ShowPageTraceBehavior [ RunTime:0.000919s ]
INFO: [ app_end ] --END-- [ RunTime:0.000981s ]

[ 2017-08-30T09:22:09+08:00 ] 127.0.0.1 /admin/company/index.html
INFO: [ app_init ] --START--
INFO: Run Behavior\BuildLiteBehavior [ RunTime:0.000015s ]
INFO: [ app_init ] --END-- [ RunTime:0.001076s ]
INFO: [ app_begin ] --START--
INFO: Run Behavior\ReadHtmlCacheBehavior [ RunTime:0.000597s ]
INFO: [ app_begin ] --END-- [ RunTime:0.000663s ]
SQL: SHOW COLUMNS FROM `users` [ RunTime:0.0017s ]
NOTIC: [8] Undefined index: p D:\wamp\www\tp\project\Admin\Controller\CompanyController.class.php 第 18 行.
NOTIC: [8] Undefined index: keywords D:\wamp\www\tp\project\Admin\Controller\CompanyController.class.php 第 23 行.
SQL: SELECT `uid`,`city`,`qq`,`c_phone`,`level`,`c_name`,`status`,`delete`,`audit`,`contacts` FROM `users` INNER JOIN company ON users.id = company.uid  WHERE `c_phone` LIKE '%%' AND `delete` = 1  [ RunTime:0.0012s ]
SQL: SELECT COUNT(*) AS tp_count FROM `users` INNER JOIN company ON users.id = company.uid  WHERE `c_phone` LIKE '%%' AND `delete` = 1 LIMIT 1   [ RunTime:0.0009s ]
INFO: [ view_parse ] --START--
INFO: [ template_filter ] --START--
INFO: Run Behavior\ContentReplaceBehavior [ RunTime:0.000109s ]
INFO: [ template_filter ] --END-- [ RunTime:0.000228s ]
INFO: Run Behavior\ParseTemplateBehavior [ RunTime:0.013729s ]
INFO: [ view_parse ] --END-- [ RunTime:0.013942s ]
INFO: [ view_filter ] --START--
INFO: Run Behavior\WriteHtmlCacheBehavior [ RunTime:0.000688s ]
INFO: [ view_filter ] --END-- [ RunTime:0.000818s ]
INFO: [ app_end ] --START--
INFO: Run Behavior\ShowPageTraceBehavior [ RunTime:0.000987s ]
INFO: [ app_end ] --END-- [ RunTime:0.001091s ]

[ 2017-08-30T09:22:10+08:00 ] 127.0.0.1 /admin/company/staindex.html
INFO: [ app_init ] --START--
INFO: Run Behavior\BuildLiteBehavior [ RunTime:0.000014s ]
INFO: [ app_init ] --END-- [ RunTime:0.000619s ]
INFO: [ app_begin ] --START--
INFO: Run Behavior\ReadHtmlCacheBehavior [ RunTime:0.000909s ]
INFO: [ app_begin ] --END-- [ RunTime:0.000976s ]
SQL: SHOW COLUMNS FROM `users` [ RunTime:0.0007s ]
NOTIC: [8] Undefined index: p D:\wamp\www\tp\project\Admin\Controller\CompanyController.class.php 第 292 行.
NOTIC: [8] Undefined index: keywords D:\wamp\www\tp\project\Admin\Controller\CompanyController.class.php 第 297 行.
SQL: SELECT `uid`,`city`,`qq`,`c_phone`,`level`,`c_name`,`status`,`delete`,`audit`,`contacts` FROM `users` INNER JOIN company ON users.id = company.uid  WHERE `c_phone` LIKE '%%' AND `delete` = 1 AND ( audit=1 )  [ RunTime:0.0005s ]
SQL: SELECT COUNT(*) AS tp_count FROM `users` INNER JOIN company ON users.id = company.uid  WHERE `c_phone` LIKE '%%' AND `delete` = 1 AND ( audit=1 ) LIMIT 1   [ RunTime:0.0003s ]
INFO: [ view_parse ] --START--
INFO: [ template_filter ] --START--
INFO: Run Behavior\ContentReplaceBehavior [ RunTime:0.000063s ]
INFO: [ template_filter ] --END-- [ RunTime:0.000134s ]
INFO: Run Behavior\ParseTemplateBehavior [ RunTime:0.007761s ]
INFO: [ view_parse ] --END-- [ RunTime:0.007836s ]
INFO: [ view_filter ] --START--
INFO: Run Behavior\WriteHtmlCacheBehavior [ RunTime:0.000843s ]
INFO: [ view_filter ] --END-- [ RunTime:0.000911s ]
INFO: [ app_end ] --START--
INFO: Run Behavior\ShowPageTraceBehavior [ RunTime:0.001314s ]
INFO: [ app_end ] --END-- [ RunTime:0.001383s ]

[ 2017-08-30T14:57:23+08:00 ] 127.0.0.1 /admin/index
INFO: [ app_init ] --START--
INFO: Run Behavior\BuildLiteBehavior [ RunTime:0.000021s ]
INFO: [ app_init ] --END-- [ RunTime:0.000749s ]
INFO: [ app_begin ] --START--
INFO: Run Behavior\ReadHtmlCacheBehavior [ RunTime:0.000855s ]
INFO: [ app_begin ] --END-- [ RunTime:0.000941s ]
INFO: [ view_parse ] --START--
INFO: [ template_filter ] --START--
INFO: Run Behavior\ContentReplaceBehavior [ RunTime:0.000097s ]
INFO: [ template_filter ] --END-- [ RunTime:0.000323s ]
INFO: Run Behavior\ParseTemplateBehavior [ RunTime:0.008314s ]
INFO: [ view_parse ] --END-- [ RunTime:0.008399s ]
INFO: [ view_filter ] --START--
INFO: Run Behavior\WriteHtmlCacheBehavior [ RunTime:0.000737s ]
INFO: [ view_filter ] --END-- [ RunTime:0.000840s ]

[ 2017-08-30T14:57:25+08:00 ] 127.0.0.1 /admin/login/index
INFO: [ app_init ] --START--
INFO: Run Behavior\BuildLiteBehavior [ RunTime:0.000016s ]
INFO: [ app_init ] --END-- [ RunTime:0.000515s ]
INFO: [ app_begin ] --START--
INFO: Run Behavior\ReadHtmlCacheBehavior [ RunTime:0.000684s ]
INFO: [ app_begin ] --END-- [ RunTime:0.000752s ]
INFO: [ view_parse ] --START--
INFO: [ template_filter ] --START--
INFO: Run Behavior\ContentReplaceBehavior [ RunTime:0.000064s ]
INFO: [ template_filter ] --END-- [ RunTime:0.000148s ]
INFO: Run Behavior\ParseTemplateBehavior [ RunTime:0.076435s ]
INFO: [ view_parse ] --END-- [ RunTime:0.076590s ]
INFO: [ view_filter ] --START--
INFO: Run Behavior\WriteHtmlCacheBehavior [ RunTime:0.000507s ]
INFO: [ view_filter ] --END-- [ RunTime:0.000581s ]
INFO: [ app_end ] --START--
INFO: Run Behavior\ShowPageTraceBehavior [ RunTime:0.000877s ]
INFO: [ app_end ] --END-- [ RunTime:0.000947s ]

[ 2017-08-30T14:57:25+08:00 ] 127.0.0.1 /admin/code/index.html
INFO: [ app_init ] --START--
INFO: Run Behavior\BuildLiteBehavior [ RunTime:0.000022s ]
INFO: [ app_init ] --END-- [ RunTime:0.000686s ]
INFO: [ app_begin ] --START--
INFO: Run Behavior\ReadHtmlCacheBehavior [ RunTime:0.000726s ]
INFO: [ app_begin ] --END-- [ RunTime:0.000813s ]
INFO: [ app_end ] --START--
INFO: Run Behavior\ShowPageTraceBehavior [ RunTime:0.002839s ]
INFO: [ app_end ] --END-- [ RunTime:0.003090s ]

[ 2017-08-30T14:57:33+08:00 ] 127.0.0.1 /admin/code/index.html?0.7960746177851215
INFO: [ app_init ] --START--
INFO: Run Behavior\BuildLiteBehavior [ RunTime:0.000018s ]
INFO: [ app_init ] --END-- [ RunTime:0.000760s ]
INFO: [ app_begin ] --START--
INFO: Run Behavior\ReadHtmlCacheBehavior [ RunTime:0.000799s ]
INFO: [ app_begin ] --END-- [ RunTime:0.000885s ]
INFO: [ app_end ] --START--
INFO: Run Behavior\ShowPageTraceBehavior [ RunTime:0.001328s ]
INFO: [ app_end ] --END-- [ RunTime:0.001430s ]

[ 2017-08-30T14:57:35+08:00 ] 127.0.0.1 /admin/login/dologin
INFO: [ app_init ] --START--
INFO: Run Behavior\BuildLiteBehavior [ RunTime:0.000018s ]
INFO: [ app_init ] --END-- [ RunTime:0.000941s ]
INFO: [ app_begin ] --START--
INFO: Run Behavior\ReadHtmlCacheBehavior [ RunTime:0.000889s ]
INFO: [ app_begin ] --END-- [ RunTime:0.000989s ]
ERR: SQLSTATE[HY000] [1045] Access denied for user 'root'@'localhost' (using password: NO)

[ 2017-08-30T15:00:19+08:00 ] 127.0.0.1 /admin/login/dologin
INFO: [ app_init ] --START--
INFO: Run Behavior\BuildLiteBehavior [ RunTime:0.000017s ]
INFO: [ app_init ] --END-- [ RunTime:0.000728s ]
INFO: [ app_begin ] --START--
INFO: Run Behavior\ReadHtmlCacheBehavior [ RunTime:0.000871s ]
INFO: [ app_begin ] --END-- [ RunTime:0.001100s ]
SQL: SHOW COLUMNS FROM `admin_user` [ RunTime:0.0020s ]
NOTIC: [8] Undefined index: validate D:\wamp\www\tp\ThinkPHP\Library\Think\Model.class.php 第 1185 行.
NOTIC: [8] Undefined index: auto D:\wamp\www\tp\ThinkPHP\Library\Think\Model.class.php 第 1128 行.
SQL: SELECT * FROM `admin_user` WHERE `name` = 'user' LIMIT 1   [ RunTime:0.0004s ]
INFO: [ view_parse ] --START--
INFO: [ template_filter ] --START--
INFO: Run Behavior\ContentReplaceBehavior [ RunTime:0.000059s ]
INFO: [ template_filter ] --END-- [ RunTime:0.000130s ]
INFO: Run Behavior\ParseTemplateBehavior [ RunTime:0.007863s ]
INFO: [ view_parse ] --END-- [ RunTime:0.007937s ]
INFO: [ view_filter ] --START--
INFO: Run Behavior\WriteHtmlCacheBehavior [ RunTime:0.001016s ]
INFO: [ view_filter ] --END-- [ RunTime:0.001104s ]
INFO: [ app_end ] --START--
INFO: Run Behavior\ShowPageTraceBehavior [ RunTime:0.000824s ]
INFO: [ app_end ] --END-- [ RunTime:0.000892s ]

[ 2017-08-30T15:00:20+08:00 ] 127.0.0.1 /admin/index
INFO: [ app_init ] --START--
INFO: Run Behavior\BuildLiteBehavior [ RunTime:0.000016s ]
INFO: [ app_init ] --END-- [ RunTime:0.000587s ]
INFO: [ app_begin ] --START--
INFO: Run Behavior\ReadHtmlCacheBehavior [ RunTime:0.000637s ]
INFO: [ app_begin ] --END-- [ RunTime:0.000705s ]
INFO: [ view_parse ] --START--
INFO: [ template_filter ] --START--
INFO: Run Behavior\ContentReplaceBehavior [ RunTime:0.000067s ]
INFO: [ template_filter ] --END-- [ RunTime:0.000141s ]
INFO: Run Behavior\ParseTemplateBehavior [ RunTime:0.009067s ]
INFO: [ view_parse ] --END-- [ RunTime:0.009146s ]
INFO: [ view_filter ] --START--
INFO: Run Behavior\WriteHtmlCacheBehavior [ RunTime:0.000479s ]
INFO: [ view_filter ] --END-- [ RunTime:0.000540s ]
INFO: [ app_end ] --START--
INFO: Run Behavior\ShowPageTraceBehavior [ RunTime:0.000787s ]
INFO: [ app_end ] --END-- [ RunTime:0.000856s ]

