[ 2017-08-20T01:48:58+08:00 ] 127.0.0.1 /admin/index
INFO: [ app_init ] --START--
INFO: Run Behavior\BuildLiteBehavior [ RunTime:0.000019s ]
INFO: [ app_init ] --END-- [ RunTime:0.000657s ]
INFO: [ app_begin ] --START--
INFO: Run Behavior\ReadHtmlCacheBehavior [ RunTime:0.000812s ]
INFO: [ app_begin ] --END-- [ RunTime:0.000906s ]
INFO: [ view_parse ] --START--
INFO: [ template_filter ] --START--
INFO: Run Behavior\ContentReplaceBehavior [ RunTime:0.000234s ]
INFO: [ template_filter ] --END-- [ RunTime:0.000481s ]
INFO: Run Behavior\ParseTemplateBehavior [ RunTime:0.139388s ]
INFO: [ view_parse ] --END-- [ RunTime:0.139576s ]
INFO: [ view_filter ] --START--
INFO: Run Behavior\WriteHtmlCacheBehavior [ RunTime:0.046889s ]
INFO: [ view_filter ] --END-- [ RunTime:0.047089s ]

[ 2017-08-20T01:49:00+08:00 ] 127.0.0.1 /admin/login/index
INFO: [ app_init ] --START--
INFO: Run Behavior\BuildLiteBehavior [ RunTime:0.000026s ]
INFO: [ app_init ] --END-- [ RunTime:0.001048s ]
INFO: [ app_begin ] --START--
INFO: Run Behavior\ReadHtmlCacheBehavior [ RunTime:0.001345s ]
INFO: [ app_begin ] --END-- [ RunTime:0.001510s ]
INFO: [ view_parse ] --START--
INFO: [ template_filter ] --START--
INFO: Run Behavior\ContentReplaceBehavior [ RunTime:0.000180s ]
INFO: [ template_filter ] --END-- [ RunTime:0.000401s ]
INFO: Run Behavior\ParseTemplateBehavior [ RunTime:0.100582s ]
INFO: [ view_parse ] --END-- [ RunTime:0.100890s ]
INFO: [ view_filter ] --START--
INFO: Run Behavior\WriteHtmlCacheBehavior [ RunTime:0.001785s ]
INFO: [ view_filter ] --END-- [ RunTime:0.002039s ]
INFO: [ app_end ] --START--
INFO: Run Behavior\ShowPageTraceBehavior [ RunTime:0.002086s ]
INFO: [ app_end ] --END-- [ RunTime:0.002306s ]

[ 2017-08-20T01:49:00+08:00 ] 127.0.0.1 /admin/code/index.html
INFO: [ app_init ] --START--
INFO: Run Behavior\BuildLiteBehavior [ RunTime:0.000018s ]
INFO: [ app_init ] --END-- [ RunTime:0.000640s ]
INFO: [ app_begin ] --START--
INFO: Run Behavior\ReadHtmlCacheBehavior [ RunTime:0.000765s ]
INFO: [ app_begin ] --END-- [ RunTime:0.000831s ]
INFO: [ app_end ] --START--
INFO: Run Behavior\ShowPageTraceBehavior [ RunTime:0.000805s ]
INFO: [ app_end ] --END-- [ RunTime:0.000898s ]

[ 2017-08-20T01:50:09+08:00 ] 127.0.0.1 /admin/login/dologin
INFO: [ app_init ] --START--
INFO: Run Behavior\BuildLiteBehavior [ RunTime:0.000019s ]
INFO: [ app_init ] --END-- [ RunTime:0.001369s ]
INFO: [ app_begin ] --START--
INFO: Run Behavior\ReadHtmlCacheBehavior [ RunTime:0.000719s ]
INFO: [ app_begin ] --END-- [ RunTime:0.000795s ]
SQL: SHOW COLUMNS FROM `admin_user` [ RunTime:0.0011s ]
NOTIC: [8] Undefined index: validate D:\wamp\www\tp\ThinkPHP\Library\Think\Model.class.php 第 1185 行.
NOTIC: [8] Undefined index: auto D:\wamp\www\tp\ThinkPHP\Library\Think\Model.class.php 第 1128 行.
SQL: SELECT * FROM `admin_user` WHERE `name` = 'user' LIMIT 1   [ RunTime:0.0004s ]
INFO: [ view_parse ] --START--
INFO: [ template_filter ] --START--
INFO: Run Behavior\ContentReplaceBehavior [ RunTime:0.000040s ]
INFO: [ template_filter ] --END-- [ RunTime:0.000110s ]
INFO: Run Behavior\ParseTemplateBehavior [ RunTime:0.006971s ]
INFO: [ view_parse ] --END-- [ RunTime:0.007042s ]
INFO: [ view_filter ] --START--
INFO: Run Behavior\WriteHtmlCacheBehavior [ RunTime:0.000636s ]
INFO: [ view_filter ] --END-- [ RunTime:0.000697s ]
INFO: [ app_end ] --START--
INFO: Run Behavior\ShowPageTraceBehavior [ RunTime:0.000689s ]
INFO: [ app_end ] --END-- [ RunTime:0.000753s ]

[ 2017-08-20T01:50:11+08:00 ] 127.0.0.1 /admin/index
INFO: [ app_init ] --START--
INFO: Run Behavior\BuildLiteBehavior [ RunTime:0.000019s ]
INFO: [ app_init ] --END-- [ RunTime:0.000583s ]
INFO: [ app_begin ] --START--
INFO: Run Behavior\ReadHtmlCacheBehavior [ RunTime:0.000797s ]
INFO: [ app_begin ] --END-- [ RunTime:0.000871s ]
INFO: [ view_parse ] --START--
INFO: [ template_filter ] --START--
INFO: Run Behavior\ContentReplaceBehavior [ RunTime:0.000099s ]
INFO: [ template_filter ] --END-- [ RunTime:0.000195s ]
INFO: Run Behavior\ParseTemplateBehavior [ RunTime:0.330060s ]
INFO: [ view_parse ] --END-- [ RunTime:0.330259s ]
INFO: [ view_filter ] --START--
INFO: Run Behavior\WriteHtmlCacheBehavior [ RunTime:0.001732s ]
INFO: [ view_filter ] --END-- [ RunTime:0.001963s ]
INFO: [ app_end ] --START--
INFO: Run Behavior\ShowPageTraceBehavior [ RunTime:0.002292s ]
INFO: [ app_end ] --END-- [ RunTime:0.002552s ]

[ 2017-08-20T01:50:31+08:00 ] 127.0.0.1 /admin/index
INFO: [ app_init ] --START--
INFO: Run Behavior\BuildLiteBehavior [ RunTime:0.000019s ]
INFO: [ app_init ] --END-- [ RunTime:0.000709s ]
INFO: [ app_begin ] --START--
INFO: Run Behavior\ReadHtmlCacheBehavior [ RunTime:0.000932s ]
INFO: [ app_begin ] --END-- [ RunTime:0.001018s ]
INFO: [ view_parse ] --START--
INFO: [ template_filter ] --START--
INFO: Run Behavior\ContentReplaceBehavior [ RunTime:0.000039s ]
INFO: [ template_filter ] --END-- [ RunTime:0.000113s ]
INFO: Run Behavior\ParseTemplateBehavior [ RunTime:0.009703s ]
INFO: [ view_parse ] --END-- [ RunTime:0.009784s ]
INFO: [ view_filter ] --START--
INFO: Run Behavior\WriteHtmlCacheBehavior [ RunTime:0.000639s ]
INFO: [ view_filter ] --END-- [ RunTime:0.000704s ]

[ 2017-08-20T01:50:32+08:00 ] 127.0.0.1 /admin/login/index
INFO: [ app_init ] --START--
INFO: Run Behavior\BuildLiteBehavior [ RunTime:0.000022s ]
INFO: [ app_init ] --END-- [ RunTime:0.000817s ]
INFO: [ app_begin ] --START--
INFO: Run Behavior\ReadHtmlCacheBehavior [ RunTime:0.000817s ]
INFO: [ app_begin ] --END-- [ RunTime:0.000915s ]
INFO: [ view_parse ] --START--
INFO: [ template_filter ] --START--
INFO: Run Behavior\ContentReplaceBehavior [ RunTime:0.000079s ]
INFO: [ template_filter ] --END-- [ RunTime:0.000169s ]
INFO: Run Behavior\ParseTemplateBehavior [ RunTime:0.006992s ]
INFO: [ view_parse ] --END-- [ RunTime:0.007109s ]
INFO: [ view_filter ] --START--
INFO: Run Behavior\WriteHtmlCacheBehavior [ RunTime:0.000611s ]
INFO: [ view_filter ] --END-- [ RunTime:0.000693s ]
INFO: [ app_end ] --START--
INFO: Run Behavior\ShowPageTraceBehavior [ RunTime:0.001068s ]
INFO: [ app_end ] --END-- [ RunTime:0.001167s ]

[ 2017-08-20T01:50:33+08:00 ] 127.0.0.1 /admin/code/index.html
INFO: [ app_init ] --START--
INFO: Run Behavior\BuildLiteBehavior [ RunTime:0.000018s ]
INFO: [ app_init ] --END-- [ RunTime:0.000682s ]
INFO: [ app_begin ] --START--
INFO: Run Behavior\ReadHtmlCacheBehavior [ RunTime:0.000825s ]
INFO: [ app_begin ] --END-- [ RunTime:0.000895s ]
INFO: [ app_end ] --START--
INFO: Run Behavior\ShowPageTraceBehavior [ RunTime:0.001867s ]
INFO: [ app_end ] --END-- [ RunTime:0.002522s ]

[ 2017-08-20T01:50:44+08:00 ] 127.0.0.1 /admin/code/index.html?0.20292413133369047
INFO: [ app_init ] --START--
INFO: Run Behavior\BuildLiteBehavior [ RunTime:0.000021s ]
INFO: [ app_init ] --END-- [ RunTime:0.000819s ]
INFO: [ app_begin ] --START--
INFO: Run Behavior\ReadHtmlCacheBehavior [ RunTime:0.001125s ]
INFO: [ app_begin ] --END-- [ RunTime:0.001225s ]
INFO: [ app_end ] --START--
INFO: Run Behavior\ShowPageTraceBehavior [ RunTime:0.000894s ]
INFO: [ app_end ] --END-- [ RunTime:0.000975s ]

[ 2017-08-20T01:50:48+08:00 ] 127.0.0.1 /admin/login/dologin
INFO: [ app_init ] --START--
INFO: Run Behavior\BuildLiteBehavior [ RunTime:0.000016s ]
INFO: [ app_init ] --END-- [ RunTime:0.000583s ]
INFO: [ app_begin ] --START--
INFO: Run Behavior\ReadHtmlCacheBehavior [ RunTime:0.000581s ]
INFO: [ app_begin ] --END-- [ RunTime:0.000647s ]
SQL: SHOW COLUMNS FROM `admin_user` [ RunTime:0.0012s ]
NOTIC: [8] Undefined index: validate D:\wamp\www\tp\ThinkPHP\Library\Think\Model.class.php 第 1185 行.
NOTIC: [8] Undefined index: auto D:\wamp\www\tp\ThinkPHP\Library\Think\Model.class.php 第 1128 行.
INFO: [ view_parse ] --START--
INFO: [ template_filter ] --START--
INFO: Run Behavior\ContentReplaceBehavior [ RunTime:0.000038s ]
INFO: [ template_filter ] --END-- [ RunTime:0.000105s ]
INFO: Run Behavior\ParseTemplateBehavior [ RunTime:0.007888s ]
INFO: [ view_parse ] --END-- [ RunTime:0.007957s ]
INFO: [ view_filter ] --START--
INFO: Run Behavior\WriteHtmlCacheBehavior [ RunTime:0.000667s ]
INFO: [ view_filter ] --END-- [ RunTime:0.000734s ]

[ 2017-08-20T01:50:49+08:00 ] 127.0.0.1 /admin/login/index
INFO: [ app_init ] --START--
INFO: Run Behavior\BuildLiteBehavior [ RunTime:0.000015s ]
INFO: [ app_init ] --END-- [ RunTime:0.000569s ]
INFO: [ app_begin ] --START--
INFO: Run Behavior\ReadHtmlCacheBehavior [ RunTime:0.000619s ]
INFO: [ app_begin ] --END-- [ RunTime:0.000684s ]
INFO: [ view_parse ] --START--
INFO: [ template_filter ] --START--
INFO: Run Behavior\ContentReplaceBehavior [ RunTime:0.000062s ]
INFO: [ template_filter ] --END-- [ RunTime:0.000133s ]
INFO: Run Behavior\ParseTemplateBehavior [ RunTime:0.006909s ]
INFO: [ view_parse ] --END-- [ RunTime:0.006974s ]
INFO: [ view_filter ] --START--
INFO: Run Behavior\WriteHtmlCacheBehavior [ RunTime:0.000420s ]
INFO: [ view_filter ] --END-- [ RunTime:0.000479s ]
INFO: [ app_end ] --START--
INFO: Run Behavior\ShowPageTraceBehavior [ RunTime:0.000607s ]
INFO: [ app_end ] --END-- [ RunTime:0.000669s ]

[ 2017-08-20T01:50:50+08:00 ] 127.0.0.1 /admin/code/index.html
INFO: [ app_init ] --START--
INFO: Run Behavior\BuildLiteBehavior [ RunTime:0.000019s ]
INFO: [ app_init ] --END-- [ RunTime:0.000629s ]
INFO: [ app_begin ] --START--
INFO: Run Behavior\ReadHtmlCacheBehavior [ RunTime:0.000657s ]
INFO: [ app_begin ] --END-- [ RunTime:0.000740s ]
INFO: [ app_end ] --START--
INFO: Run Behavior\ShowPageTraceBehavior [ RunTime:0.001174s ]
INFO: [ app_end ] --END-- [ RunTime:0.001280s ]

[ 2017-08-20T01:50:56+08:00 ] 127.0.0.1 /admin/login/dologin
INFO: [ app_init ] --START--
INFO: Run Behavior\BuildLiteBehavior [ RunTime:0.000039s ]
INFO: [ app_init ] --END-- [ RunTime:0.000935s ]
INFO: [ app_begin ] --START--
INFO: Run Behavior\ReadHtmlCacheBehavior [ RunTime:0.000624s ]
INFO: [ app_begin ] --END-- [ RunTime:0.000693s ]
SQL: SHOW COLUMNS FROM `admin_user` [ RunTime:0.0011s ]
NOTIC: [8] Undefined index: validate D:\wamp\www\tp\ThinkPHP\Library\Think\Model.class.php 第 1185 行.
NOTIC: [8] Undefined index: auto D:\wamp\www\tp\ThinkPHP\Library\Think\Model.class.php 第 1128 行.
SQL: SELECT * FROM `admin_user` WHERE `name` = 'user' LIMIT 1   [ RunTime:0.0003s ]
INFO: [ view_parse ] --START--
INFO: [ template_filter ] --START--
INFO: Run Behavior\ContentReplaceBehavior [ RunTime:0.000036s ]
INFO: [ template_filter ] --END-- [ RunTime:0.000100s ]
INFO: Run Behavior\ParseTemplateBehavior [ RunTime:0.005083s ]
INFO: [ view_parse ] --END-- [ RunTime:0.005152s ]
INFO: [ view_filter ] --START--
INFO: Run Behavior\WriteHtmlCacheBehavior [ RunTime:0.000665s ]
INFO: [ view_filter ] --END-- [ RunTime:0.000783s ]
INFO: [ app_end ] --START--
INFO: Run Behavior\ShowPageTraceBehavior [ RunTime:0.001359s ]
INFO: [ app_end ] --END-- [ RunTime:0.001427s ]

[ 2017-08-20T01:50:57+08:00 ] 127.0.0.1 /admin/index
INFO: [ app_init ] --START--
INFO: Run Behavior\BuildLiteBehavior [ RunTime:0.000020s ]
INFO: [ app_init ] --END-- [ RunTime:0.000684s ]
INFO: [ app_begin ] --START--
INFO: Run Behavior\ReadHtmlCacheBehavior [ RunTime:0.000717s ]
INFO: [ app_begin ] --END-- [ RunTime:0.000804s ]
INFO: [ view_parse ] --START--
INFO: [ template_filter ] --START--
INFO: Run Behavior\ContentReplaceBehavior [ RunTime:0.000063s ]
INFO: [ template_filter ] --END-- [ RunTime:0.000132s ]
INFO: Run Behavior\ParseTemplateBehavior [ RunTime:0.008022s ]
INFO: [ view_parse ] --END-- [ RunTime:0.008159s ]
INFO: [ view_filter ] --START--
INFO: Run Behavior\WriteHtmlCacheBehavior [ RunTime:0.000894s ]
INFO: [ view_filter ] --END-- [ RunTime:0.000997s ]
INFO: [ app_end ] --START--
INFO: Run Behavior\ShowPageTraceBehavior [ RunTime:0.000931s ]
INFO: [ app_end ] --END-- [ RunTime:0.001027s ]

[ 2017-08-20T01:50:59+08:00 ] 127.0.0.1 /admin/member/add.html
INFO: [ app_init ] --START--
INFO: Run Behavior\BuildLiteBehavior [ RunTime:0.000020s ]
INFO: [ app_init ] --END-- [ RunTime:0.000698s ]
INFO: [ app_begin ] --START--
INFO: Run Behavior\ReadHtmlCacheBehavior [ RunTime:0.000753s ]
INFO: [ app_begin ] --END-- [ RunTime:0.000842s ]
INFO: [ view_parse ] --START--
INFO: [ template_filter ] --START--
INFO: Run Behavior\ContentReplaceBehavior [ RunTime:0.000322s ]
INFO: [ template_filter ] --END-- [ RunTime:0.000588s ]
INFO: Run Behavior\ParseTemplateBehavior [ RunTime:0.036777s ]
INFO: [ view_parse ] --END-- [ RunTime:0.037096s ]
INFO: [ view_filter ] --START--
INFO: Run Behavior\WriteHtmlCacheBehavior [ RunTime:0.001553s ]
INFO: [ view_filter ] --END-- [ RunTime:0.001774s ]
INFO: [ app_end ] --START--
INFO: Run Behavior\ShowPageTraceBehavior [ RunTime:0.002230s ]
INFO: [ app_end ] --END-- [ RunTime:0.002474s ]

[ 2017-08-20T01:51:00+08:00 ] 127.0.0.1 /admin/member/add.html
INFO: [ app_init ] --START--
INFO: Run Behavior\BuildLiteBehavior [ RunTime:0.000018s ]
INFO: [ app_init ] --END-- [ RunTime:0.000713s ]
INFO: [ app_begin ] --START--
INFO: Run Behavior\ReadHtmlCacheBehavior [ RunTime:0.000617s ]
INFO: [ app_begin ] --END-- [ RunTime:0.000684s ]
INFO: [ view_parse ] --START--
INFO: [ template_filter ] --START--
INFO: Run Behavior\ContentReplaceBehavior [ RunTime:0.000167s ]
INFO: [ template_filter ] --END-- [ RunTime:0.000258s ]
INFO: Run Behavior\ParseTemplateBehavior [ RunTime:0.007702s ]
INFO: [ view_parse ] --END-- [ RunTime:0.007808s ]
INFO: [ view_filter ] --START--
INFO: Run Behavior\WriteHtmlCacheBehavior [ RunTime:0.001001s ]
INFO: [ view_filter ] --END-- [ RunTime:0.001140s ]
INFO: [ app_end ] --START--
INFO: Run Behavior\ShowPageTraceBehavior [ RunTime:0.000791s ]
INFO: [ app_end ] --END-- [ RunTime:0.000888s ]

[ 2017-08-20T01:52:50+08:00 ] 127.0.0.1 /admin/member/insert
INFO: [ app_init ] --START--
INFO: Run Behavior\BuildLiteBehavior [ RunTime:0.000016s ]
INFO: [ app_init ] --END-- [ RunTime:0.000626s ]
INFO: [ app_begin ] --START--
INFO: Run Behavior\ReadHtmlCacheBehavior [ RunTime:0.000761s ]
INFO: [ app_begin ] --END-- [ RunTime:0.000828s ]
NOTIC: [8] Use of undefined constant            - assumed '          ' D:\wamp\www\tp\project\Admin\Controller\MemberController.class.php 第 86 行.
SQL: SHOW COLUMNS FROM `users` [ RunTime:0.0011s ]
NOTIC: [2] call_user_func_array() expects parameter 1 to be a valid callback, function 'checkPwd' not found or invalid function name D:\wamp\www\tp\ThinkPHP\Library\Think\Model.class.php 第 1279 行.
SQL: SELECT * FROM `users` WHERE `name` = 'admin' LIMIT 1   [ RunTime:0.0004s ]
SQL: SELECT * FROM `users` WHERE `email` = '12323@qq.com' LIMIT 1   [ RunTime:0.0003s ]
INFO: [ view_parse ] --START--
INFO: [ template_filter ] --START--
INFO: Run Behavior\ContentReplaceBehavior [ RunTime:0.000122s ]
INFO: [ template_filter ] --END-- [ RunTime:0.000236s ]
INFO: Run Behavior\ParseTemplateBehavior [ RunTime:0.007336s ]
INFO: [ view_parse ] --END-- [ RunTime:0.007414s ]
INFO: [ view_filter ] --START--
INFO: Run Behavior\WriteHtmlCacheBehavior [ RunTime:0.000710s ]
INFO: [ view_filter ] --END-- [ RunTime:0.000778s ]

[ 2017-08-20T01:52:57+08:00 ] 127.0.0.1 /admin/member/insert
INFO: [ app_init ] --START--
INFO: Run Behavior\BuildLiteBehavior [ RunTime:0.000016s ]
INFO: [ app_init ] --END-- [ RunTime:0.000589s ]
INFO: [ app_begin ] --START--
INFO: Run Behavior\ReadHtmlCacheBehavior [ RunTime:0.000614s ]
INFO: [ app_begin ] --END-- [ RunTime:0.000684s ]
NOTIC: [8] Use of undefined constant            - assumed '          ' D:\wamp\www\tp\project\Admin\Controller\MemberController.class.php 第 86 行.
SQL: SHOW COLUMNS FROM `users` [ RunTime:0.0011s ]
NOTIC: [2] call_user_func_array() expects parameter 1 to be a valid callback, function 'checkPwd' not found or invalid function name D:\wamp\www\tp\ThinkPHP\Library\Think\Model.class.php 第 1279 行.
SQL: SELECT * FROM `users` WHERE `name` = 'admin' LIMIT 1   [ RunTime:0.0003s ]
SQL: SELECT * FROM `users` WHERE `email` = '12323@qq.co111m' LIMIT 1   [ RunTime:0.0004s ]
NOTIC: [8] Undefined index: auto D:\wamp\www\tp\ThinkPHP\Library\Think\Model.class.php 第 1128 行.
NOTIC: [8] Undefined index: validate D:\wamp\www\tp\ThinkPHP\Library\Think\Model.class.php 第 1185 行.
NOTIC: [8] Undefined index: auto D:\wamp\www\tp\ThinkPHP\Library\Think\Model.class.php 第 1128 行.
SQL: INSERT INTO `users` (`name`,`email`,`password`,`type`,`phone`,`truename`,`status`,`birth`,`regtime`) VALUES ('admin','12323@qq.co111m','e10adc3949ba59abbe56e057f20f883e','1','13888888888','李硕','1','2017-1-1','1503165177') [ RunTime:0.0007s ]
SQL: SHOW COLUMNS FROM `member` [ RunTime:0.1108s ]
SQL: INSERT INTO `member` (`uid`,`tid`) VALUES ('23','1') [ RunTime:0.0011s ]
INFO: [ view_parse ] --START--
INFO: [ template_filter ] --START--
INFO: Run Behavior\ContentReplaceBehavior [ RunTime:0.000126s ]
INFO: [ template_filter ] --END-- [ RunTime:0.000366s ]
INFO: Run Behavior\ParseTemplateBehavior [ RunTime:0.018036s ]
INFO: [ view_parse ] --END-- [ RunTime:0.018314s ]
INFO: [ view_filter ] --START--
INFO: Run Behavior\WriteHtmlCacheBehavior [ RunTime:0.002180s ]
INFO: [ view_filter ] --END-- [ RunTime:0.002415s ]
INFO: [ app_end ] --START--
INFO: Run Behavior\ShowPageTraceBehavior [ RunTime:0.002727s ]
INFO: [ app_end ] --END-- [ RunTime:0.002970s ]

[ 2017-08-20T01:52:59+08:00 ] 127.0.0.1 /admin/member/index
INFO: [ app_init ] --START--
INFO: Run Behavior\BuildLiteBehavior [ RunTime:0.000027s ]
INFO: [ app_init ] --END-- [ RunTime:0.000967s ]
INFO: [ app_begin ] --START--
INFO: Run Behavior\ReadHtmlCacheBehavior [ RunTime:0.001051s ]
INFO: [ app_begin ] --END-- [ RunTime:0.001177s ]
SQL: SHOW COLUMNS FROM `users` [ RunTime:0.0010s ]
NOTIC: [8] Undefined index: p D:\wamp\www\tp\project\Admin\Controller\MemberController.class.php 第 17 行.
NOTIC: [8] Undefined index: keywords D:\wamp\www\tp\project\Admin\Controller\MemberController.class.php 第 22 行.
SQL: SELECT * FROM `users` WHERE `phone` LIKE '%%' AND `delete` = 1  [ RunTime:0.0005s ]
SQL: SELECT COUNT(*) AS tp_count FROM `users` WHERE `phone` LIKE '%%' AND `delete` = 1 LIMIT 1   [ RunTime:0.0003s ]
INFO: [ view_parse ] --START--
INFO: [ template_filter ] --START--
INFO: Run Behavior\ContentReplaceBehavior [ RunTime:0.000114s ]
INFO: [ template_filter ] --END-- [ RunTime:0.000191s ]
INFO: Run Behavior\ParseTemplateBehavior [ RunTime:0.026545s ]
INFO: [ view_parse ] --END-- [ RunTime:0.026631s ]
INFO: [ view_filter ] --START--
INFO: Run Behavior\WriteHtmlCacheBehavior [ RunTime:0.000833s ]
INFO: [ view_filter ] --END-- [ RunTime:0.000933s ]
INFO: [ app_end ] --START--
INFO: Run Behavior\ShowPageTraceBehavior [ RunTime:0.000887s ]
INFO: [ app_end ] --END-- [ RunTime:0.000965s ]

[ 2017-08-20T01:53:01+08:00 ] 127.0.0.1 /admin/member/index/p/2.html
INFO: [ app_init ] --START--
INFO: Run Behavior\BuildLiteBehavior [ RunTime:0.000021s ]
INFO: [ app_init ] --END-- [ RunTime:0.000730s ]
INFO: [ app_begin ] --START--
INFO: Run Behavior\ReadHtmlCacheBehavior [ RunTime:0.000782s ]
INFO: [ app_begin ] --END-- [ RunTime:0.000870s ]
SQL: SHOW COLUMNS FROM `users` [ RunTime:0.0011s ]
NOTIC: [8] Undefined index: keywords D:\wamp\www\tp\project\Admin\Controller\MemberController.class.php 第 22 行.
SQL: SELECT * FROM `users` WHERE `phone` LIKE '%%' AND `delete` = 1  [ RunTime:0.0005s ]
SQL: SELECT COUNT(*) AS tp_count FROM `users` WHERE `phone` LIKE '%%' AND `delete` = 1 LIMIT 1   [ RunTime:0.0003s ]
INFO: [ view_parse ] --START--
INFO: [ template_filter ] --START--
INFO: Run Behavior\ContentReplaceBehavior [ RunTime:0.000087s ]
INFO: [ template_filter ] --END-- [ RunTime:0.000167s ]
INFO: Run Behavior\ParseTemplateBehavior [ RunTime:0.008264s ]
INFO: [ view_parse ] --END-- [ RunTime:0.008348s ]
INFO: [ view_filter ] --START--
INFO: Run Behavior\WriteHtmlCacheBehavior [ RunTime:0.000549s ]
INFO: [ view_filter ] --END-- [ RunTime:0.000621s ]
INFO: [ app_end ] --START--
INFO: Run Behavior\ShowPageTraceBehavior [ RunTime:0.000758s ]
INFO: [ app_end ] --END-- [ RunTime:0.000836s ]

[ 2017-08-20T01:53:01+08:00 ] 127.0.0.1 /admin/member/index/p/3.html
INFO: [ app_init ] --START--
INFO: Run Behavior\BuildLiteBehavior [ RunTime:0.000020s ]
INFO: [ app_init ] --END-- [ RunTime:0.000703s ]
INFO: [ app_begin ] --START--
INFO: Run Behavior\ReadHtmlCacheBehavior [ RunTime:0.000786s ]
INFO: [ app_begin ] --END-- [ RunTime:0.000875s ]
SQL: SHOW COLUMNS FROM `users` [ RunTime:0.0013s ]
NOTIC: [8] Undefined index: keywords D:\wamp\www\tp\project\Admin\Controller\MemberController.class.php 第 22 行.
SQL: SELECT * FROM `users` WHERE `phone` LIKE '%%' AND `delete` = 1  [ RunTime:0.0005s ]
SQL: SELECT COUNT(*) AS tp_count FROM `users` WHERE `phone` LIKE '%%' AND `delete` = 1 LIMIT 1   [ RunTime:0.0004s ]
INFO: [ view_parse ] --START--
INFO: [ template_filter ] --START--
INFO: Run Behavior\ContentReplaceBehavior [ RunTime:0.000098s ]
INFO: [ template_filter ] --END-- [ RunTime:0.000186s ]
INFO: Run Behavior\ParseTemplateBehavior [ RunTime:0.008837s ]
INFO: [ view_parse ] --END-- [ RunTime:0.008933s ]
INFO: [ view_filter ] --START--
INFO: Run Behavior\WriteHtmlCacheBehavior [ RunTime:0.000629s ]
INFO: [ view_filter ] --END-- [ RunTime:0.000713s ]
INFO: [ app_end ] --START--
INFO: Run Behavior\ShowPageTraceBehavior [ RunTime:0.000928s ]
INFO: [ app_end ] --END-- [ RunTime:0.001032s ]

[ 2017-08-20T01:53:07+08:00 ] 127.0.0.1 /admin/member/index?keywords=13888888888
INFO: [ app_init ] --START--
INFO: Run Behavior\BuildLiteBehavior [ RunTime:0.000017s ]
INFO: [ app_init ] --END-- [ RunTime:0.000665s ]
INFO: [ app_begin ] --START--
INFO: Run Behavior\ReadHtmlCacheBehavior [ RunTime:0.000745s ]
INFO: [ app_begin ] --END-- [ RunTime:0.000812s ]
SQL: SHOW COLUMNS FROM `users` [ RunTime:0.0013s ]
NOTIC: [8] Undefined index: p D:\wamp\www\tp\project\Admin\Controller\MemberController.class.php 第 17 行.
SQL: SELECT * FROM `users` WHERE `phone` LIKE '%13888888888%' AND `delete` = 1  [ RunTime:0.0006s ]
SQL: SELECT COUNT(*) AS tp_count FROM `users` WHERE `phone` LIKE '%13888888888%' AND `delete` = 1 LIMIT 1   [ RunTime:0.0006s ]
INFO: [ view_parse ] --START--
INFO: [ template_filter ] --START--
INFO: Run Behavior\ContentReplaceBehavior [ RunTime:0.000085s ]
INFO: [ template_filter ] --END-- [ RunTime:0.000160s ]
INFO: Run Behavior\ParseTemplateBehavior [ RunTime:0.008870s ]
INFO: [ view_parse ] --END-- [ RunTime:0.008944s ]
INFO: [ view_filter ] --START--
INFO: Run Behavior\WriteHtmlCacheBehavior [ RunTime:0.000696s ]
INFO: [ view_filter ] --END-- [ RunTime:0.000759s ]
INFO: [ app_end ] --START--
INFO: Run Behavior\ShowPageTraceBehavior [ RunTime:0.001042s ]
INFO: [ app_end ] --END-- [ RunTime:0.001152s ]

[ 2017-08-20T01:53:18+08:00 ] 127.0.0.1 /admin/member/delete?id=23
INFO: [ app_init ] --START--
INFO: Run Behavior\BuildLiteBehavior [ RunTime:0.000022s ]
INFO: [ app_init ] --END-- [ RunTime:0.000745s ]
INFO: [ app_begin ] --START--
INFO: Run Behavior\ReadHtmlCacheBehavior [ RunTime:0.000895s ]
INFO: [ app_begin ] --END-- [ RunTime:0.000997s ]
SQL: SHOW COLUMNS FROM `users` [ RunTime:0.0010s ]
SQL: UPDATE `users` SET `delete`='2' WHERE ( id=23 ) [ RunTime:0.0004s ]
INFO: [ view_parse ] --START--
INFO: [ template_filter ] --START--
INFO: Run Behavior\ContentReplaceBehavior [ RunTime:0.000038s ]
INFO: [ template_filter ] --END-- [ RunTime:0.000106s ]
INFO: Run Behavior\ParseTemplateBehavior [ RunTime:0.005890s ]
INFO: [ view_parse ] --END-- [ RunTime:0.005957s ]
INFO: [ view_filter ] --START--
INFO: Run Behavior\WriteHtmlCacheBehavior [ RunTime:0.000592s ]
INFO: [ view_filter ] --END-- [ RunTime:0.000654s ]
INFO: [ app_end ] --START--
INFO: Run Behavior\ShowPageTraceBehavior [ RunTime:0.000718s ]
INFO: [ app_end ] --END-- [ RunTime:0.000795s ]

[ 2017-08-20T01:53:19+08:00 ] 127.0.0.1 /admin/member/index
INFO: [ app_init ] --START--
INFO: Run Behavior\BuildLiteBehavior [ RunTime:0.000017s ]
INFO: [ app_init ] --END-- [ RunTime:0.000654s ]
INFO: [ app_begin ] --START--
INFO: Run Behavior\ReadHtmlCacheBehavior [ RunTime:0.000645s ]
INFO: [ app_begin ] --END-- [ RunTime:0.000714s ]
SQL: SHOW COLUMNS FROM `users` [ RunTime:0.0010s ]
NOTIC: [8] Undefined index: p D:\wamp\www\tp\project\Admin\Controller\MemberController.class.php 第 17 行.
NOTIC: [8] Undefined index: keywords D:\wamp\www\tp\project\Admin\Controller\MemberController.class.php 第 22 行.
SQL: SELECT * FROM `users` WHERE `phone` LIKE '%%' AND `delete` = 1  [ RunTime:0.0005s ]
SQL: SELECT COUNT(*) AS tp_count FROM `users` WHERE `phone` LIKE '%%' AND `delete` = 1 LIMIT 1   [ RunTime:0.0003s ]
INFO: [ view_parse ] --START--
INFO: [ template_filter ] --START--
INFO: Run Behavior\ContentReplaceBehavior [ RunTime:0.000079s ]
INFO: [ template_filter ] --END-- [ RunTime:0.000151s ]
INFO: Run Behavior\ParseTemplateBehavior [ RunTime:0.007409s ]
INFO: [ view_parse ] --END-- [ RunTime:0.007508s ]
INFO: [ view_filter ] --START--
INFO: Run Behavior\WriteHtmlCacheBehavior [ RunTime:0.000482s ]
INFO: [ view_filter ] --END-- [ RunTime:0.000548s ]
INFO: [ app_end ] --START--
INFO: Run Behavior\ShowPageTraceBehavior [ RunTime:0.000706s ]
INFO: [ app_end ] --END-- [ RunTime:0.000780s ]

[ 2017-08-20T01:53:20+08:00 ] 127.0.0.1 /admin/member/recycle.html
INFO: [ app_init ] --START--
INFO: Run Behavior\BuildLiteBehavior [ RunTime:0.000020s ]
INFO: [ app_init ] --END-- [ RunTime:0.000724s ]
INFO: [ app_begin ] --START--
INFO: Run Behavior\ReadHtmlCacheBehavior [ RunTime:0.000777s ]
INFO: [ app_begin ] --END-- [ RunTime:0.000865s ]
SQL: SHOW COLUMNS FROM `users` [ RunTime:0.0012s ]
NOTIC: [8] Undefined index: p D:\wamp\www\tp\project\Admin\Controller\MemberController.class.php 第 306 行.
NOTIC: [8] Undefined index: keywords D:\wamp\www\tp\project\Admin\Controller\MemberController.class.php 第 311 行.
SQL: SELECT * FROM `users` WHERE `name` LIKE '%%' AND `delete` = 2 LIMIT 0,5   [ RunTime:0.0004s ]
SQL: SELECT COUNT(*) AS tp_count FROM `users` WHERE `name` LIKE '%%' AND `delete` = 2 LIMIT 0,5   [ RunTime:0.0003s ]
INFO: [ view_parse ] --START--
INFO: [ template_filter ] --START--
INFO: Run Behavior\ContentReplaceBehavior [ RunTime:0.000099s ]
INFO: [ template_filter ] --END-- [ RunTime:0.000190s ]
INFO: Run Behavior\ParseTemplateBehavior [ RunTime:0.043736s ]
INFO: [ view_parse ] --END-- [ RunTime:0.043844s ]
INFO: [ view_filter ] --START--
INFO: Run Behavior\WriteHtmlCacheBehavior [ RunTime:0.000603s ]
INFO: [ view_filter ] --END-- [ RunTime:0.000686s ]
INFO: [ app_end ] --START--
INFO: Run Behavior\ShowPageTraceBehavior [ RunTime:0.000832s ]
INFO: [ app_end ] --END-- [ RunTime:0.000927s ]

[ 2017-08-20T01:53:30+08:00 ] 127.0.0.1 /admin/mechanic/appointment.html
INFO: [ app_init ] --START--
INFO: Run Behavior\BuildLiteBehavior [ RunTime:0.000019s ]
INFO: [ app_init ] --END-- [ RunTime:0.000622s ]
INFO: [ app_begin ] --START--
INFO: Run Behavior\ReadHtmlCacheBehavior [ RunTime:0.000608s ]
INFO: [ app_begin ] --END-- [ RunTime:0.000685s ]
SQL: SHOW COLUMNS FROM `users` [ RunTime:0.0011s ]
NOTIC: [8] Undefined index: p D:\wamp\www\tp\project\Admin\Controller\MechanicController.class.php 第 298 行.
NOTIC: [8] Undefined index: keywords D:\wamp\www\tp\project\Admin\Controller\MechanicController.class.php 第 303 行.
SQL: SELECT * FROM `users` INNER JOIN appointment ON users.id = appointment.uid  WHERE ( tid=5 ) AND `a_phone` LIKE '%%'  [ RunTime:0.0201s ]
SQL: SELECT * FROM `users` INNER JOIN appointment ON users.id = appointment.gid  WHERE ( gid=9 ) AND `delete` = 1 LIMIT 1   [ RunTime:0.0004s ]
SQL: SELECT * FROM `users` INNER JOIN appointment ON users.id = appointment.gid  WHERE ( gid=9 ) AND `delete` = 1 LIMIT 1   [ RunTime:0.0003s ]
SQL: SELECT * FROM `users` INNER JOIN appointment ON users.id = appointment.gid  WHERE ( gid=9 ) AND `delete` = 1 LIMIT 1   [ RunTime:0.0004s ]
SQL: SELECT * FROM `users` INNER JOIN appointment ON users.id = appointment.gid  WHERE ( gid=9 ) AND `delete` = 1 LIMIT 1   [ RunTime:0.0003s ]
SQL: SELECT * FROM `users` INNER JOIN appointment ON users.id = appointment.gid  WHERE ( gid=9 ) AND `delete` = 1 LIMIT 1   [ RunTime:0.0004s ]
SQL: SELECT * FROM `users` INNER JOIN appointment ON users.id = appointment.gid  WHERE ( gid=9 ) AND `delete` = 1 LIMIT 1   [ RunTime:0.0004s ]
SQL: SELECT * FROM `users` INNER JOIN appointment ON users.id = appointment.gid  WHERE ( gid=9 ) AND `delete` = 1 LIMIT 1   [ RunTime:0.0004s ]
SQL: SELECT * FROM `users` INNER JOIN appointment ON users.id = appointment.gid  WHERE ( gid=9 ) AND `delete` = 1 LIMIT 1   [ RunTime:0.0004s ]
INFO: [ view_parse ] --START--
INFO: [ template_filter ] --START--
INFO: Run Behavior\ContentReplaceBehavior [ RunTime:0.000085s ]
INFO: [ template_filter ] --END-- [ RunTime:0.000159s ]
INFO: Run Behavior\ParseTemplateBehavior [ RunTime:0.052157s ]
INFO: [ view_parse ] --END-- [ RunTime:0.052240s ]
INFO: [ view_filter ] --START--
INFO: Run Behavior\WriteHtmlCacheBehavior [ RunTime:0.000617s ]
INFO: [ view_filter ] --END-- [ RunTime:0.000688s ]
INFO: [ app_end ] --START--
INFO: Run Behavior\ShowPageTraceBehavior [ RunTime:0.000777s ]
INFO: [ app_end ] --END-- [ RunTime:0.000851s ]

[ 2017-08-20T01:53:31+08:00 ] 127.0.0.1 /admin/mechanic/add.html
INFO: [ app_init ] --START--
INFO: Run Behavior\BuildLiteBehavior [ RunTime:0.000019s ]
INFO: [ app_init ] --END-- [ RunTime:0.000678s ]
INFO: [ app_begin ] --START--
INFO: Run Behavior\ReadHtmlCacheBehavior [ RunTime:0.001187s ]
INFO: [ app_begin ] --END-- [ RunTime:0.001279s ]
INFO: [ view_parse ] --START--
INFO: [ template_filter ] --START--
INFO: Run Behavior\ContentReplaceBehavior [ RunTime:0.000167s ]
INFO: [ template_filter ] --END-- [ RunTime:0.000306s ]
INFO: Run Behavior\ParseTemplateBehavior [ RunTime:0.069465s ]
INFO: [ view_parse ] --END-- [ RunTime:0.069660s ]
INFO: [ view_filter ] --START--
INFO: Run Behavior\WriteHtmlCacheBehavior [ RunTime:0.002010s ]
INFO: [ view_filter ] --END-- [ RunTime:0.002269s ]
INFO: [ app_end ] --START--
INFO: Run Behavior\ShowPageTraceBehavior [ RunTime:0.002735s ]
INFO: [ app_end ] --END-- [ RunTime:0.002988s ]

[ 2017-08-20T01:53:32+08:00 ] 127.0.0.1 /admin/mechanic/index.html
INFO: [ app_init ] --START--
INFO: Run Behavior\BuildLiteBehavior [ RunTime:0.000020s ]
INFO: [ app_init ] --END-- [ RunTime:0.000729s ]
INFO: [ app_begin ] --START--
INFO: Run Behavior\ReadHtmlCacheBehavior [ RunTime:0.000776s ]
INFO: [ app_begin ] --END-- [ RunTime:0.000866s ]
SQL: SHOW COLUMNS FROM `users` [ RunTime:0.0008s ]
NOTIC: [8] Undefined index: p D:\wamp\www\tp\project\Admin\Controller\MechanicController.class.php 第 19 行.
NOTIC: [8] Undefined index: keywords D:\wamp\www\tp\project\Admin\Controller\MechanicController.class.php 第 24 行.
SQL: SELECT `uid`,`city`,`truename`,`qq`,`phone`,`status`,`delete`,`level`,`photo`,`types`,`audit` FROM `users` INNER JOIN mechanic ON users.id = mechanic.uid  WHERE `phone` LIKE '%%' AND `delete` = 1  [ RunTime:0.0208s ]
SQL: SELECT COUNT(*) AS tp_count FROM `users` INNER JOIN mechanic ON users.id = mechanic.uid  WHERE `phone` LIKE '%%' AND `delete` = 1 LIMIT 1   [ RunTime:0.0004s ]
INFO: [ view_parse ] --START--
INFO: [ template_filter ] --START--
INFO: Run Behavior\ContentReplaceBehavior [ RunTime:0.000117s ]
INFO: [ template_filter ] --END-- [ RunTime:0.000211s ]
INFO: Run Behavior\ParseTemplateBehavior [ RunTime:0.068447s ]
INFO: [ view_parse ] --END-- [ RunTime:0.068556s ]
INFO: [ view_filter ] --START--
INFO: Run Behavior\WriteHtmlCacheBehavior [ RunTime:0.000658s ]
INFO: [ view_filter ] --END-- [ RunTime:0.000749s ]
INFO: [ app_end ] --START--
INFO: Run Behavior\ShowPageTraceBehavior [ RunTime:0.000989s ]
INFO: [ app_end ] --END-- [ RunTime:0.001088s ]

[ 2017-08-20T01:54:19+08:00 ] 127.0.0.1 /admin/mechanic/edit?id=8
INFO: [ app_init ] --START--
INFO: Run Behavior\BuildLiteBehavior [ RunTime:0.000021s ]
INFO: [ app_init ] --END-- [ RunTime:0.000700s ]
INFO: [ app_begin ] --START--
INFO: Run Behavior\ReadHtmlCacheBehavior [ RunTime:0.000722s ]
INFO: [ app_begin ] --END-- [ RunTime:0.000805s ]
SQL: SHOW COLUMNS FROM `users` [ RunTime:0.0008s ]
SQL: SELECT `uid`,`name`,`email`,`truename`,`qq`,`phone`,`status`,`delete`,`level`,`photo`,`types`,`audit` FROM `users` INNER JOIN mechanic ON users.id = mechanic.uid  WHERE ( uid=8 ) LIMIT 1   [ RunTime:0.0009s ]
INFO: [ view_parse ] --START--
INFO: [ template_filter ] --START--
INFO: Run Behavior\ContentReplaceBehavior [ RunTime:0.000108s ]
INFO: [ template_filter ] --END-- [ RunTime:0.000207s ]
INFO: Run Behavior\ParseTemplateBehavior [ RunTime:0.130933s ]
INFO: [ view_parse ] --END-- [ RunTime:0.131028s ]
INFO: [ view_filter ] --START--
INFO: Run Behavior\WriteHtmlCacheBehavior [ RunTime:0.000536s ]
INFO: [ view_filter ] --END-- [ RunTime:0.000621s ]
INFO: [ app_end ] --START--
INFO: Run Behavior\ShowPageTraceBehavior [ RunTime:0.000749s ]
INFO: [ app_end ] --END-- [ RunTime:0.000827s ]

[ 2017-08-20T01:55:15+08:00 ] 127.0.0.1 /admin/company/index.html
INFO: [ app_init ] --START--
INFO: Run Behavior\BuildLiteBehavior [ RunTime:0.000021s ]
INFO: [ app_init ] --END-- [ RunTime:0.000809s ]
INFO: [ app_begin ] --START--
INFO: Run Behavior\ReadHtmlCacheBehavior [ RunTime:0.001492s ]
INFO: [ app_begin ] --END-- [ RunTime:0.001689s ]
SQL: SHOW COLUMNS FROM `users` [ RunTime:0.0014s ]
NOTIC: [8] Undefined index: p D:\wamp\www\tp\project\Admin\Controller\CompanyController.class.php 第 18 行.
NOTIC: [8] Undefined index: keywords D:\wamp\www\tp\project\Admin\Controller\CompanyController.class.php 第 23 行.
SQL: SELECT `uid`,`city`,`qq`,`c_phone`,`level`,`c_name`,`status`,`delete`,`audit`,`contacts` FROM `users` INNER JOIN company ON users.id = company.uid  WHERE `c_phone` LIKE '%%' AND `delete` = 1  [ RunTime:0.0016s ]
SQL: SELECT COUNT(*) AS tp_count FROM `users` INNER JOIN company ON users.id = company.uid  WHERE `c_phone` LIKE '%%' AND `delete` = 1 LIMIT 1   [ RunTime:0.0004s ]
INFO: [ view_parse ] --START--
INFO: [ template_filter ] --START--
INFO: Run Behavior\ContentReplaceBehavior [ RunTime:0.000297s ]
INFO: [ template_filter ] --END-- [ RunTime:0.000530s ]
INFO: Run Behavior\ParseTemplateBehavior [ RunTime:0.135668s ]
INFO: [ view_parse ] --END-- [ RunTime:0.135853s ]
INFO: [ view_filter ] --START--
INFO: Run Behavior\WriteHtmlCacheBehavior [ RunTime:0.002118s ]
INFO: [ view_filter ] --END-- [ RunTime:0.002386s ]
INFO: [ app_end ] --START--
INFO: Run Behavior\ShowPageTraceBehavior [ RunTime:0.002030s ]
INFO: [ app_end ] --END-- [ RunTime:0.002249s ]

[ 2017-08-20T01:55:17+08:00 ] 127.0.0.1 /admin/company/index.html
INFO: [ app_init ] --START--
INFO: Run Behavior\BuildLiteBehavior [ RunTime:0.000018s ]
INFO: [ app_init ] --END-- [ RunTime:0.000616s ]
INFO: [ app_begin ] --START--
INFO: Run Behavior\ReadHtmlCacheBehavior [ RunTime:0.000637s ]
INFO: [ app_begin ] --END-- [ RunTime:0.000717s ]
SQL: SHOW COLUMNS FROM `users` [ RunTime:0.0012s ]
NOTIC: [8] Undefined index: p D:\wamp\www\tp\project\Admin\Controller\CompanyController.class.php 第 18 行.
NOTIC: [8] Undefined index: keywords D:\wamp\www\tp\project\Admin\Controller\CompanyController.class.php 第 23 行.
SQL: SELECT `uid`,`city`,`qq`,`c_phone`,`level`,`c_name`,`status`,`delete`,`audit`,`contacts` FROM `users` INNER JOIN company ON users.id = company.uid  WHERE `c_phone` LIKE '%%' AND `delete` = 1  [ RunTime:0.0011s ]
SQL: SELECT COUNT(*) AS tp_count FROM `users` INNER JOIN company ON users.id = company.uid  WHERE `c_phone` LIKE '%%' AND `delete` = 1 LIMIT 1   [ RunTime:0.0004s ]
INFO: [ view_parse ] --START--
INFO: [ template_filter ] --START--
INFO: Run Behavior\ContentReplaceBehavior [ RunTime:0.000086s ]
INFO: [ template_filter ] --END-- [ RunTime:0.000160s ]
INFO: Run Behavior\ParseTemplateBehavior [ RunTime:0.007380s ]
INFO: [ view_parse ] --END-- [ RunTime:0.007464s ]
INFO: [ view_filter ] --START--
INFO: Run Behavior\WriteHtmlCacheBehavior [ RunTime:0.000500s ]
INFO: [ view_filter ] --END-- [ RunTime:0.000576s ]
INFO: [ app_end ] --START--
INFO: Run Behavior\ShowPageTraceBehavior [ RunTime:0.000722s ]
INFO: [ app_end ] --END-- [ RunTime:0.000809s ]

[ 2017-08-20T01:55:18+08:00 ] 127.0.0.1 /admin/company/index.html
INFO: [ app_init ] --START--
INFO: Run Behavior\BuildLiteBehavior [ RunTime:0.000024s ]
INFO: [ app_init ] --END-- [ RunTime:0.000971s ]
INFO: [ app_begin ] --START--
INFO: Run Behavior\ReadHtmlCacheBehavior [ RunTime:0.000787s ]
INFO: [ app_begin ] --END-- [ RunTime:0.000878s ]
SQL: SHOW COLUMNS FROM `users` [ RunTime:0.0012s ]
NOTIC: [8] Undefined index: p D:\wamp\www\tp\project\Admin\Controller\CompanyController.class.php 第 18 行.
NOTIC: [8] Undefined index: keywords D:\wamp\www\tp\project\Admin\Controller\CompanyController.class.php 第 23 行.
SQL: SELECT `uid`,`city`,`qq`,`c_phone`,`level`,`c_name`,`status`,`delete`,`audit`,`contacts` FROM `users` INNER JOIN company ON users.id = company.uid  WHERE `c_phone` LIKE '%%' AND `delete` = 1  [ RunTime:0.0010s ]
SQL: SELECT COUNT(*) AS tp_count FROM `users` INNER JOIN company ON users.id = company.uid  WHERE `c_phone` LIKE '%%' AND `delete` = 1 LIMIT 1   [ RunTime:0.0012s ]
INFO: [ view_parse ] --START--
INFO: [ template_filter ] --START--
INFO: Run Behavior\ContentReplaceBehavior [ RunTime:0.000112s ]
INFO: [ template_filter ] --END-- [ RunTime:0.000213s ]
INFO: Run Behavior\ParseTemplateBehavior [ RunTime:0.009010s ]
INFO: [ view_parse ] --END-- [ RunTime:0.009127s ]
INFO: [ view_filter ] --START--
INFO: Run Behavior\WriteHtmlCacheBehavior [ RunTime:0.000604s ]
INFO: [ view_filter ] --END-- [ RunTime:0.000726s ]
INFO: [ app_end ] --START--
INFO: Run Behavior\ShowPageTraceBehavior [ RunTime:0.000879s ]
INFO: [ app_end ] --END-- [ RunTime:0.000980s ]

[ 2017-08-20T01:55:20+08:00 ] 127.0.0.1 /admin/company/index.html
INFO: [ app_init ] --START--
INFO: Run Behavior\BuildLiteBehavior [ RunTime:0.000027s ]
INFO: [ app_init ] --END-- [ RunTime:0.001477s ]
INFO: [ app_begin ] --START--
INFO: Run Behavior\ReadHtmlCacheBehavior [ RunTime:0.000798s ]
INFO: [ app_begin ] --END-- [ RunTime:0.000890s ]
SQL: SHOW COLUMNS FROM `users` [ RunTime:0.0012s ]
NOTIC: [8] Undefined index: p D:\wamp\www\tp\project\Admin\Controller\CompanyController.class.php 第 18 行.
NOTIC: [8] Undefined index: keywords D:\wamp\www\tp\project\Admin\Controller\CompanyController.class.php 第 23 行.
SQL: SELECT `uid`,`city`,`qq`,`c_phone`,`level`,`c_name`,`status`,`delete`,`audit`,`contacts` FROM `users` INNER JOIN company ON users.id = company.uid  WHERE `c_phone` LIKE '%%' AND `delete` = 1  [ RunTime:0.0019s ]
SQL: SELECT COUNT(*) AS tp_count FROM `users` INNER JOIN company ON users.id = company.uid  WHERE `c_phone` LIKE '%%' AND `delete` = 1 LIMIT 1   [ RunTime:0.0005s ]
INFO: [ view_parse ] --START--
INFO: [ template_filter ] --START--
INFO: Run Behavior\ContentReplaceBehavior [ RunTime:0.000110s ]
INFO: [ template_filter ] --END-- [ RunTime:0.000247s ]
INFO: Run Behavior\ParseTemplateBehavior [ RunTime:0.009368s ]
INFO: [ view_parse ] --END-- [ RunTime:0.009515s ]
INFO: [ view_filter ] --START--
INFO: Run Behavior\WriteHtmlCacheBehavior [ RunTime:0.000665s ]
INFO: [ view_filter ] --END-- [ RunTime:0.000788s ]
INFO: [ app_end ] --START--
INFO: Run Behavior\ShowPageTraceBehavior [ RunTime:0.001367s ]
INFO: [ app_end ] --END-- [ RunTime:0.001476s ]

[ 2017-08-20T01:55:21+08:00 ] 127.0.0.1 /admin/company/add
INFO: [ app_init ] --START--
INFO: Run Behavior\BuildLiteBehavior [ RunTime:0.000020s ]
INFO: [ app_init ] --END-- [ RunTime:0.000735s ]
INFO: [ app_begin ] --START--
INFO: Run Behavior\ReadHtmlCacheBehavior [ RunTime:0.000782s ]
INFO: [ app_begin ] --END-- [ RunTime:0.000873s ]
INFO: [ view_parse ] --START--
INFO: [ template_filter ] --START--
INFO: Run Behavior\ContentReplaceBehavior [ RunTime:0.000103s ]
INFO: [ template_filter ] --END-- [ RunTime:0.000204s ]
INFO: Run Behavior\ParseTemplateBehavior [ RunTime:0.007821s ]
INFO: [ view_parse ] --END-- [ RunTime:0.007970s ]
INFO: [ view_filter ] --START--
INFO: Run Behavior\WriteHtmlCacheBehavior [ RunTime:0.000628s ]
INFO: [ view_filter ] --END-- [ RunTime:0.000762s ]
INFO: [ app_end ] --START--
INFO: Run Behavior\ShowPageTraceBehavior [ RunTime:0.000818s ]
INFO: [ app_end ] --END-- [ RunTime:0.000908s ]

[ 2017-08-20T01:55:43+08:00 ] 127.0.0.1 /admin/company/staindex.html
INFO: [ app_init ] --START--
INFO: Run Behavior\BuildLiteBehavior [ RunTime:0.000018s ]
INFO: [ app_init ] --END-- [ RunTime:0.000607s ]
INFO: [ app_begin ] --START--
INFO: Run Behavior\ReadHtmlCacheBehavior [ RunTime:0.000634s ]
INFO: [ app_begin ] --END-- [ RunTime:0.000707s ]
SQL: SHOW COLUMNS FROM `users` [ RunTime:0.0006s ]
NOTIC: [8] Undefined index: p D:\wamp\www\tp\project\Admin\Controller\CompanyController.class.php 第 281 行.
NOTIC: [8] Undefined index: keywords D:\wamp\www\tp\project\Admin\Controller\CompanyController.class.php 第 286 行.
SQL: SELECT `uid`,`city`,`qq`,`c_phone`,`level`,`c_name`,`status`,`delete`,`audit`,`contacts` FROM `users` INNER JOIN company ON users.id = company.uid  WHERE `c_phone` LIKE '%%' AND `delete` = 1 AND ( audit=1 )  [ RunTime:0.0008s ]
SQL: SELECT COUNT(*) AS tp_count FROM `users` INNER JOIN company ON users.id = company.uid  WHERE `c_phone` LIKE '%%' AND `delete` = 1 AND ( audit=1 ) LIMIT 1   [ RunTime:0.0003s ]
INFO: [ view_parse ] --START--
INFO: [ template_filter ] --START--
INFO: Run Behavior\ContentReplaceBehavior [ RunTime:0.000083s ]
INFO: [ template_filter ] --END-- [ RunTime:0.000158s ]
INFO: Run Behavior\ParseTemplateBehavior [ RunTime:0.070865s ]
INFO: [ view_parse ] --END-- [ RunTime:0.070981s ]
INFO: [ view_filter ] --START--
INFO: Run Behavior\WriteHtmlCacheBehavior [ RunTime:0.000574s ]
INFO: [ view_filter ] --END-- [ RunTime:0.000680s ]
INFO: [ app_end ] --START--
INFO: Run Behavior\ShowPageTraceBehavior [ RunTime:0.000912s ]
INFO: [ app_end ] --END-- [ RunTime:0.000997s ]

[ 2017-08-20T01:56:25+08:00 ] 127.0.0.1 /admin/company/index.html
INFO: [ app_init ] --START--
INFO: Run Behavior\BuildLiteBehavior [ RunTime:0.000020s ]
INFO: [ app_init ] --END-- [ RunTime:0.000809s ]
INFO: [ app_begin ] --START--
INFO: Run Behavior\ReadHtmlCacheBehavior [ RunTime:0.000983s ]
INFO: [ app_begin ] --END-- [ RunTime:0.001080s ]
SQL: SHOW COLUMNS FROM `users` [ RunTime:0.0007s ]
NOTIC: [8] Undefined index: p D:\wamp\www\tp\project\Admin\Controller\CompanyController.class.php 第 18 行.
NOTIC: [8] Undefined index: keywords D:\wamp\www\tp\project\Admin\Controller\CompanyController.class.php 第 23 行.
SQL: SELECT `uid`,`city`,`qq`,`c_phone`,`level`,`c_name`,`status`,`delete`,`audit`,`contacts` FROM `users` INNER JOIN company ON users.id = company.uid  WHERE `c_phone` LIKE '%%' AND `delete` = 1  [ RunTime:0.0010s ]
SQL: SELECT COUNT(*) AS tp_count FROM `users` INNER JOIN company ON users.id = company.uid  WHERE `c_phone` LIKE '%%' AND `delete` = 1 LIMIT 1   [ RunTime:0.0004s ]
INFO: [ view_parse ] --START--
INFO: [ template_filter ] --START--
INFO: Run Behavior\ContentReplaceBehavior [ RunTime:0.000106s ]
INFO: [ template_filter ] --END-- [ RunTime:0.000195s ]
INFO: Run Behavior\ParseTemplateBehavior [ RunTime:0.011322s ]
INFO: [ view_parse ] --END-- [ RunTime:0.011422s ]
INFO: [ view_filter ] --START--
INFO: Run Behavior\WriteHtmlCacheBehavior [ RunTime:0.000715s ]
INFO: [ view_filter ] --END-- [ RunTime:0.000797s ]
INFO: [ app_end ] --START--
INFO: Run Behavior\ShowPageTraceBehavior [ RunTime:0.001054s ]
INFO: [ app_end ] --END-- [ RunTime:0.001152s ]

[ 2017-08-20T01:56:30+08:00 ] 127.0.0.1 /admin/company/edit?id=17
INFO: [ app_init ] --START--
INFO: Run Behavior\BuildLiteBehavior [ RunTime:0.000020s ]
INFO: [ app_init ] --END-- [ RunTime:0.000740s ]
INFO: [ app_begin ] --START--
INFO: Run Behavior\ReadHtmlCacheBehavior [ RunTime:0.000771s ]
INFO: [ app_begin ] --END-- [ RunTime:0.000860s ]
SQL: SHOW COLUMNS FROM `users` [ RunTime:0.0008s ]
SQL: SELECT `uid`,`name`,`introduce`,`level`,`qq`,`c_phone`,`level`,`c_name`,`audit`,`contacts`,`status` FROM `users` INNER JOIN company ON users.id = company.uid  WHERE ( uid=17 ) LIMIT 1   [ RunTime:0.0010s ]
INFO: [ view_parse ] --START--
INFO: [ template_filter ] --START--
INFO: Run Behavior\ContentReplaceBehavior [ RunTime:0.000106s ]
INFO: [ template_filter ] --END-- [ RunTime:0.000200s ]
INFO: Run Behavior\ParseTemplateBehavior [ RunTime:0.039078s ]
INFO: [ view_parse ] --END-- [ RunTime:0.039166s ]
INFO: [ view_filter ] --START--
INFO: Run Behavior\WriteHtmlCacheBehavior [ RunTime:0.000481s ]
INFO: [ view_filter ] --END-- [ RunTime:0.000543s ]
INFO: [ app_end ] --START--
INFO: Run Behavior\ShowPageTraceBehavior [ RunTime:0.000751s ]
INFO: [ app_end ] --END-- [ RunTime:0.000837s ]

[ 2017-08-20T01:56:34+08:00 ] 127.0.0.1 /admin/company/update
INFO: [ app_init ] --START--
INFO: Run Behavior\BuildLiteBehavior [ RunTime:0.000017s ]
INFO: [ app_init ] --END-- [ RunTime:0.000822s ]
INFO: [ app_begin ] --START--
INFO: Run Behavior\ReadHtmlCacheBehavior [ RunTime:0.001154s ]
INFO: [ app_begin ] --END-- [ RunTime:0.001246s ]
NOTIC: [2] finfo_file(): Empty filename or path D:\wamp\www\tp\ThinkPHP\Library\Think\Upload.class.php 第 153 行.
NOTIC: [2] finfo_file(): Empty filename or path D:\wamp\www\tp\ThinkPHP\Library\Think\Upload.class.php 第 153 行.
NOTIC: [2] finfo_file(): Empty filename or path D:\wamp\www\tp\ThinkPHP\Library\Think\Upload.class.php 第 153 行.
NOTIC: [2] Invalid argument supplied for foreach() D:\wamp\www\tp\project\Admin\Controller\CompanyController.class.php 第 188 行.
SQL: SHOW COLUMNS FROM `company` [ RunTime:0.0010s ]
SQL: SELECT * FROM `company` WHERE ( uid=17 ) LIMIT 1   [ RunTime:0.0004s ]
SQL: SHOW COLUMNS FROM `users` [ RunTime:0.0006s ]
SQL: UPDATE `users` SET `name`='admin123',`city`='省份,地级市,市、县级市',`audit`='1',`status`='1' WHERE ( id=17 ) [ RunTime:0.0003s ]
NOTIC: [8] Undefined variable: filename D:\wamp\www\tp\project\Admin\Controller\CompanyController.class.php 第 227 行.
NOTIC: [8] Undefined variable: filename D:\wamp\www\tp\project\Admin\Controller\CompanyController.class.php 第 228 行.
NOTIC: [8] Undefined variable: filename D:\wamp\www\tp\project\Admin\Controller\CompanyController.class.php 第 229 行.
SQL: UPDATE `company` SET `banner`='',`clogo`='',`zlogo`='',`c_name`='123',`introduce`='123123',`contacts`='32323123',`qq`='123456789',`c_phone`='2147483647',`level`='1' WHERE ( uid=17 ) [ RunTime:0.0005s ]
INFO: [ view_parse ] --START--
INFO: [ template_filter ] --START--
INFO: Run Behavior\ContentReplaceBehavior [ RunTime:0.000076s ]
INFO: [ template_filter ] --END-- [ RunTime:0.000154s ]
INFO: Run Behavior\ParseTemplateBehavior [ RunTime:0.007366s ]
INFO: [ view_parse ] --END-- [ RunTime:0.007448s ]
INFO: [ view_filter ] --START--
INFO: Run Behavior\WriteHtmlCacheBehavior [ RunTime:0.000733s ]
INFO: [ view_filter ] --END-- [ RunTime:0.000798s ]
INFO: [ app_end ] --START--
INFO: Run Behavior\ShowPageTraceBehavior [ RunTime:0.000817s ]
INFO: [ app_end ] --END-- [ RunTime:0.000884s ]

[ 2017-08-20T01:56:35+08:00 ] 127.0.0.1 /admin/company/index
INFO: [ app_init ] --START--
INFO: Run Behavior\BuildLiteBehavior [ RunTime:0.000019s ]
INFO: [ app_init ] --END-- [ RunTime:0.001120s ]
INFO: [ app_begin ] --START--
INFO: Run Behavior\ReadHtmlCacheBehavior [ RunTime:0.000771s ]
INFO: [ app_begin ] --END-- [ RunTime:0.000843s ]
SQL: SHOW COLUMNS FROM `users` [ RunTime:0.0007s ]
NOTIC: [8] Undefined index: p D:\wamp\www\tp\project\Admin\Controller\CompanyController.class.php 第 18 行.
NOTIC: [8] Undefined index: keywords D:\wamp\www\tp\project\Admin\Controller\CompanyController.class.php 第 23 行.
SQL: SELECT `uid`,`city`,`qq`,`c_phone`,`level`,`c_name`,`status`,`delete`,`audit`,`contacts` FROM `users` INNER JOIN company ON users.id = company.uid  WHERE `c_phone` LIKE '%%' AND `delete` = 1  [ RunTime:0.0009s ]
SQL: SELECT COUNT(*) AS tp_count FROM `users` INNER JOIN company ON users.id = company.uid  WHERE `c_phone` LIKE '%%' AND `delete` = 1 LIMIT 1   [ RunTime:0.0003s ]
INFO: [ view_parse ] --START--
INFO: [ template_filter ] --START--
INFO: Run Behavior\ContentReplaceBehavior [ RunTime:0.000077s ]
INFO: [ template_filter ] --END-- [ RunTime:0.000143s ]
INFO: Run Behavior\ParseTemplateBehavior [ RunTime:0.007202s ]
INFO: [ view_parse ] --END-- [ RunTime:0.007295s ]
INFO: [ view_filter ] --START--
INFO: Run Behavior\WriteHtmlCacheBehavior [ RunTime:0.000791s ]
INFO: [ view_filter ] --END-- [ RunTime:0.000859s ]
INFO: [ app_end ] --START--
INFO: Run Behavior\ShowPageTraceBehavior [ RunTime:0.000765s ]
INFO: [ app_end ] --END-- [ RunTime:0.000839s ]

[ 2017-08-20T01:56:37+08:00 ] 127.0.0.1 /admin/company/staindex.html
INFO: [ app_init ] --START--
INFO: Run Behavior\BuildLiteBehavior [ RunTime:0.000016s ]
INFO: [ app_init ] --END-- [ RunTime:0.000681s ]
INFO: [ app_begin ] --START--
INFO: Run Behavior\ReadHtmlCacheBehavior [ RunTime:0.000620s ]
INFO: [ app_begin ] --END-- [ RunTime:0.000688s ]
SQL: SHOW COLUMNS FROM `users` [ RunTime:0.0007s ]
NOTIC: [8] Undefined index: p D:\wamp\www\tp\project\Admin\Controller\CompanyController.class.php 第 281 行.
NOTIC: [8] Undefined index: keywords D:\wamp\www\tp\project\Admin\Controller\CompanyController.class.php 第 286 行.
SQL: SELECT `uid`,`city`,`qq`,`c_phone`,`level`,`c_name`,`status`,`delete`,`audit`,`contacts` FROM `users` INNER JOIN company ON users.id = company.uid  WHERE `c_phone` LIKE '%%' AND `delete` = 1 AND ( audit=1 )  [ RunTime:0.0009s ]
SQL: SELECT COUNT(*) AS tp_count FROM `users` INNER JOIN company ON users.id = company.uid  WHERE `c_phone` LIKE '%%' AND `delete` = 1 AND ( audit=1 ) LIMIT 1   [ RunTime:0.0004s ]
INFO: [ view_parse ] --START--
INFO: [ template_filter ] --START--
INFO: Run Behavior\ContentReplaceBehavior [ RunTime:0.000180s ]
INFO: [ template_filter ] --END-- [ RunTime:0.000347s ]
INFO: Run Behavior\ParseTemplateBehavior [ RunTime:0.008447s ]
INFO: [ view_parse ] --END-- [ RunTime:0.008521s ]
INFO: [ view_filter ] --START--
INFO: Run Behavior\WriteHtmlCacheBehavior [ RunTime:0.000465s ]
INFO: [ view_filter ] --END-- [ RunTime:0.000527s ]
INFO: [ app_end ] --START--
INFO: Run Behavior\ShowPageTraceBehavior [ RunTime:0.000697s ]
INFO: [ app_end ] --END-- [ RunTime:0.000769s ]

[ 2017-08-20T01:56:43+08:00 ] 127.0.0.1 /admin/company/gogo?id=17
INFO: [ app_init ] --START--
INFO: Run Behavior\BuildLiteBehavior [ RunTime:0.000022s ]
INFO: [ app_init ] --END-- [ RunTime:0.000837s ]
INFO: [ app_begin ] --START--
INFO: Run Behavior\ReadHtmlCacheBehavior [ RunTime:0.000998s ]
INFO: [ app_begin ] --END-- [ RunTime:0.001105s ]
SQL: SHOW COLUMNS FROM `users` [ RunTime:0.0007s ]
SQL: UPDATE `users` SET `audit`='2' WHERE ( id=17 ) [ RunTime:0.0004s ]
INFO: [ view_parse ] --START--
INFO: [ template_filter ] --START--
INFO: Run Behavior\ContentReplaceBehavior [ RunTime:0.000046s ]
INFO: [ template_filter ] --END-- [ RunTime:0.000127s ]
INFO: Run Behavior\ParseTemplateBehavior [ RunTime:0.007824s ]
INFO: [ view_parse ] --END-- [ RunTime:0.007904s ]
INFO: [ view_filter ] --START--
INFO: Run Behavior\WriteHtmlCacheBehavior [ RunTime:0.000681s ]
INFO: [ view_filter ] --END-- [ RunTime:0.000753s ]
INFO: [ app_end ] --START--
INFO: Run Behavior\ShowPageTraceBehavior [ RunTime:0.000927s ]
INFO: [ app_end ] --END-- [ RunTime:0.001055s ]

[ 2017-08-20T01:56:45+08:00 ] 127.0.0.1 /admin/company/staindex
INFO: [ app_init ] --START--
INFO: Run Behavior\BuildLiteBehavior [ RunTime:0.000020s ]
INFO: [ app_init ] --END-- [ RunTime:0.000672s ]
INFO: [ app_begin ] --START--
INFO: Run Behavior\ReadHtmlCacheBehavior [ RunTime:0.000703s ]
INFO: [ app_begin ] --END-- [ RunTime:0.000790s ]
SQL: SHOW COLUMNS FROM `users` [ RunTime:0.0011s ]
NOTIC: [8] Undefined index: p D:\wamp\www\tp\project\Admin\Controller\CompanyController.class.php 第 281 行.
NOTIC: [8] Undefined index: keywords D:\wamp\www\tp\project\Admin\Controller\CompanyController.class.php 第 286 行.
SQL: SELECT `uid`,`city`,`qq`,`c_phone`,`level`,`c_name`,`status`,`delete`,`audit`,`contacts` FROM `users` INNER JOIN company ON users.id = company.uid  WHERE `c_phone` LIKE '%%' AND `delete` = 1 AND ( audit=1 )  [ RunTime:0.0011s ]
SQL: SELECT COUNT(*) AS tp_count FROM `users` INNER JOIN company ON users.id = company.uid  WHERE `c_phone` LIKE '%%' AND `delete` = 1 AND ( audit=1 ) LIMIT 1   [ RunTime:0.0004s ]
INFO: [ view_parse ] --START--
INFO: [ template_filter ] --START--
INFO: Run Behavior\ContentReplaceBehavior [ RunTime:0.000091s ]
INFO: [ template_filter ] --END-- [ RunTime:0.000169s ]
INFO: Run Behavior\ParseTemplateBehavior [ RunTime:0.008140s ]
INFO: [ view_parse ] --END-- [ RunTime:0.008218s ]
INFO: [ view_filter ] --START--
INFO: Run Behavior\WriteHtmlCacheBehavior [ RunTime:0.000488s ]
INFO: [ view_filter ] --END-- [ RunTime:0.000551s ]
INFO: [ app_end ] --START--
INFO: Run Behavior\ShowPageTraceBehavior [ RunTime:0.000723s ]
INFO: [ app_end ] --END-- [ RunTime:0.000805s ]

[ 2017-08-20T01:56:46+08:00 ] 127.0.0.1 /admin/company/index.html
INFO: [ app_init ] --START--
INFO: Run Behavior\BuildLiteBehavior [ RunTime:0.000017s ]
INFO: [ app_init ] --END-- [ RunTime:0.000687s ]
INFO: [ app_begin ] --START--
INFO: Run Behavior\ReadHtmlCacheBehavior [ RunTime:0.000669s ]
INFO: [ app_begin ] --END-- [ RunTime:0.000738s ]
SQL: SHOW COLUMNS FROM `users` [ RunTime:0.0008s ]
NOTIC: [8] Undefined index: p D:\wamp\www\tp\project\Admin\Controller\CompanyController.class.php 第 18 行.
NOTIC: [8] Undefined index: keywords D:\wamp\www\tp\project\Admin\Controller\CompanyController.class.php 第 23 行.
SQL: SELECT `uid`,`city`,`qq`,`c_phone`,`level`,`c_name`,`status`,`delete`,`audit`,`contacts` FROM `users` INNER JOIN company ON users.id = company.uid  WHERE `c_phone` LIKE '%%' AND `delete` = 1  [ RunTime:0.0010s ]
SQL: SELECT COUNT(*) AS tp_count FROM `users` INNER JOIN company ON users.id = company.uid  WHERE `c_phone` LIKE '%%' AND `delete` = 1 LIMIT 1   [ RunTime:0.0003s ]
INFO: [ view_parse ] --START--
INFO: [ template_filter ] --START--
INFO: Run Behavior\ContentReplaceBehavior [ RunTime:0.000080s ]
INFO: [ template_filter ] --END-- [ RunTime:0.000151s ]
INFO: Run Behavior\ParseTemplateBehavior [ RunTime:0.007800s ]
INFO: [ view_parse ] --END-- [ RunTime:0.007870s ]
INFO: [ view_filter ] --START--
INFO: Run Behavior\WriteHtmlCacheBehavior [ RunTime:0.000506s ]
INFO: [ view_filter ] --END-- [ RunTime:0.000566s ]
INFO: [ app_end ] --START--
INFO: Run Behavior\ShowPageTraceBehavior [ RunTime:0.000660s ]
INFO: [ app_end ] --END-- [ RunTime:0.000738s ]

[ 2017-08-20T01:56:50+08:00 ] 127.0.0.1 /admin/company/edit?id=17
INFO: [ app_init ] --START--
INFO: Run Behavior\BuildLiteBehavior [ RunTime:0.000022s ]
INFO: [ app_init ] --END-- [ RunTime:0.000833s ]
INFO: [ app_begin ] --START--
INFO: Run Behavior\ReadHtmlCacheBehavior [ RunTime:0.000793s ]
INFO: [ app_begin ] --END-- [ RunTime:0.000884s ]
SQL: SHOW COLUMNS FROM `users` [ RunTime:0.0009s ]
SQL: SELECT `uid`,`name`,`introduce`,`level`,`qq`,`c_phone`,`level`,`c_name`,`audit`,`contacts`,`status` FROM `users` INNER JOIN company ON users.id = company.uid  WHERE ( uid=17 ) LIMIT 1   [ RunTime:0.0009s ]
INFO: [ view_parse ] --START--
INFO: [ template_filter ] --START--
INFO: Run Behavior\ContentReplaceBehavior [ RunTime:0.000105s ]
INFO: [ template_filter ] --END-- [ RunTime:0.000196s ]
INFO: Run Behavior\ParseTemplateBehavior [ RunTime:0.008506s ]
INFO: [ view_parse ] --END-- [ RunTime:0.008602s ]
INFO: [ view_filter ] --START--
INFO: Run Behavior\WriteHtmlCacheBehavior [ RunTime:0.000651s ]
INFO: [ view_filter ] --END-- [ RunTime:0.000771s ]
INFO: [ app_end ] --START--
INFO: Run Behavior\ShowPageTraceBehavior [ RunTime:0.000933s ]
INFO: [ app_end ] --END-- [ RunTime:0.001027s ]

[ 2017-08-20T01:56:55+08:00 ] 127.0.0.1 /admin/company/update
INFO: [ app_init ] --START--
INFO: Run Behavior\BuildLiteBehavior [ RunTime:0.000017s ]
INFO: [ app_init ] --END-- [ RunTime:0.000624s ]
INFO: [ app_begin ] --START--
INFO: Run Behavior\ReadHtmlCacheBehavior [ RunTime:0.001107s ]
INFO: [ app_begin ] --END-- [ RunTime:0.001252s ]
NOTIC: [2] finfo_file(): Empty filename or path D:\wamp\www\tp\ThinkPHP\Library\Think\Upload.class.php 第 153 行.
NOTIC: [2] finfo_file(): Empty filename or path D:\wamp\www\tp\ThinkPHP\Library\Think\Upload.class.php 第 153 行.
NOTIC: [2] finfo_file(): Empty filename or path D:\wamp\www\tp\ThinkPHP\Library\Think\Upload.class.php 第 153 行.
NOTIC: [2] Invalid argument supplied for foreach() D:\wamp\www\tp\project\Admin\Controller\CompanyController.class.php 第 188 行.
SQL: SHOW COLUMNS FROM `company` [ RunTime:0.0010s ]
SQL: SELECT * FROM `company` WHERE ( uid=17 ) LIMIT 1   [ RunTime:0.0003s ]
NOTIC: [2] unlink(./Uploads/): Permission denied D:\wamp\www\tp\project\Admin\Controller\CompanyController.class.php 第 206 行.
NOTIC: [2] unlink(./Uploads/): Permission denied D:\wamp\www\tp\project\Admin\Controller\CompanyController.class.php 第 207 行.
NOTIC: [2] unlink(./Uploads/): Permission denied D:\wamp\www\tp\project\Admin\Controller\CompanyController.class.php 第 208 行.
SQL: SHOW COLUMNS FROM `users` [ RunTime:0.0006s ]
SQL: UPDATE `users` SET `name`='admin123',`city`='省份,地级市,市、县级市',`audit`='1',`status`='1' WHERE ( id=17 ) [ RunTime:0.0003s ]
NOTIC: [8] Undefined variable: filename D:\wamp\www\tp\project\Admin\Controller\CompanyController.class.php 第 227 行.
NOTIC: [8] Undefined variable: filename D:\wamp\www\tp\project\Admin\Controller\CompanyController.class.php 第 228 行.
NOTIC: [8] Undefined variable: filename D:\wamp\www\tp\project\Admin\Controller\CompanyController.class.php 第 229 行.
SQL: UPDATE `company` SET `banner`='',`clogo`='',`zlogo`='',`c_name`='123',`introduce`='123123',`contacts`='32323123',`qq`='123456789',`c_phone`='2147483647',`level`='1' WHERE ( uid=17 ) [ RunTime:0.0003s ]
INFO: [ view_parse ] --START--
INFO: [ template_filter ] --START--
INFO: Run Behavior\ContentReplaceBehavior [ RunTime:0.000045s ]
INFO: [ template_filter ] --END-- [ RunTime:0.000122s ]
INFO: Run Behavior\ParseTemplateBehavior [ RunTime:0.008667s ]
INFO: [ view_parse ] --END-- [ RunTime:0.008747s ]
INFO: [ view_filter ] --START--
INFO: Run Behavior\WriteHtmlCacheBehavior [ RunTime:0.001108s ]
INFO: [ view_filter ] --END-- [ RunTime:0.001222s ]

[ 2017-08-20T01:56:58+08:00 ] 127.0.0.1 /admin/company/edit?id=17
INFO: [ app_init ] --START--
INFO: Run Behavior\BuildLiteBehavior [ RunTime:0.000017s ]
INFO: [ app_init ] --END-- [ RunTime:0.000704s ]
INFO: [ app_begin ] --START--
INFO: Run Behavior\ReadHtmlCacheBehavior [ RunTime:0.000935s ]
INFO: [ app_begin ] --END-- [ RunTime:0.000999s ]
SQL: SHOW COLUMNS FROM `users` [ RunTime:0.0007s ]
SQL: SELECT `uid`,`name`,`introduce`,`level`,`qq`,`c_phone`,`level`,`c_name`,`audit`,`contacts`,`status` FROM `users` INNER JOIN company ON users.id = company.uid  WHERE ( uid=17 ) LIMIT 1   [ RunTime:0.0008s ]
INFO: [ view_parse ] --START--
INFO: [ template_filter ] --START--
INFO: Run Behavior\ContentReplaceBehavior [ RunTime:0.000087s ]
INFO: [ template_filter ] --END-- [ RunTime:0.000161s ]
INFO: Run Behavior\ParseTemplateBehavior [ RunTime:0.008942s ]
INFO: [ view_parse ] --END-- [ RunTime:0.009032s ]
INFO: [ view_filter ] --START--
INFO: Run Behavior\WriteHtmlCacheBehavior [ RunTime:0.000912s ]
INFO: [ view_filter ] --END-- [ RunTime:0.000978s ]
INFO: [ app_end ] --START--
INFO: Run Behavior\ShowPageTraceBehavior [ RunTime:0.001149s ]
INFO: [ app_end ] --END-- [ RunTime:0.001236s ]

[ 2017-08-20T01:57:05+08:00 ] 127.0.0.1 /admin/company/update
INFO: [ app_init ] --START--
INFO: Run Behavior\BuildLiteBehavior [ RunTime:0.000016s ]
INFO: [ app_init ] --END-- [ RunTime:0.000626s ]
INFO: [ app_begin ] --START--
INFO: Run Behavior\ReadHtmlCacheBehavior [ RunTime:0.001895s ]
INFO: [ app_begin ] --END-- [ RunTime:0.002080s ]
NOTIC: [2] finfo_file(): Empty filename or path D:\wamp\www\tp\ThinkPHP\Library\Think\Upload.class.php 第 153 行.
NOTIC: [2] finfo_file(): Empty filename or path D:\wamp\www\tp\ThinkPHP\Library\Think\Upload.class.php 第 153 行.
NOTIC: [2] finfo_file(): Empty filename or path D:\wamp\www\tp\ThinkPHP\Library\Think\Upload.class.php 第 153 行.
NOTIC: [2] Invalid argument supplied for foreach() D:\wamp\www\tp\project\Admin\Controller\CompanyController.class.php 第 188 行.
SQL: SHOW COLUMNS FROM `company` [ RunTime:0.0006s ]
SQL: SELECT * FROM `company` WHERE ( uid=17 ) LIMIT 1   [ RunTime:0.0003s ]
NOTIC: [2] unlink(./Uploads/): Permission denied D:\wamp\www\tp\project\Admin\Controller\CompanyController.class.php 第 206 行.
NOTIC: [2] unlink(./Uploads/): Permission denied D:\wamp\www\tp\project\Admin\Controller\CompanyController.class.php 第 207 行.
NOTIC: [2] unlink(./Uploads/): Permission denied D:\wamp\www\tp\project\Admin\Controller\CompanyController.class.php 第 208 行.
SQL: SHOW COLUMNS FROM `users` [ RunTime:0.0007s ]
SQL: UPDATE `users` SET `name`='admin1231',`city`='省份,地级市,市、县级市',`audit`='1',`status`='1' WHERE ( id=17 ) [ RunTime:0.0004s ]
NOTIC: [8] Undefined variable: filename D:\wamp\www\tp\project\Admin\Controller\CompanyController.class.php 第 227 行.
NOTIC: [8] Undefined variable: filename D:\wamp\www\tp\project\Admin\Controller\CompanyController.class.php 第 228 行.
NOTIC: [8] Undefined variable: filename D:\wamp\www\tp\project\Admin\Controller\CompanyController.class.php 第 229 行.
SQL: UPDATE `company` SET `banner`='',`clogo`='',`zlogo`='',`c_name`='123',`introduce`='123123',`contacts`='32323123',`qq`='123456789',`c_phone`='2147483647',`level`='1' WHERE ( uid=17 ) [ RunTime:0.0005s ]
INFO: [ view_parse ] --START--
INFO: [ template_filter ] --START--
INFO: Run Behavior\ContentReplaceBehavior [ RunTime:0.000039s ]
INFO: [ template_filter ] --END-- [ RunTime:0.000110s ]
INFO: Run Behavior\ParseTemplateBehavior [ RunTime:0.007052s ]
INFO: [ view_parse ] --END-- [ RunTime:0.007128s ]
INFO: [ view_filter ] --START--
INFO: Run Behavior\WriteHtmlCacheBehavior [ RunTime:0.000868s ]
INFO: [ view_filter ] --END-- [ RunTime:0.000932s ]

[ 2017-08-20T01:57:08+08:00 ] 127.0.0.1 /admin/company/edit?id=17
INFO: [ app_init ] --START--
INFO: Run Behavior\BuildLiteBehavior [ RunTime:0.000026s ]
INFO: [ app_init ] --END-- [ RunTime:0.001018s ]
INFO: [ app_begin ] --START--
INFO: Run Behavior\ReadHtmlCacheBehavior [ RunTime:0.001599s ]
INFO: [ app_begin ] --END-- [ RunTime:0.001715s ]
SQL: SHOW COLUMNS FROM `users` [ RunTime:0.0006s ]
SQL: SELECT `uid`,`name`,`introduce`,`level`,`qq`,`c_phone`,`level`,`c_name`,`audit`,`contacts`,`status` FROM `users` INNER JOIN company ON users.id = company.uid  WHERE ( uid=17 ) LIMIT 1   [ RunTime:0.0004s ]
INFO: [ view_parse ] --START--
INFO: [ template_filter ] --START--
INFO: Run Behavior\ContentReplaceBehavior [ RunTime:0.000076s ]
INFO: [ template_filter ] --END-- [ RunTime:0.000142s ]
INFO: Run Behavior\ParseTemplateBehavior [ RunTime:0.008365s ]
INFO: [ view_parse ] --END-- [ RunTime:0.008447s ]
INFO: [ view_filter ] --START--
INFO: Run Behavior\WriteHtmlCacheBehavior [ RunTime:0.001309s ]
INFO: [ view_filter ] --END-- [ RunTime:0.001505s ]
INFO: [ app_end ] --START--
INFO: Run Behavior\ShowPageTraceBehavior [ RunTime:0.001195s ]
INFO: [ app_end ] --END-- [ RunTime:0.001289s ]

[ 2017-08-20T01:57:17+08:00 ] 127.0.0.1 /admin/company/update
INFO: [ app_init ] --START--
INFO: Run Behavior\BuildLiteBehavior [ RunTime:0.000020s ]
INFO: [ app_init ] --END-- [ RunTime:0.000733s ]
INFO: [ app_begin ] --START--
INFO: Run Behavior\ReadHtmlCacheBehavior [ RunTime:0.000828s ]
INFO: [ app_begin ] --END-- [ RunTime:0.000911s ]
NOTIC: [2] finfo_file(): Empty filename or path D:\wamp\www\tp\ThinkPHP\Library\Think\Upload.class.php 第 153 行.
NOTIC: [2] finfo_file(): Empty filename or path D:\wamp\www\tp\ThinkPHP\Library\Think\Upload.class.php 第 153 行.
NOTIC: [2] finfo_file(): Empty filename or path D:\wamp\www\tp\ThinkPHP\Library\Think\Upload.class.php 第 153 行.
NOTIC: [2] Invalid argument supplied for foreach() D:\wamp\www\tp\project\Admin\Controller\CompanyController.class.php 第 188 行.
SQL: SHOW COLUMNS FROM `company` [ RunTime:0.0006s ]
SQL: SELECT * FROM `company` WHERE ( uid=17 ) LIMIT 1   [ RunTime:0.0003s ]
NOTIC: [2] unlink(./Uploads/): Permission denied D:\wamp\www\tp\project\Admin\Controller\CompanyController.class.php 第 206 行.
NOTIC: [2] unlink(./Uploads/): Permission denied D:\wamp\www\tp\project\Admin\Controller\CompanyController.class.php 第 207 行.
NOTIC: [2] unlink(./Uploads/): Permission denied D:\wamp\www\tp\project\Admin\Controller\CompanyController.class.php 第 208 行.
SQL: SHOW COLUMNS FROM `users` [ RunTime:0.0006s ]
SQL: UPDATE `users` SET `name`='admin1231',`city`='省份,地级市,市、县级市',`audit`='1',`status`='1' WHERE ( id=17 ) [ RunTime:0.0003s ]
NOTIC: [8] Undefined variable: filename D:\wamp\www\tp\project\Admin\Controller\CompanyController.class.php 第 227 行.
NOTIC: [8] Undefined variable: filename D:\wamp\www\tp\project\Admin\Controller\CompanyController.class.php 第 228 行.
NOTIC: [8] Undefined variable: filename D:\wamp\www\tp\project\Admin\Controller\CompanyController.class.php 第 229 行.
SQL: UPDATE `company` SET `banner`='',`clogo`='',`zlogo`='',`c_name`='123',`introduce`='123123',`contacts`='3232312311',`qq`='123456789',`c_phone`='2147483647',`level`='1' WHERE ( uid=17 ) [ RunTime:0.0004s ]
INFO: [ view_parse ] --START--
INFO: [ template_filter ] --START--
INFO: Run Behavior\ContentReplaceBehavior [ RunTime:0.000045s ]
INFO: [ template_filter ] --END-- [ RunTime:0.000123s ]
INFO: Run Behavior\ParseTemplateBehavior [ RunTime:0.007672s ]
INFO: [ view_parse ] --END-- [ RunTime:0.007758s ]
INFO: [ view_filter ] --START--
INFO: Run Behavior\WriteHtmlCacheBehavior [ RunTime:0.000806s ]
INFO: [ view_filter ] --END-- [ RunTime:0.000880s ]

[ 2017-08-20T01:57:20+08:00 ] 127.0.0.1 /admin/company/edit?id=17
INFO: [ app_init ] --START--
INFO: Run Behavior\BuildLiteBehavior [ RunTime:0.000018s ]
INFO: [ app_init ] --END-- [ RunTime:0.000678s ]
INFO: [ app_begin ] --START--
INFO: Run Behavior\ReadHtmlCacheBehavior [ RunTime:0.000861s ]
INFO: [ app_begin ] --END-- [ RunTime:0.000935s ]
SQL: SHOW COLUMNS FROM `users` [ RunTime:0.0007s ]
SQL: SELECT `uid`,`name`,`introduce`,`level`,`qq`,`c_phone`,`level`,`c_name`,`audit`,`contacts`,`status` FROM `users` INNER JOIN company ON users.id = company.uid  WHERE ( uid=17 ) LIMIT 1   [ RunTime:0.0013s ]
INFO: [ view_parse ] --START--
INFO: [ template_filter ] --START--
INFO: Run Behavior\ContentReplaceBehavior [ RunTime:0.000077s ]
INFO: [ template_filter ] --END-- [ RunTime:0.000147s ]
INFO: Run Behavior\ParseTemplateBehavior [ RunTime:0.007162s ]
INFO: [ view_parse ] --END-- [ RunTime:0.007256s ]
INFO: [ view_filter ] --START--
INFO: Run Behavior\WriteHtmlCacheBehavior [ RunTime:0.000456s ]
INFO: [ view_filter ] --END-- [ RunTime:0.000519s ]
INFO: [ app_end ] --START--
INFO: Run Behavior\ShowPageTraceBehavior [ RunTime:0.000996s ]
INFO: [ app_end ] --END-- [ RunTime:0.001096s ]

[ 2017-08-20T01:57:29+08:00 ] 127.0.0.1 /admin/company/update
INFO: [ app_init ] --START--
INFO: Run Behavior\BuildLiteBehavior [ RunTime:0.000023s ]
INFO: [ app_init ] --END-- [ RunTime:0.000756s ]
INFO: [ app_begin ] --START--
INFO: Run Behavior\ReadHtmlCacheBehavior [ RunTime:0.001259s ]
INFO: [ app_begin ] --END-- [ RunTime:0.001358s ]
NOTIC: [2] finfo_file(): Empty filename or path D:\wamp\www\tp\ThinkPHP\Library\Think\Upload.class.php 第 153 行.
NOTIC: [2] finfo_file(): Empty filename or path D:\wamp\www\tp\ThinkPHP\Library\Think\Upload.class.php 第 153 行.
NOTIC: [2] finfo_file(): Empty filename or path D:\wamp\www\tp\ThinkPHP\Library\Think\Upload.class.php 第 153 行.
NOTIC: [2] Invalid argument supplied for foreach() D:\wamp\www\tp\project\Admin\Controller\CompanyController.class.php 第 188 行.
SQL: SHOW COLUMNS FROM `company` [ RunTime:0.0007s ]
SQL: SELECT * FROM `company` WHERE ( uid=17 ) LIMIT 1   [ RunTime:0.0004s ]
NOTIC: [2] unlink(./Uploads/): Permission denied D:\wamp\www\tp\project\Admin\Controller\CompanyController.class.php 第 206 行.
NOTIC: [2] unlink(./Uploads/): Permission denied D:\wamp\www\tp\project\Admin\Controller\CompanyController.class.php 第 207 行.
NOTIC: [2] unlink(./Uploads/): Permission denied D:\wamp\www\tp\project\Admin\Controller\CompanyController.class.php 第 208 行.
SQL: SHOW COLUMNS FROM `users` [ RunTime:0.0007s ]
SQL: UPDATE `users` SET `name`='admin1231',`city`='湖南省,娄底市,冷水江市',`audit`='2',`status`='1' WHERE ( id=17 ) [ RunTime:0.0004s ]
NOTIC: [8] Undefined variable: filename D:\wamp\www\tp\project\Admin\Controller\CompanyController.class.php 第 227 行.
NOTIC: [8] Undefined variable: filename D:\wamp\www\tp\project\Admin\Controller\CompanyController.class.php 第 228 行.
NOTIC: [8] Undefined variable: filename D:\wamp\www\tp\project\Admin\Controller\CompanyController.class.php 第 229 行.
SQL: UPDATE `company` SET `banner`='',`clogo`='',`zlogo`='',`c_name`='123',`introduce`='123123',`contacts`='3232312311',`qq`='123456789',`c_phone`='2147483647',`level`='1' WHERE ( uid=17 ) [ RunTime:0.0004s ]
INFO: [ view_parse ] --START--
INFO: [ template_filter ] --START--
INFO: Run Behavior\ContentReplaceBehavior [ RunTime:0.000056s ]
INFO: [ template_filter ] --END-- [ RunTime:0.000147s ]
INFO: Run Behavior\ParseTemplateBehavior [ RunTime:0.008906s ]
INFO: [ view_parse ] --END-- [ RunTime:0.009004s ]
INFO: [ view_filter ] --START--
INFO: Run Behavior\WriteHtmlCacheBehavior [ RunTime:0.001132s ]
INFO: [ view_filter ] --END-- [ RunTime:0.001221s ]

[ 2017-08-20T01:57:32+08:00 ] 127.0.0.1 /admin/company/edit?id=17
INFO: [ app_init ] --START--
INFO: Run Behavior\BuildLiteBehavior [ RunTime:0.000018s ]
INFO: [ app_init ] --END-- [ RunTime:0.000715s ]
INFO: [ app_begin ] --START--
INFO: Run Behavior\ReadHtmlCacheBehavior [ RunTime:0.001112s ]
INFO: [ app_begin ] --END-- [ RunTime:0.001191s ]
SQL: SHOW COLUMNS FROM `users` [ RunTime:0.0007s ]
SQL: SELECT `uid`,`name`,`introduce`,`level`,`qq`,`c_phone`,`level`,`c_name`,`audit`,`contacts`,`status` FROM `users` INNER JOIN company ON users.id = company.uid  WHERE ( uid=17 ) LIMIT 1   [ RunTime:0.0004s ]
INFO: [ view_parse ] --START--
INFO: [ template_filter ] --START--
INFO: Run Behavior\ContentReplaceBehavior [ RunTime:0.000079s ]
INFO: [ template_filter ] --END-- [ RunTime:0.000146s ]
INFO: Run Behavior\ParseTemplateBehavior [ RunTime:0.009219s ]
INFO: [ view_parse ] --END-- [ RunTime:0.009294s ]
INFO: [ view_filter ] --START--
INFO: Run Behavior\WriteHtmlCacheBehavior [ RunTime:0.001138s ]
INFO: [ view_filter ] --END-- [ RunTime:0.001200s ]
INFO: [ app_end ] --START--
INFO: Run Behavior\ShowPageTraceBehavior [ RunTime:0.001199s ]
INFO: [ app_end ] --END-- [ RunTime:0.001275s ]

[ 2017-08-20T01:57:33+08:00 ] 127.0.0.1 /admin/index
INFO: [ app_init ] --START--
INFO: Run Behavior\BuildLiteBehavior [ RunTime:0.000016s ]
INFO: [ app_init ] --END-- [ RunTime:0.000631s ]
INFO: [ app_begin ] --START--
INFO: Run Behavior\ReadHtmlCacheBehavior [ RunTime:0.001685s ]
INFO: [ app_begin ] --END-- [ RunTime:0.001769s ]
INFO: [ view_parse ] --START--
INFO: [ template_filter ] --START--
INFO: Run Behavior\ContentReplaceBehavior [ RunTime:0.000065s ]
INFO: [ template_filter ] --END-- [ RunTime:0.000131s ]
INFO: Run Behavior\ParseTemplateBehavior [ RunTime:0.008708s ]
INFO: [ view_parse ] --END-- [ RunTime:0.008776s ]
INFO: [ view_filter ] --START--
INFO: Run Behavior\WriteHtmlCacheBehavior [ RunTime:0.000816s ]
INFO: [ view_filter ] --END-- [ RunTime:0.000879s ]
INFO: [ app_end ] --START--
INFO: Run Behavior\ShowPageTraceBehavior [ RunTime:0.001099s ]
INFO: [ app_end ] --END-- [ RunTime:0.001171s ]

[ 2017-08-20T01:57:35+08:00 ] 127.0.0.1 /admin/company/index.html
INFO: [ app_init ] --START--
INFO: Run Behavior\BuildLiteBehavior [ RunTime:0.000015s ]
INFO: [ app_init ] --END-- [ RunTime:0.000624s ]
INFO: [ app_begin ] --START--
INFO: Run Behavior\ReadHtmlCacheBehavior [ RunTime:0.001027s ]
INFO: [ app_begin ] --END-- [ RunTime:0.001093s ]
SQL: SHOW COLUMNS FROM `users` [ RunTime:0.0007s ]
NOTIC: [8] Undefined index: p D:\wamp\www\tp\project\Admin\Controller\CompanyController.class.php 第 18 行.
NOTIC: [8] Undefined index: keywords D:\wamp\www\tp\project\Admin\Controller\CompanyController.class.php 第 23 行.
SQL: SELECT `uid`,`city`,`qq`,`c_phone`,`level`,`c_name`,`status`,`delete`,`audit`,`contacts` FROM `users` INNER JOIN company ON users.id = company.uid  WHERE `c_phone` LIKE '%%' AND `delete` = 1  [ RunTime:0.0004s ]
SQL: SELECT COUNT(*) AS tp_count FROM `users` INNER JOIN company ON users.id = company.uid  WHERE `c_phone` LIKE '%%' AND `delete` = 1 LIMIT 1   [ RunTime:0.0003s ]
INFO: [ view_parse ] --START--
INFO: [ template_filter ] --START--
INFO: Run Behavior\ContentReplaceBehavior [ RunTime:0.000094s ]
INFO: [ template_filter ] --END-- [ RunTime:0.000183s ]
INFO: Run Behavior\ParseTemplateBehavior [ RunTime:0.009200s ]
INFO: [ view_parse ] --END-- [ RunTime:0.009291s ]
INFO: [ view_filter ] --START--
INFO: Run Behavior\WriteHtmlCacheBehavior [ RunTime:0.001456s ]
INFO: [ view_filter ] --END-- [ RunTime:0.001587s ]
INFO: [ app_end ] --START--
INFO: Run Behavior\ShowPageTraceBehavior [ RunTime:0.001356s ]
INFO: [ app_end ] --END-- [ RunTime:0.001453s ]

[ 2017-08-20T01:57:38+08:00 ] 127.0.0.1 /admin/company/edit?id=17
INFO: [ app_init ] --START--
INFO: Run Behavior\BuildLiteBehavior [ RunTime:0.000026s ]
INFO: [ app_init ] --END-- [ RunTime:0.002154s ]
INFO: [ app_begin ] --START--
INFO: Run Behavior\ReadHtmlCacheBehavior [ RunTime:0.001289s ]
INFO: [ app_begin ] --END-- [ RunTime:0.001380s ]
SQL: SHOW COLUMNS FROM `users` [ RunTime:0.0006s ]
SQL: SELECT `uid`,`name`,`introduce`,`level`,`qq`,`c_phone`,`level`,`c_name`,`audit`,`contacts`,`status` FROM `users` INNER JOIN company ON users.id = company.uid  WHERE ( uid=17 ) LIMIT 1   [ RunTime:0.0004s ]
INFO: [ view_parse ] --START--
INFO: [ template_filter ] --START--
INFO: Run Behavior\ContentReplaceBehavior [ RunTime:0.000076s ]
INFO: [ template_filter ] --END-- [ RunTime:0.000143s ]
INFO: Run Behavior\ParseTemplateBehavior [ RunTime:0.008459s ]
INFO: [ view_parse ] --END-- [ RunTime:0.008529s ]
INFO: [ view_filter ] --START--
INFO: Run Behavior\WriteHtmlCacheBehavior [ RunTime:0.000978s ]
INFO: [ view_filter ] --END-- [ RunTime:0.001038s ]
INFO: [ app_end ] --START--
INFO: Run Behavior\ShowPageTraceBehavior [ RunTime:0.001233s ]
INFO: [ app_end ] --END-- [ RunTime:0.001327s ]

[ 2017-08-20T01:57:46+08:00 ] 127.0.0.1 /admin/company/update
INFO: [ app_init ] --START--
INFO: Run Behavior\BuildLiteBehavior [ RunTime:0.000039s ]
INFO: [ app_init ] --END-- [ RunTime:0.001241s ]
INFO: [ app_begin ] --START--
INFO: Run Behavior\ReadHtmlCacheBehavior [ RunTime:0.001132s ]
INFO: [ app_begin ] --END-- [ RunTime:0.001219s ]
NOTIC: [2] finfo_file(): Empty filename or path D:\wamp\www\tp\ThinkPHP\Library\Think\Upload.class.php 第 153 行.
NOTIC: [2] finfo_file(): Empty filename or path D:\wamp\www\tp\ThinkPHP\Library\Think\Upload.class.php 第 153 行.
NOTIC: [2] finfo_file(): Empty filename or path D:\wamp\www\tp\ThinkPHP\Library\Think\Upload.class.php 第 153 行.
NOTIC: [2] Invalid argument supplied for foreach() D:\wamp\www\tp\project\Admin\Controller\CompanyController.class.php 第 188 行.
SQL: SHOW COLUMNS FROM `company` [ RunTime:0.0007s ]
SQL: SELECT * FROM `company` WHERE ( uid=17 ) LIMIT 1   [ RunTime:0.0004s ]
NOTIC: [2] unlink(./Uploads/): Permission denied D:\wamp\www\tp\project\Admin\Controller\CompanyController.class.php 第 206 行.
NOTIC: [2] unlink(./Uploads/): Permission denied D:\wamp\www\tp\project\Admin\Controller\CompanyController.class.php 第 207 行.
NOTIC: [2] unlink(./Uploads/): Permission denied D:\wamp\www\tp\project\Admin\Controller\CompanyController.class.php 第 208 行.
SQL: SHOW COLUMNS FROM `users` [ RunTime:0.0005s ]
SQL: UPDATE `users` SET `name`='admin1231',`city`='天津市,地级市,市、县级市',`audit`='1',`status`='1' WHERE ( id=17 ) [ RunTime:0.0004s ]
NOTIC: [8] Undefined variable: filename D:\wamp\www\tp\project\Admin\Controller\CompanyController.class.php 第 227 行.
NOTIC: [8] Undefined variable: filename D:\wamp\www\tp\project\Admin\Controller\CompanyController.class.php 第 228 行.
NOTIC: [8] Undefined variable: filename D:\wamp\www\tp\project\Admin\Controller\CompanyController.class.php 第 229 行.
SQL: UPDATE `company` SET `banner`='',`clogo`='',`zlogo`='',`c_name`='123',`introduce`='123123',`contacts`='3232312311',`qq`='123456789',`c_phone`='2147483647',`level`='2' WHERE ( uid=17 ) [ RunTime:0.0007s ]
INFO: [ view_parse ] --START--
INFO: [ template_filter ] --START--
INFO: Run Behavior\ContentReplaceBehavior [ RunTime:0.000039s ]
INFO: [ template_filter ] --END-- [ RunTime:0.000108s ]
INFO: Run Behavior\ParseTemplateBehavior [ RunTime:0.008752s ]
INFO: [ view_parse ] --END-- [ RunTime:0.008847s ]
INFO: [ view_filter ] --START--
INFO: Run Behavior\WriteHtmlCacheBehavior [ RunTime:0.000893s ]
INFO: [ view_filter ] --END-- [ RunTime:0.000955s ]
INFO: [ app_end ] --START--
INFO: Run Behavior\ShowPageTraceBehavior [ RunTime:0.001082s ]
INFO: [ app_end ] --END-- [ RunTime:0.001145s ]

[ 2017-08-20T01:57:47+08:00 ] 127.0.0.1 /admin/company/index
INFO: [ app_init ] --START--
INFO: Run Behavior\BuildLiteBehavior [ RunTime:0.000016s ]
INFO: [ app_init ] --END-- [ RunTime:0.000652s ]
INFO: [ app_begin ] --START--
INFO: Run Behavior\ReadHtmlCacheBehavior [ RunTime:0.000979s ]
INFO: [ app_begin ] --END-- [ RunTime:0.001050s ]
SQL: SHOW COLUMNS FROM `users` [ RunTime:0.0007s ]
NOTIC: [8] Undefined index: p D:\wamp\www\tp\project\Admin\Controller\CompanyController.class.php 第 18 行.
NOTIC: [8] Undefined index: keywords D:\wamp\www\tp\project\Admin\Controller\CompanyController.class.php 第 23 行.
SQL: SELECT `uid`,`city`,`qq`,`c_phone`,`level`,`c_name`,`status`,`delete`,`audit`,`contacts` FROM `users` INNER JOIN company ON users.id = company.uid  WHERE `c_phone` LIKE '%%' AND `delete` = 1  [ RunTime:0.0005s ]
SQL: SELECT COUNT(*) AS tp_count FROM `users` INNER JOIN company ON users.id = company.uid  WHERE `c_phone` LIKE '%%' AND `delete` = 1 LIMIT 1   [ RunTime:0.0006s ]
INFO: [ view_parse ] --START--
INFO: [ template_filter ] --START--
INFO: Run Behavior\ContentReplaceBehavior [ RunTime:0.000078s ]
INFO: [ template_filter ] --END-- [ RunTime:0.000148s ]
INFO: Run Behavior\ParseTemplateBehavior [ RunTime:0.009069s ]
INFO: [ view_parse ] --END-- [ RunTime:0.009149s ]
INFO: [ view_filter ] --START--
INFO: Run Behavior\WriteHtmlCacheBehavior [ RunTime:0.000868s ]
INFO: [ view_filter ] --END-- [ RunTime:0.000937s ]
INFO: [ app_end ] --START--
INFO: Run Behavior\ShowPageTraceBehavior [ RunTime:0.001183s ]
INFO: [ app_end ] --END-- [ RunTime:0.001257s ]

[ 2017-08-20T01:58:00+08:00 ] 127.0.0.1 /admin/company/staindex.html
INFO: [ app_init ] --START--
INFO: Run Behavior\BuildLiteBehavior [ RunTime:0.000017s ]
INFO: [ app_init ] --END-- [ RunTime:0.000696s ]
INFO: [ app_begin ] --START--
INFO: Run Behavior\ReadHtmlCacheBehavior [ RunTime:0.000756s ]
INFO: [ app_begin ] --END-- [ RunTime:0.000824s ]
SQL: SHOW COLUMNS FROM `users` [ RunTime:0.0010s ]
NOTIC: [8] Undefined index: p D:\wamp\www\tp\project\Admin\Controller\CompanyController.class.php 第 281 行.
NOTIC: [8] Undefined index: keywords D:\wamp\www\tp\project\Admin\Controller\CompanyController.class.php 第 286 行.
SQL: SELECT `uid`,`city`,`qq`,`c_phone`,`level`,`c_name`,`status`,`delete`,`audit`,`contacts` FROM `users` INNER JOIN company ON users.id = company.uid  WHERE `c_phone` LIKE '%%' AND `delete` = 1 AND ( audit=1 )  [ RunTime:0.0011s ]
SQL: SELECT COUNT(*) AS tp_count FROM `users` INNER JOIN company ON users.id = company.uid  WHERE `c_phone` LIKE '%%' AND `delete` = 1 AND ( audit=1 ) LIMIT 1   [ RunTime:0.0004s ]
INFO: [ view_parse ] --START--
INFO: [ template_filter ] --START--
INFO: Run Behavior\ContentReplaceBehavior [ RunTime:0.000078s ]
INFO: [ template_filter ] --END-- [ RunTime:0.000145s ]
INFO: Run Behavior\ParseTemplateBehavior [ RunTime:0.007837s ]
INFO: [ view_parse ] --END-- [ RunTime:0.007910s ]
INFO: [ view_filter ] --START--
INFO: Run Behavior\WriteHtmlCacheBehavior [ RunTime:0.000579s ]
INFO: [ view_filter ] --END-- [ RunTime:0.000644s ]
INFO: [ app_end ] --START--
INFO: Run Behavior\ShowPageTraceBehavior [ RunTime:0.000910s ]
INFO: [ app_end ] --END-- [ RunTime:0.001013s ]

[ 2017-08-20T01:58:07+08:00 ] 127.0.0.1 /admin/company/index.html
INFO: [ app_init ] --START--
INFO: Run Behavior\BuildLiteBehavior [ RunTime:0.000018s ]
INFO: [ app_init ] --END-- [ RunTime:0.000634s ]
INFO: [ app_begin ] --START--
INFO: Run Behavior\ReadHtmlCacheBehavior [ RunTime:0.000710s ]
INFO: [ app_begin ] --END-- [ RunTime:0.000788s ]
SQL: SHOW COLUMNS FROM `users` [ RunTime:0.0006s ]
NOTIC: [8] Undefined index: p D:\wamp\www\tp\project\Admin\Controller\CompanyController.class.php 第 18 行.
NOTIC: [8] Undefined index: keywords D:\wamp\www\tp\project\Admin\Controller\CompanyController.class.php 第 23 行.
SQL: SELECT `uid`,`city`,`qq`,`c_phone`,`level`,`c_name`,`status`,`delete`,`audit`,`contacts` FROM `users` INNER JOIN company ON users.id = company.uid  WHERE `c_phone` LIKE '%%' AND `delete` = 1  [ RunTime:0.0004s ]
SQL: SELECT COUNT(*) AS tp_count FROM `users` INNER JOIN company ON users.id = company.uid  WHERE `c_phone` LIKE '%%' AND `delete` = 1 LIMIT 1   [ RunTime:0.0003s ]
INFO: [ view_parse ] --START--
INFO: [ template_filter ] --START--
INFO: Run Behavior\ContentReplaceBehavior [ RunTime:0.000089s ]
INFO: [ template_filter ] --END-- [ RunTime:0.000164s ]
INFO: Run Behavior\ParseTemplateBehavior [ RunTime:0.008602s ]
INFO: [ view_parse ] --END-- [ RunTime:0.008678s ]
INFO: [ view_filter ] --START--
INFO: Run Behavior\WriteHtmlCacheBehavior [ RunTime:0.000480s ]
INFO: [ view_filter ] --END-- [ RunTime:0.000546s ]
INFO: [ app_end ] --START--
INFO: Run Behavior\ShowPageTraceBehavior [ RunTime:0.000770s ]
INFO: [ app_end ] --END-- [ RunTime:0.000843s ]

[ 2017-08-20T01:58:15+08:00 ] 127.0.0.1 /admin/company/index/p/2.html
INFO: [ app_init ] --START--
INFO: Run Behavior\BuildLiteBehavior [ RunTime:0.000021s ]
INFO: [ app_init ] --END-- [ RunTime:0.000753s ]
INFO: [ app_begin ] --START--
INFO: Run Behavior\ReadHtmlCacheBehavior [ RunTime:0.000990s ]
INFO: [ app_begin ] --END-- [ RunTime:0.001083s ]
SQL: SHOW COLUMNS FROM `users` [ RunTime:0.0008s ]
NOTIC: [8] Undefined index: keywords D:\wamp\www\tp\project\Admin\Controller\CompanyController.class.php 第 23 行.
SQL: SELECT `uid`,`city`,`qq`,`c_phone`,`level`,`c_name`,`status`,`delete`,`audit`,`contacts` FROM `users` INNER JOIN company ON users.id = company.uid  WHERE `c_phone` LIKE '%%' AND `delete` = 1  [ RunTime:0.0005s ]
SQL: SELECT COUNT(*) AS tp_count FROM `users` INNER JOIN company ON users.id = company.uid  WHERE `c_phone` LIKE '%%' AND `delete` = 1 LIMIT 1   [ RunTime:0.0004s ]
INFO: [ view_parse ] --START--
INFO: [ template_filter ] --START--
INFO: Run Behavior\ContentReplaceBehavior [ RunTime:0.000105s ]
INFO: [ template_filter ] --END-- [ RunTime:0.000192s ]
INFO: Run Behavior\ParseTemplateBehavior [ RunTime:0.011077s ]
INFO: [ view_parse ] --END-- [ RunTime:0.011195s ]
INFO: [ view_filter ] --START--
INFO: Run Behavior\WriteHtmlCacheBehavior [ RunTime:0.000790s ]
INFO: [ view_filter ] --END-- [ RunTime:0.000874s ]
INFO: [ app_end ] --START--
INFO: Run Behavior\ShowPageTraceBehavior [ RunTime:0.001038s ]
INFO: [ app_end ] --END-- [ RunTime:0.001134s ]

[ 2017-08-20T01:58:16+08:00 ] 127.0.0.1 /admin/company/index/p/1.html
INFO: [ app_init ] --START--
INFO: Run Behavior\BuildLiteBehavior [ RunTime:0.000017s ]
INFO: [ app_init ] --END-- [ RunTime:0.000589s ]
INFO: [ app_begin ] --START--
INFO: Run Behavior\ReadHtmlCacheBehavior [ RunTime:0.000602s ]
INFO: [ app_begin ] --END-- [ RunTime:0.000671s ]
SQL: SHOW COLUMNS FROM `users` [ RunTime:0.0006s ]
NOTIC: [8] Undefined index: keywords D:\wamp\www\tp\project\Admin\Controller\CompanyController.class.php 第 23 行.
SQL: SELECT `uid`,`city`,`qq`,`c_phone`,`level`,`c_name`,`status`,`delete`,`audit`,`contacts` FROM `users` INNER JOIN company ON users.id = company.uid  WHERE `c_phone` LIKE '%%' AND `delete` = 1  [ RunTime:0.0004s ]
SQL: SELECT COUNT(*) AS tp_count FROM `users` INNER JOIN company ON users.id = company.uid  WHERE `c_phone` LIKE '%%' AND `delete` = 1 LIMIT 1   [ RunTime:0.0004s ]
INFO: [ view_parse ] --START--
INFO: [ template_filter ] --START--
INFO: Run Behavior\ContentReplaceBehavior [ RunTime:0.000081s ]
INFO: [ template_filter ] --END-- [ RunTime:0.000165s ]
INFO: Run Behavior\ParseTemplateBehavior [ RunTime:0.007810s ]
INFO: [ view_parse ] --END-- [ RunTime:0.007971s ]
INFO: [ view_filter ] --START--
INFO: Run Behavior\WriteHtmlCacheBehavior [ RunTime:0.000840s ]
INFO: [ view_filter ] --END-- [ RunTime:0.000936s ]
INFO: [ app_end ] --START--
INFO: Run Behavior\ShowPageTraceBehavior [ RunTime:0.000703s ]
INFO: [ app_end ] --END-- [ RunTime:0.000779s ]

[ 2017-08-20T01:58:26+08:00 ] 127.0.0.1 /admin/company/index?keywords=2147483647
INFO: [ app_init ] --START--
INFO: Run Behavior\BuildLiteBehavior [ RunTime:0.000016s ]
INFO: [ app_init ] --END-- [ RunTime:0.000575s ]
INFO: [ app_begin ] --START--
INFO: Run Behavior\ReadHtmlCacheBehavior [ RunTime:0.000608s ]
INFO: [ app_begin ] --END-- [ RunTime:0.000675s ]
SQL: SHOW COLUMNS FROM `users` [ RunTime:0.0006s ]
NOTIC: [8] Undefined index: p D:\wamp\www\tp\project\Admin\Controller\CompanyController.class.php 第 18 行.
SQL: SELECT `uid`,`city`,`qq`,`c_phone`,`level`,`c_name`,`status`,`delete`,`audit`,`contacts` FROM `users` INNER JOIN company ON users.id = company.uid  WHERE `c_phone` LIKE '%2147483647%' AND `delete` = 1  [ RunTime:0.0004s ]
SQL: SELECT COUNT(*) AS tp_count FROM `users` INNER JOIN company ON users.id = company.uid  WHERE `c_phone` LIKE '%2147483647%' AND `delete` = 1 LIMIT 1   [ RunTime:0.0003s ]
INFO: [ view_parse ] --START--
INFO: [ template_filter ] --START--
INFO: Run Behavior\ContentReplaceBehavior [ RunTime:0.000082s ]
INFO: [ template_filter ] --END-- [ RunTime:0.000157s ]
INFO: Run Behavior\ParseTemplateBehavior [ RunTime:0.008813s ]
INFO: [ view_parse ] --END-- [ RunTime:0.008892s ]
INFO: [ view_filter ] --START--
INFO: Run Behavior\WriteHtmlCacheBehavior [ RunTime:0.000467s ]
INFO: [ view_filter ] --END-- [ RunTime:0.000529s ]
INFO: [ app_end ] --START--
INFO: Run Behavior\ShowPageTraceBehavior [ RunTime:0.000739s ]
INFO: [ app_end ] --END-- [ RunTime:0.000812s ]

[ 2017-08-20T01:58:29+08:00 ] 127.0.0.1 /admin/company/index?keywords=
INFO: [ app_init ] --START--
INFO: Run Behavior\BuildLiteBehavior [ RunTime:0.000015s ]
INFO: [ app_init ] --END-- [ RunTime:0.000529s ]
INFO: [ app_begin ] --START--
INFO: Run Behavior\ReadHtmlCacheBehavior [ RunTime:0.000597s ]
INFO: [ app_begin ] --END-- [ RunTime:0.000664s ]
SQL: SHOW COLUMNS FROM `users` [ RunTime:0.0008s ]
NOTIC: [8] Undefined index: p D:\wamp\www\tp\project\Admin\Controller\CompanyController.class.php 第 18 行.
SQL: SELECT `uid`,`city`,`qq`,`c_phone`,`level`,`c_name`,`status`,`delete`,`audit`,`contacts` FROM `users` INNER JOIN company ON users.id = company.uid  WHERE `c_phone` LIKE '%%' AND `delete` = 1  [ RunTime:0.0006s ]
SQL: SELECT COUNT(*) AS tp_count FROM `users` INNER JOIN company ON users.id = company.uid  WHERE `c_phone` LIKE '%%' AND `delete` = 1 LIMIT 1   [ RunTime:0.0005s ]
INFO: [ view_parse ] --START--
INFO: [ template_filter ] --START--
INFO: Run Behavior\ContentReplaceBehavior [ RunTime:0.000079s ]
INFO: [ template_filter ] --END-- [ RunTime:0.000144s ]
INFO: Run Behavior\ParseTemplateBehavior [ RunTime:0.006929s ]
INFO: [ view_parse ] --END-- [ RunTime:0.007007s ]
INFO: [ view_filter ] --START--
INFO: Run Behavior\WriteHtmlCacheBehavior [ RunTime:0.000472s ]
INFO: [ view_filter ] --END-- [ RunTime:0.000535s ]
INFO: [ app_end ] --START--
INFO: Run Behavior\ShowPageTraceBehavior [ RunTime:0.000764s ]
INFO: [ app_end ] --END-- [ RunTime:0.000838s ]

[ 2017-08-20T01:58:32+08:00 ] 127.0.0.1 /admin/company/index?keywords=12312311
INFO: [ app_init ] --START--
INFO: Run Behavior\BuildLiteBehavior [ RunTime:0.000020s ]
INFO: [ app_init ] --END-- [ RunTime:0.000707s ]
INFO: [ app_begin ] --START--
INFO: Run Behavior\ReadHtmlCacheBehavior [ RunTime:0.000731s ]
INFO: [ app_begin ] --END-- [ RunTime:0.000817s ]
SQL: SHOW COLUMNS FROM `users` [ RunTime:0.0009s ]
NOTIC: [8] Undefined index: p D:\wamp\www\tp\project\Admin\Controller\CompanyController.class.php 第 18 行.
SQL: SELECT `uid`,`city`,`qq`,`c_phone`,`level`,`c_name`,`status`,`delete`,`audit`,`contacts` FROM `users` INNER JOIN company ON users.id = company.uid  WHERE `c_phone` LIKE '%12312311%' AND `delete` = 1  [ RunTime:0.0005s ]
SQL: SELECT COUNT(*) AS tp_count FROM `users` INNER JOIN company ON users.id = company.uid  WHERE `c_phone` LIKE '%12312311%' AND `delete` = 1 LIMIT 1   [ RunTime:0.0004s ]
INFO: [ view_parse ] --START--
INFO: [ template_filter ] --START--
INFO: Run Behavior\ContentReplaceBehavior [ RunTime:0.000103s ]
INFO: [ template_filter ] --END-- [ RunTime:0.000191s ]
INFO: Run Behavior\ParseTemplateBehavior [ RunTime:0.009006s ]
INFO: [ view_parse ] --END-- [ RunTime:0.009096s ]
INFO: [ view_filter ] --START--
INFO: Run Behavior\WriteHtmlCacheBehavior [ RunTime:0.000599s ]
INFO: [ view_filter ] --END-- [ RunTime:0.000688s ]
INFO: [ app_end ] --START--
INFO: Run Behavior\ShowPageTraceBehavior [ RunTime:0.000855s ]
INFO: [ app_end ] --END-- [ RunTime:0.000946s ]

[ 2017-08-20T20:47:13+08:00 ] 127.0.0.1 /admin/
INFO: [ app_init ] --START--
INFO: Run Behavior\BuildLiteBehavior [ RunTime:0.000019s ]
INFO: [ app_init ] --END-- [ RunTime:0.000591s ]
INFO: [ app_begin ] --START--
INFO: Run Behavior\ReadHtmlCacheBehavior [ RunTime:0.001164s ]
INFO: [ app_begin ] --END-- [ RunTime:0.001260s ]
INFO: [ view_parse ] --START--
INFO: [ template_filter ] --START--
INFO: Run Behavior\ContentReplaceBehavior [ RunTime:0.000457s ]
INFO: [ template_filter ] --END-- [ RunTime:0.000800s ]
INFO: Run Behavior\ParseTemplateBehavior [ RunTime:0.064739s ]
INFO: [ view_parse ] --END-- [ RunTime:0.064846s ]
INFO: [ view_filter ] --START--
INFO: Run Behavior\WriteHtmlCacheBehavior [ RunTime:0.025764s ]
INFO: [ view_filter ] --END-- [ RunTime:0.025929s ]

[ 2017-08-20T20:47:15+08:00 ] 127.0.0.1 /admin/login/index
INFO: [ app_init ] --START--
INFO: Run Behavior\BuildLiteBehavior [ RunTime:0.000021s ]
INFO: [ app_init ] --END-- [ RunTime:0.000843s ]
INFO: [ app_begin ] --START--
INFO: Run Behavior\ReadHtmlCacheBehavior [ RunTime:0.000944s ]
INFO: [ app_begin ] --END-- [ RunTime:0.001042s ]
INFO: [ view_parse ] --START--
INFO: [ template_filter ] --START--
INFO: Run Behavior\ContentReplaceBehavior [ RunTime:0.000061s ]
INFO: [ template_filter ] --END-- [ RunTime:0.000137s ]
INFO: Run Behavior\ParseTemplateBehavior [ RunTime:0.054114s ]
INFO: [ view_parse ] --END-- [ RunTime:0.054245s ]
INFO: [ view_filter ] --START--
INFO: Run Behavior\WriteHtmlCacheBehavior [ RunTime:0.000922s ]
INFO: [ view_filter ] --END-- [ RunTime:0.001005s ]
INFO: [ app_end ] --START--
INFO: Run Behavior\ShowPageTraceBehavior [ RunTime:0.000981s ]
INFO: [ app_end ] --END-- [ RunTime:0.001070s ]

[ 2017-08-20T20:47:15+08:00 ] 127.0.0.1 /admin/code/index.html
INFO: [ app_init ] --START--
INFO: Run Behavior\BuildLiteBehavior [ RunTime:0.000021s ]
INFO: [ app_init ] --END-- [ RunTime:0.001079s ]
INFO: [ app_begin ] --START--
INFO: Run Behavior\ReadHtmlCacheBehavior [ RunTime:0.001143s ]
INFO: [ app_begin ] --END-- [ RunTime:0.001384s ]
INFO: [ app_end ] --START--
INFO: Run Behavior\ShowPageTraceBehavior [ RunTime:0.001086s ]
INFO: [ app_end ] --END-- [ RunTime:0.001179s ]

[ 2017-08-20T20:47:24+08:00 ] 127.0.0.1 /admin/login/dologin
INFO: [ app_init ] --START--
INFO: Run Behavior\BuildLiteBehavior [ RunTime:0.000028s ]
INFO: [ app_init ] --END-- [ RunTime:0.001412s ]
INFO: [ app_begin ] --START--
INFO: Run Behavior\ReadHtmlCacheBehavior [ RunTime:0.000828s ]
INFO: [ app_begin ] --END-- [ RunTime:0.000905s ]
SQL: SHOW COLUMNS FROM `admin_user` [ RunTime:0.0588s ]
NOTIC: [8] Undefined index: validate D:\wamp\www\tp\ThinkPHP\Library\Think\Model.class.php 第 1185 行.
NOTIC: [8] Undefined index: auto D:\wamp\www\tp\ThinkPHP\Library\Think\Model.class.php 第 1128 行.
INFO: [ view_parse ] --START--
INFO: [ template_filter ] --START--
INFO: Run Behavior\ContentReplaceBehavior [ RunTime:0.000047s ]
INFO: [ template_filter ] --END-- [ RunTime:0.000132s ]
INFO: Run Behavior\ParseTemplateBehavior [ RunTime:0.009248s ]
INFO: [ view_parse ] --END-- [ RunTime:0.009363s ]
INFO: [ view_filter ] --START--
INFO: Run Behavior\WriteHtmlCacheBehavior [ RunTime:0.001037s ]
INFO: [ view_filter ] --END-- [ RunTime:0.001133s ]

[ 2017-08-20T20:47:25+08:00 ] 127.0.0.1 /admin/login/index
INFO: [ app_init ] --START--
INFO: Run Behavior\BuildLiteBehavior [ RunTime:0.000019s ]
INFO: [ app_init ] --END-- [ RunTime:0.000605s ]
INFO: [ app_begin ] --START--
INFO: Run Behavior\ReadHtmlCacheBehavior [ RunTime:0.000876s ]
INFO: [ app_begin ] --END-- [ RunTime:0.001001s ]
INFO: [ view_parse ] --START--
INFO: [ template_filter ] --START--
INFO: Run Behavior\ContentReplaceBehavior [ RunTime:0.000064s ]
INFO: [ template_filter ] --END-- [ RunTime:0.000147s ]
INFO: Run Behavior\ParseTemplateBehavior [ RunTime:0.007952s ]
INFO: [ view_parse ] --END-- [ RunTime:0.008050s ]
INFO: [ view_filter ] --START--
INFO: Run Behavior\WriteHtmlCacheBehavior [ RunTime:0.001138s ]
INFO: [ view_filter ] --END-- [ RunTime:0.001213s ]
INFO: [ app_end ] --START--
INFO: Run Behavior\ShowPageTraceBehavior [ RunTime:0.001213s ]
INFO: [ app_end ] --END-- [ RunTime:0.001323s ]

[ 2017-08-20T20:47:26+08:00 ] 127.0.0.1 /admin/code/index.html
INFO: [ app_init ] --START--
INFO: Run Behavior\BuildLiteBehavior [ RunTime:0.000035s ]
INFO: [ app_init ] --END-- [ RunTime:0.000694s ]
INFO: [ app_begin ] --START--
INFO: Run Behavior\ReadHtmlCacheBehavior [ RunTime:0.000702s ]
INFO: [ app_begin ] --END-- [ RunTime:0.000785s ]
INFO: [ app_end ] --START--
INFO: Run Behavior\ShowPageTraceBehavior [ RunTime:0.000852s ]
INFO: [ app_end ] --END-- [ RunTime:0.000944s ]

[ 2017-08-20T20:47:35+08:00 ] 127.0.0.1 /admin/login/dologin
INFO: [ app_init ] --START--
INFO: Run Behavior\BuildLiteBehavior [ RunTime:0.000017s ]
INFO: [ app_init ] --END-- [ RunTime:0.000645s ]
INFO: [ app_begin ] --START--
INFO: Run Behavior\ReadHtmlCacheBehavior [ RunTime:0.000707s ]
INFO: [ app_begin ] --END-- [ RunTime:0.000801s ]
SQL: SHOW COLUMNS FROM `admin_user` [ RunTime:0.0015s ]
NOTIC: [8] Undefined index: validate D:\wamp\www\tp\ThinkPHP\Library\Think\Model.class.php 第 1185 行.
NOTIC: [8] Undefined index: auto D:\wamp\www\tp\ThinkPHP\Library\Think\Model.class.php 第 1128 行.
SQL: SELECT * FROM `admin_user` WHERE `name` = 'user' LIMIT 1   [ RunTime:0.0028s ]
INFO: [ view_parse ] --START--
INFO: [ template_filter ] --START--
INFO: Run Behavior\ContentReplaceBehavior [ RunTime:0.000066s ]
INFO: [ template_filter ] --END-- [ RunTime:0.000162s ]
INFO: Run Behavior\ParseTemplateBehavior [ RunTime:0.008059s ]
INFO: [ view_parse ] --END-- [ RunTime:0.008194s ]
INFO: [ view_filter ] --START--
INFO: Run Behavior\WriteHtmlCacheBehavior [ RunTime:0.000509s ]
INFO: [ view_filter ] --END-- [ RunTime:0.000569s ]
INFO: [ app_end ] --START--
INFO: Run Behavior\ShowPageTraceBehavior [ RunTime:0.000750s ]
INFO: [ app_end ] --END-- [ RunTime:0.000813s ]

[ 2017-08-20T20:47:36+08:00 ] 127.0.0.1 /admin/index
INFO: [ app_init ] --START--
INFO: Run Behavior\BuildLiteBehavior [ RunTime:0.000017s ]
INFO: [ app_init ] --END-- [ RunTime:0.000510s ]
INFO: [ app_begin ] --START--
INFO: Run Behavior\ReadHtmlCacheBehavior [ RunTime:0.000549s ]
INFO: [ app_begin ] --END-- [ RunTime:0.000621s ]
INFO: [ view_parse ] --START--
INFO: [ template_filter ] --START--
INFO: Run Behavior\ContentReplaceBehavior [ RunTime:0.000070s ]
INFO: [ template_filter ] --END-- [ RunTime:0.000147s ]
INFO: Run Behavior\ParseTemplateBehavior [ RunTime:0.085896s ]
INFO: [ view_parse ] --END-- [ RunTime:0.086116s ]
INFO: [ view_filter ] --START--
INFO: Run Behavior\WriteHtmlCacheBehavior [ RunTime:0.002211s ]
INFO: [ view_filter ] --END-- [ RunTime:0.004278s ]
INFO: [ app_end ] --START--
INFO: Run Behavior\ShowPageTraceBehavior [ RunTime:0.000894s ]
INFO: [ app_end ] --END-- [ RunTime:0.000998s ]

[ 2017-08-20T20:48:54+08:00 ] 127.0.0.1 /admin/business/index.html
INFO: [ app_init ] --START--
INFO: Run Behavior\BuildLiteBehavior [ RunTime:0.000018s ]
INFO: [ app_init ] --END-- [ RunTime:0.000700s ]
INFO: [ app_begin ] --START--
INFO: Run Behavior\ReadHtmlCacheBehavior [ RunTime:0.000969s ]
INFO: [ app_begin ] --END-- [ RunTime:0.001054s ]
INFO: [ view_parse ] --START--
INFO: [ template_filter ] --START--
INFO: Run Behavior\ContentReplaceBehavior [ RunTime:0.000100s ]
INFO: [ template_filter ] --END-- [ RunTime:0.000235s ]
NOTIC: [8] Undefined variable: res D:\wamp\www\tp\project\Runtime\Cache\Admin\9c1ae6df1131429c208bbba51c87564f.php 第 210 行.
NOTIC: [8] Undefined variable: show D:\wamp\www\tp\project\Runtime\Cache\Admin\9c1ae6df1131429c208bbba51c87564f.php 第 242 行.
INFO: Run Behavior\ParseTemplateBehavior [ RunTime:0.042403s ]
INFO: [ view_parse ] --END-- [ RunTime:0.042486s ]
INFO: [ view_filter ] --START--
INFO: Run Behavior\WriteHtmlCacheBehavior [ RunTime:0.000814s ]
INFO: [ view_filter ] --END-- [ RunTime:0.000896s ]
INFO: [ app_end ] --START--
INFO: Run Behavior\ShowPageTraceBehavior [ RunTime:0.002124s ]
INFO: [ app_end ] --END-- [ RunTime:0.002368s ]

